#
# A fatal error has been detected by the Java Runtime Environment:
#
#  EXCEPTION_ACCESS_VIOLATION (0xc0000005) at pc=0x00007ffe914c2080, pid=4896, tid=6212
#
# JRE version: OpenJDK Runtime Environment (11.0.11+9) (build 11.0.11+9-b60-7590822)
# Java VM: OpenJDK 64-Bit Server VM (11.0.11+9-b60-7590822, mixed mode, tiered, compressed oops, g1 gc, windows-amd64)
# Problematic frame:
# V  [jvm.dll+0x192080]
#
# No core dump will be written. Minidumps are not enabled by default on client versions of Windows
#
# If you would like to submit a bug report, please visit:
#   https://bugreport.java.com/bugreport/crash.jsp
#

---------------  S U M M A R Y ------------

Command Line: --add-opens=java.base/java.util=ALL-UNNAMED --add-opens=java.base/java.lang=ALL-UNNAMED --add-opens=java.base/java.lang.invoke=ALL-UNNAMED --add-opens=java.base/java.util=ALL-UNNAMED --add-opens=java.prefs/java.util.prefs=ALL-UNNAMED --add-opens=java.prefs/java.util.prefs=ALL-UNNAMED --add-opens=java.base/java.nio.charset=ALL-UNNAMED --add-opens=java.base/java.net=ALL-UNNAMED --add-opens=java.base/java.util.concurrent.atomic=ALL-UNNAMED -Xmx2048m -Dfile.encoding=UTF-8 -Duser.country=US -Duser.language=en -Duser.variant org.gradle.launcher.daemon.bootstrap.GradleDaemon 7.2

Host: Intel(R) Core(TM) i5-3340M CPU @ 2.70GHz, 4 cores, 3G,  Windows 10 , 64 bit Build 19041 (10.0.19041.1503)
Time: Mon Feb 14 01:16:52 2022 Pakistan Standard Time elapsed time: 211.605605 seconds (0d 0h 3m 31s)

---------------  T H R E A D  ---------------

Current thread (0x0000019e3573a800):  JavaThread "C2 CompilerThread1" daemon [_thread_in_native, id=6212, stack(0x000000239dd00000,0x000000239de00000)]


Current CompileTask:
C2: 211605 10118 %     4       org.objectweb.asm.ClassReader::readCode @ 2185 (5109 bytes)

Stack: [0x000000239dd00000,0x000000239de00000],  sp=0x000000239ddfaea0,  free space=1003k
Native frames: (J=compiled Java code, j=interpreted, Vv=VM code, C=native code)
V  [jvm.dll+0x192080]
V  [jvm.dll+0x519991]
V  [jvm.dll+0x518d87]
V  [jvm.dll+0x508984]
V  [jvm.dll+0x203d53]
V  [jvm.dll+0x1fdbac]
V  [jvm.dll+0x1fb35f]
V  [jvm.dll+0x183d6c]
V  [jvm.dll+0x209a57]
V  [jvm.dll+0x2082a1]
V  [jvm.dll+0x6ef58f]
V  [jvm.dll+0x6e80b5]
V  [jvm.dll+0x5f1036]
C  [ucrtbase.dll+0x21bb2]
C  [KERNEL32.DLL+0x17034]
C  [ntdll.dll+0x52651]


siginfo: EXCEPTION_ACCESS_VIOLATION (0xc0000005), reading address 0x0000009e34ad85f0


Register to memory mapping:

RIP=0x00007ffe914c2080 jvm.dll
RAX=0x0000000000000002 is an unknown value
RBX=0x0000019e34ad8580 points into unknown readable memory: 0x00007ffe91b1b888 | 88 b8 b1 91 fe 7f 00 00
RCX=0x0 is NULL
RDX=0x000000239ddfca10 is pointing into the stack for thread: 0x0000019e3573a800
RSP=0x000000239ddfaea0 is pointing into the stack for thread: 0x0000019e3573a800
RBP=0x0000009e34ad8600 is an unknown value
RSI=0x0000009e34ad85f0 is an unknown value
RDI=0x000000239ddfca10 is pointing into the stack for thread: 0x0000019e3573a800
R8 =0x000000239ddfb3e0 is pointing into the stack for thread: 0x0000019e3573a800
R9 =0x0000000000010000 is an unknown value
R10=0x0000000000000002 is an unknown value
R11=0x000000239ddfae98 is pointing into the stack for thread: 0x0000019e3573a800
R12=0x000000239ddfb3e0 is pointing into the stack for thread: 0x0000019e3573a800
R13=0x0000019e372e33b0 points into unknown readable memory: 0x00007ffe91b18298 | 98 82 b1 91 fe 7f 00 00
R14=0x0000019e372e3aa8 points into unknown readable memory: 0x00007ffe91b2fa40 | 40 fa b2 91 fe 7f 00 00
R15=0x0000000000000030 is an unknown value


Registers:
RAX=0x0000000000000002, RBX=0x0000019e34ad8580, RCX=0x0000000000000000, RDX=0x000000239ddfca10
RSP=0x000000239ddfaea0, RBP=0x0000009e34ad8600, RSI=0x0000009e34ad85f0, RDI=0x000000239ddfca10
R8 =0x000000239ddfb3e0, R9 =0x0000000000010000, R10=0x0000000000000002, R11=0x000000239ddfae98
R12=0x000000239ddfb3e0, R13=0x0000019e372e33b0, R14=0x0000019e372e3aa8, R15=0x0000000000000030
RIP=0x00007ffe914c2080, EFLAGS=0x0000000000010287

Top of Stack: (sp=0x000000239ddfaea0)
0x000000239ddfaea0:   00000000000000ee 000000239ddfb3e0
0x000000239ddfaeb0:   0000000000000000 0000000000000000
0x000000239ddfaec0:   000000239ddfb3e0 000000239ddfb3e0
0x000000239ddfaed0:   0000000000000000 0000000000000000
0x000000239ddfaee0:   0000019e372e33b0 00007ffe91849991
0x000000239ddfaef0:   0000019e372e3aa8 0000019e372e3aa8
0x000000239ddfaf00:   0000000000000030 0000019e372e34a0
0x000000239ddfaf10:   000000239ddfafa8 00007ffe91848d87
0x000000239ddfaf20:   0000019e372e3aa8 0000019e372e33b0
0x000000239ddfaf30:   000000239ddfb010 0000000000000002
0x000000239ddfaf40:   0000000000000000 0000000000000001
0x000000239ddfaf50:   0000000000000002 00007ffe91838984
0x000000239ddfaf60:   000000239ddfb060 0000019e3bd53fe0
0x000000239ddfaf70:   0000019e3bd53fe0 000000239ddfb3e0
0x000000239ddfaf80:   0000019e37dd38b0 0000000000004000
0x000000239ddfaf90:   0000019e380a60a0 0000000000000000 

Instructions: (pc=0x00007ffe914c2080)
0x00007ffe914c1f80:   24 30 48 83 c4 20 5f c3 cc cc cc cc cc cc cc cc
0x00007ffe914c1f90:   48 89 5c 24 08 57 48 83 ec 20 48 8b da 48 8b f9
0x00007ffe914c1fa0:   e8 3b e7 43 00 85 c0 74 19 0f b6 47 40 38 43 40
0x00007ffe914c1fb0:   75 10 b8 01 00 00 00 48 8b 5c 24 30 48 83 c4 20
0x00007ffe914c1fc0:   5f c3 33 c0 48 8b 5c 24 30 48 83 c4 20 5f c3 cc
0x00007ffe914c1fd0:   48 89 5c 24 18 57 41 54 41 55 41 56 41 57 48 83
0x00007ffe914c1fe0:   ec 20 48 8b 41 08 4d 8b e0 48 8b fa 4c 8b f1 48
0x00007ffe914c1ff0:   8b 58 08 4c 8b 28 48 8b 01 ff 10 44 8b f8 4d 85
0x00007ffe914c2000:   ed 75 15 33 c0 48 8b 5c 24 60 48 83 c4 20 41 5f
0x00007ffe914c2010:   41 5e 41 5d 41 5c 5f c3 41 8b 46 2c 83 e0 3f 3c
0x00007ffe914c2020:   34 75 07 41 80 7e 48 00 75 d9 49 8b 46 38 33 c9
0x00007ffe914c2030:   83 78 10 10 48 0f 44 c8 48 85 c9 74 1b 8b 4b 28
0x00007ffe914c2040:   48 8b 47 50 48 8b 14 c8 48 85 d2 74 b6 8b 42 10
0x00007ffe914c2050:   83 e8 11 83 f8 02 76 ab 8b 43 20 48 89 6c 24 50
0x00007ffe914c2060:   48 89 74 24 58 48 8b 73 10 48 8d 2c c6 48 3b f5
0x00007ffe914c2070:   0f 83 d9 00 00 00 66 66 0f 1f 84 00 00 00 00 00
0x00007ffe914c2080:   48 8b 1e 49 3b de 0f 84 b6 00 00 00 83 7b 20 00
0x00007ffe914c2090:   0f 86 ac 00 00 00 48 8b 03 48 8b cb ff 10 41 3b
0x00007ffe914c20a0:   c7 0f 85 9b 00 00 00 48 8b 43 08 48 83 38 00 0f
0x00007ffe914c20b0:   84 8d 00 00 00 48 8b 03 48 8b cb 49 8b 7e 38 ff
0x00007ffe914c20c0:   50 28 48 8b c8 48 8b d7 e8 b3 ec f1 ff 84 c0 74
0x00007ffe914c20d0:   71 48 8b 43 08 4d 8b c5 4d 8b 0c 24 49 8b cc 48
0x00007ffe914c20e0:   8b 10 41 ff 51 20 84 c0 0f 85 80 00 00 00 41 8b
0x00007ffe914c20f0:   46 2c 83 e0 7f 3c 54 75 49 48 8b 53 08 48 8b 4a
0x00007ffe914c2100:   08 8b 41 2c 24 0f 3c 08 75 38 48 8b 41 08 48 8b
0x00007ffe914c2110:   08 8b 41 2c 83 e0 3f 3c 27 75 27 48 8b 12 8b 42
0x00007ffe914c2120:   2c 24 0f 3c 08 75 1b 48 8b 42 08 48 8b 38 8b 47
0x00007ffe914c2130:   2c 83 e0 3f 3c 31 75 0a e8 03 45 1a 00 48 3b c7
0x00007ffe914c2140:   74 2c 48 83 c6 08 48 3b f5 0f 82 31 ff ff ff 33
0x00007ffe914c2150:   c0 48 8b 6c 24 50 48 8b 74 24 58 48 8b 5c 24 60
0x00007ffe914c2160:   48 83 c4 20 41 5f 41 5e 41 5d 41 5c 5f c3 48 8b
0x00007ffe914c2170:   c3 eb de cc cc cc cc cc cc cc cc cc cc cc cc cc 


Stack slot to memory mapping:
stack at sp + 0 slots: 0x00000000000000ee is an unknown value
stack at sp + 1 slots: 0x000000239ddfb3e0 is pointing into the stack for thread: 0x0000019e3573a800
stack at sp + 2 slots: 0x0 is NULL
stack at sp + 3 slots: 0x0 is NULL
stack at sp + 4 slots: 0x000000239ddfb3e0 is pointing into the stack for thread: 0x0000019e3573a800
stack at sp + 5 slots: 0x000000239ddfb3e0 is pointing into the stack for thread: 0x0000019e3573a800
stack at sp + 6 slots: 0x0 is NULL
stack at sp + 7 slots: 0x0 is NULL


---------------  P R O C E S S  ---------------

Threads class SMR info:
_java_thread_list=0x0000019e3a5cfc20, length=77, elements={
0x0000019e19a3a800, 0x0000019e33da5000, 0x0000019e33da9000, 0x0000019e34742000,
0x0000019e34744000, 0x0000019e34746000, 0x0000019e34749000, 0x0000019e3474d800,
0x0000019e33e2d800, 0x0000019e34896800, 0x0000019e36997800, 0x0000019e365fa800,
0x0000019e3659f800, 0x0000019e37126800, 0x0000019e357b2000, 0x0000019e35b83000,
0x0000019e36b1a800, 0x0000019e35d01800, 0x0000019e35d38000, 0x0000019e35d37000,
0x0000019e35d39000, 0x0000019e35d36800, 0x0000019e36e58000, 0x0000019e36e5b800,
0x0000019e36e59800, 0x0000019e36e5a800, 0x0000019e36e5c000, 0x0000019e36e59000,
0x0000019e36e61000, 0x0000019e36e62000, 0x0000019e36e5f800, 0x0000019e36e62800,
0x0000019e36e60000, 0x0000019e36e5d000, 0x0000019e36e63800, 0x0000019e36e64800,
0x0000019e36e65000, 0x0000019e36e66000, 0x0000019e36e66800, 0x0000019e35ab3800,
0x0000019e35ab1000, 0x0000019e35ab4000, 0x0000019e35ab5000, 0x0000019e35ab6000,
0x0000019e35ab0000, 0x0000019e35ab6800, 0x0000019e35ab7800, 0x0000019e35ab1800,
0x0000019e35ab8800, 0x0000019e35ab2800, 0x0000019e35abb800, 0x0000019e35abf000,
0x0000019e35abd000, 0x0000019e35ab9000, 0x0000019e35aba000, 0x0000019e35aba800,
0x0000019e35abc800, 0x0000019e35abe000, 0x0000019e35731800, 0x0000019e3572f800,
0x0000019e35733000, 0x0000019e35734800, 0x0000019e35735800, 0x0000019e35733800,
0x0000019e35736000, 0x0000019e35730800, 0x0000019e35737000, 0x0000019e35738000,
0x0000019e35732000, 0x0000019e35738800, 0x0000019e35739800, 0x0000019e3573d800,
0x0000019e3573e800, 0x0000019e3573b000, 0x0000019e3573c800, 0x0000019e3573a800,
0x0000019e3573c000
}

Java Threads: ( => current thread )
  0x0000019e19a3a800 JavaThread "main" [_thread_blocked, id=8136, stack(0x000000239df00000,0x000000239e000000)]
  0x0000019e33da5000 JavaThread "Reference Handler" daemon [_thread_blocked, id=5820, stack(0x000000239e600000,0x000000239e700000)]
  0x0000019e33da9000 JavaThread "Finalizer" daemon [_thread_blocked, id=6136, stack(0x000000239e700000,0x000000239e800000)]
  0x0000019e34742000 JavaThread "Signal Dispatcher" daemon [_thread_blocked, id=6912, stack(0x000000239e800000,0x000000239e900000)]
  0x0000019e34744000 JavaThread "Attach Listener" daemon [_thread_blocked, id=6904, stack(0x000000239e900000,0x000000239ea00000)]
  0x0000019e34746000 JavaThread "Service Thread" daemon [_thread_blocked, id=6576, stack(0x000000239ea00000,0x000000239eb00000)]
  0x0000019e34749000 JavaThread "C2 CompilerThread0" daemon [_thread_in_native, id=3520, stack(0x000000239eb00000,0x000000239ec00000)]
  0x0000019e3474d800 JavaThread "C1 CompilerThread0" daemon [_thread_blocked, id=8188, stack(0x000000239ec00000,0x000000239ed00000)]
  0x0000019e33e2d800 JavaThread "Sweeper thread" daemon [_thread_blocked, id=2056, stack(0x000000239ed00000,0x000000239ee00000)]
  0x0000019e34896800 JavaThread "Common-Cleaner" daemon [_thread_blocked, id=7024, stack(0x000000239ee00000,0x000000239ef00000)]
  0x0000019e36997800 JavaThread "Daemon health stats" [_thread_blocked, id=1816, stack(0x000000239f200000,0x000000239f300000)]
  0x0000019e365fa800 JavaThread "Incoming local TCP Connector on port 49775" [_thread_in_native, id=436, stack(0x000000239f300000,0x000000239f400000)]
  0x0000019e3659f800 JavaThread "Daemon periodic checks" [_thread_blocked, id=4032, stack(0x000000239f400000,0x000000239f500000)]
  0x0000019e37126800 JavaThread "Daemon" [_thread_blocked, id=4052, stack(0x000000239f500000,0x000000239f600000)]
  0x0000019e357b2000 JavaThread "Handler for socket connection from /127.0.0.1:49775 to /127.0.0.1:49776" [_thread_in_native, id=2764, stack(0x000000239f600000,0x000000239f700000)]
  0x0000019e35b83000 JavaThread "Cancel handler" [_thread_blocked, id=2760, stack(0x000000239f700000,0x000000239f800000)]
  0x0000019e36b1a800 JavaThread "Daemon worker" [_thread_blocked, id=2204, stack(0x000000239f800000,0x000000239f900000)]
  0x0000019e35d01800 JavaThread "Asynchronous log dispatcher for DefaultDaemonConnection: socket connection from /127.0.0.1:49775 to /127.0.0.1:49776" [_thread_blocked, id=4172, stack(0x000000239f900000,0x000000239fa00000)]
  0x0000019e35d38000 JavaThread "Daemon client event forwarder" [_thread_blocked, id=7868, stack(0x000000239fb00000,0x000000239fc00000)]
  0x0000019e35d37000 JavaThread "Cache worker for journal cache (C:\Users\kamra\.gradle\caches\journal-1)" [_thread_in_native, id=5808, stack(0x000000239f000000,0x000000239f100000)]
  0x0000019e35d39000 JavaThread "File lock request listener" [_thread_in_native, id=6656, stack(0x000000239fe00000,0x000000239ff00000)]
  0x0000019e35d36800 JavaThread "Cache worker for file hash cache (C:\Users\kamra\.gradle\caches\7.2\fileHashes)" [_thread_blocked, id=6336, stack(0x000000239ff00000,0x00000023a0000000)]
  0x0000019e36e58000 JavaThread "Cache worker for file hash cache (F:\FYP\V1.1\MyApplication\.gradle\7.2\fileHashes)" [_thread_blocked, id=7564, stack(0x00000023a0100000,0x00000023a0200000)]
  0x0000019e36e5b800 JavaThread "File watcher server" daemon [_thread_in_native, id=6736, stack(0x00000023a0200000,0x00000023a0300000)]
  0x0000019e36e59800 JavaThread "File watcher consumer" daemon [_thread_blocked, id=7968, stack(0x00000023a0300000,0x00000023a0400000)]
  0x0000019e36e5a800 JavaThread "Cache worker for checksums cache (F:\FYP\V1.1\MyApplication\.gradle\checksums)" [_thread_blocked, id=872, stack(0x00000023a0400000,0x00000023a0500000)]
  0x0000019e36e5c000 JavaThread "Cache worker for cache directory md-supplier (C:\Users\kamra\.gradle\caches\7.2\md-supplier)" [_thread_blocked, id=760, stack(0x00000023a0500000,0x00000023a0600000)]
  0x0000019e36e59000 JavaThread "Cache worker for cache directory md-rule (C:\Users\kamra\.gradle\caches\7.2\md-rule)" [_thread_blocked, id=7472, stack(0x00000023a0600000,0x00000023a0700000)]
  0x0000019e36e61000 JavaThread "Cache worker for execution history cache (C:\Users\kamra\.gradle\caches\7.2\executionHistory)" [_thread_blocked, id=1440, stack(0x00000023a0700000,0x00000023a0800000)]
  0x0000019e36e62000 JavaThread "jar transforms" [_thread_in_Java, id=868, stack(0x00000023a0800000,0x00000023a0900000)]
  0x0000019e36e5f800 JavaThread "Cache worker for file content cache (C:\Users\kamra\.gradle\caches\7.2\fileContent)" [_thread_blocked, id=8084, stack(0x00000023a0900000,0x00000023a0a00000)]
  0x0000019e36e62800 JavaThread "jar transforms Thread 2" [_thread_in_native, id=7040, stack(0x00000023a0a00000,0x00000023a0b00000)]
  0x0000019e36e60000 JavaThread "Cache worker for dependencies-accessors (F:\FYP\V1.1\MyApplication\.gradle\7.2\dependencies-accessors)" [_thread_blocked, id=7664, stack(0x00000023a0b00000,0x00000023a0c00000)]
  0x0000019e36e5d000 JavaThread "jar transforms Thread 3" [_thread_in_native, id=4628, stack(0x00000023a0c00000,0x00000023a0d00000)]
  0x0000019e36e63800 JavaThread "Cache worker for Build Output Cleanup Cache (F:\FYP\V1.1\MyApplication\.gradle\buildOutputCleanup)" [_thread_blocked, id=6388, stack(0x00000023a0d00000,0x00000023a0e00000)]
  0x0000019e36e64800 JavaThread "Unconstrained build operations" [_thread_blocked, id=7856, stack(0x00000023a0e00000,0x00000023a0f00000)]
  0x0000019e36e65000 JavaThread "Unconstrained build operations Thread 2" [_thread_blocked, id=2280, stack(0x00000023a0f00000,0x00000023a1000000)]
  0x0000019e36e66000 JavaThread "Unconstrained build operations Thread 3" [_thread_blocked, id=2492, stack(0x00000023a1000000,0x00000023a1100000)]
  0x0000019e36e66800 JavaThread "Unconstrained build operations Thread 4" [_thread_blocked, id=820, stack(0x00000023a1100000,0x00000023a1200000)]
  0x0000019e35ab3800 JavaThread "Unconstrained build operations Thread 5" [_thread_blocked, id=1384, stack(0x00000023a1200000,0x00000023a1300000)]
  0x0000019e35ab1000 JavaThread "Unconstrained build operations Thread 6" [_thread_blocked, id=1136, stack(0x000000239dc00000,0x000000239dd00000)]
  0x0000019e35ab4000 JavaThread "Unconstrained build operations Thread 7" [_thread_blocked, id=960, stack(0x00000023a1300000,0x00000023a1400000)]
  0x0000019e35ab5000 JavaThread "Unconstrained build operations Thread 8" [_thread_blocked, id=1160, stack(0x00000023a1400000,0x00000023a1500000)]
  0x0000019e35ab6000 JavaThread "Unconstrained build operations Thread 9" [_thread_blocked, id=1156, stack(0x00000023a1500000,0x00000023a1600000)]
  0x0000019e35ab0000 JavaThread "Unconstrained build operations Thread 10" [_thread_blocked, id=4904, stack(0x00000023a1600000,0x00000023a1700000)]
  0x0000019e35ab6800 JavaThread "Unconstrained build operations Thread 11" [_thread_blocked, id=2420, stack(0x00000023a1700000,0x00000023a1800000)]
  0x0000019e35ab7800 JavaThread "Unconstrained build operations Thread 12" [_thread_blocked, id=200, stack(0x00000023a1a00000,0x00000023a1b00000)]
  0x0000019e35ab1800 JavaThread "Unconstrained build operations Thread 13" [_thread_blocked, id=3684, stack(0x00000023a1b00000,0x00000023a1c00000)]
  0x0000019e35ab8800 JavaThread "Unconstrained build operations Thread 14" [_thread_blocked, id=832, stack(0x00000023a1c00000,0x00000023a1d00000)]
  0x0000019e35ab2800 JavaThread "Unconstrained build operations Thread 15" [_thread_blocked, id=656, stack(0x00000023a1d00000,0x00000023a1e00000)]
  0x0000019e35abb800 JavaThread "Unconstrained build operations Thread 16" [_thread_blocked, id=5036, stack(0x00000023a1e00000,0x00000023a1f00000)]
  0x0000019e35abf000 JavaThread "Unconstrained build operations Thread 17" [_thread_blocked, id=4232, stack(0x00000023a1f00000,0x00000023a2000000)]
  0x0000019e35abd000 JavaThread "Unconstrained build operations Thread 18" [_thread_blocked, id=2668, stack(0x00000023a2000000,0x00000023a2100000)]
  0x0000019e35ab9000 JavaThread "Unconstrained build operations Thread 19" [_thread_blocked, id=2272, stack(0x00000023a2100000,0x00000023a2200000)]
  0x0000019e35aba000 JavaThread "Unconstrained build operations Thread 20" [_thread_blocked, id=5816, stack(0x00000023a2200000,0x00000023a2300000)]
  0x0000019e35aba800 JavaThread "Unconstrained build operations Thread 21" [_thread_blocked, id=5688, stack(0x00000023a2300000,0x00000023a2400000)]
  0x0000019e35abc800 JavaThread "Unconstrained build operations Thread 22" [_thread_blocked, id=7204, stack(0x00000023a2400000,0x00000023a2500000)]
  0x0000019e35abe000 JavaThread "Unconstrained build operations Thread 23" [_thread_blocked, id=5996, stack(0x00000023a2500000,0x00000023a2600000)]
  0x0000019e35731800 JavaThread "Unconstrained build operations Thread 24" [_thread_blocked, id=6084, stack(0x00000023a2600000,0x00000023a2700000)]
  0x0000019e3572f800 JavaThread "Unconstrained build operations Thread 25" [_thread_blocked, id=7684, stack(0x00000023a2700000,0x00000023a2800000)]
  0x0000019e35733000 JavaThread "Unconstrained build operations Thread 26" [_thread_blocked, id=7276, stack(0x00000023a2800000,0x00000023a2900000)]
  0x0000019e35734800 JavaThread "Unconstrained build operations Thread 27" [_thread_blocked, id=6352, stack(0x00000023a2900000,0x00000023a2a00000)]
  0x0000019e35735800 JavaThread "Unconstrained build operations Thread 28" [_thread_blocked, id=7732, stack(0x00000023a2a00000,0x00000023a2b00000)]
  0x0000019e35733800 JavaThread "Unconstrained build operations Thread 29" [_thread_blocked, id=6140, stack(0x00000023a2b00000,0x00000023a2c00000)]
  0x0000019e35736000 JavaThread "Unconstrained build operations Thread 30" [_thread_blocked, id=5972, stack(0x00000023a2c00000,0x00000023a2d00000)]
  0x0000019e35730800 JavaThread "Unconstrained build operations Thread 31" [_thread_blocked, id=5172, stack(0x00000023a2d00000,0x00000023a2e00000)]
  0x0000019e35737000 JavaThread "Unconstrained build operations Thread 32" [_thread_blocked, id=7800, stack(0x00000023a2e00000,0x00000023a2f00000)]
  0x0000019e35738000 JavaThread "Unconstrained build operations Thread 33" [_thread_blocked, id=7432, stack(0x00000023a2f00000,0x00000023a3000000)]
  0x0000019e35732000 JavaThread "Unconstrained build operations Thread 34" [_thread_blocked, id=2364, stack(0x00000023a3000000,0x00000023a3100000)]
  0x0000019e35738800 JavaThread "Unconstrained build operations Thread 35" [_thread_blocked, id=6240, stack(0x00000023a3100000,0x00000023a3200000)]
  0x0000019e35739800 JavaThread "Unconstrained build operations Thread 36" [_thread_blocked, id=7456, stack(0x00000023a3200000,0x00000023a3300000)]
  0x0000019e3573d800 JavaThread "Unconstrained build operations Thread 37" [_thread_blocked, id=6412, stack(0x00000023a3300000,0x00000023a3400000)]
  0x0000019e3573e800 JavaThread "Unconstrained build operations Thread 38" [_thread_blocked, id=6508, stack(0x00000023a3400000,0x00000023a3500000)]
  0x0000019e3573b000 JavaThread "Unconstrained build operations Thread 39" [_thread_blocked, id=6504, stack(0x00000023a3500000,0x00000023a3600000)]
  0x0000019e3573c800 JavaThread "Unconstrained build operations Thread 40" [_thread_blocked, id=6484, stack(0x00000023a3600000,0x00000023a3700000)]
=>0x0000019e3573a800 JavaThread "C2 CompilerThread1" daemon [_thread_in_native, id=6212, stack(0x000000239dd00000,0x000000239de00000)]
  0x0000019e3573c000 JavaThread "jar transforms Thread 4" [_thread_in_Java, id=6884, stack(0x000000239de00000,0x000000239df00000)]

Other Threads:
  0x0000019e33da1000 VMThread "VM Thread" [stack: 0x000000239e500000,0x000000239e600000] [id=5824]
  0x0000019e348cc000 WatcherThread [stack: 0x000000239ef00000,0x000000239f000000] [id=7260]
  0x0000019e19a52800 GCTaskThread "GC Thread#0" [stack: 0x000000239e000000,0x000000239e100000] [id=5956]
  0x0000019e34af6000 GCTaskThread "GC Thread#1" [stack: 0x000000239f100000,0x000000239f200000] [id=6880]
  0x0000019e36b9c000 GCTaskThread "GC Thread#2" [stack: 0x000000239fc00000,0x000000239fd00000] [id=3356]
  0x0000019e38288000 GCTaskThread "GC Thread#3" [stack: 0x000000239fd00000,0x000000239fe00000] [id=3332]
  0x0000019e19a82000 ConcurrentGCThread "G1 Main Marker" [stack: 0x000000239e100000,0x000000239e200000] [id=4148]
  0x0000019e19a84000 ConcurrentGCThread "G1 Conc#0" [stack: 0x000000239e200000,0x000000239e300000] [id=5964]
  0x0000019e19add800 ConcurrentGCThread "G1 Refine#0" [stack: 0x000000239e300000,0x000000239e400000] [id=6276]
  0x0000019e19ade800 ConcurrentGCThread "G1 Young RemSet Sampling" [stack: 0x000000239e400000,0x000000239e500000] [id=6064]

Threads with active compile tasks:
C2 CompilerThread0 211684 10115       4       org.objectweb.asm.MethodWriter::visitFrame (811 bytes)
C2 CompilerThread1 211684 10118 %     4       org.objectweb.asm.ClassReader::readCode @ 2185 (5109 bytes)

VM state:not at safepoint (normal execution)

VM Mutex/Monitor currently owned by a thread: None

Heap address: 0x0000000080000000, size: 2048 MB, Compressed Oops mode: 32-bit
Narrow klass base: 0x0000000000000000, Narrow klass shift: 3
Compressed class space size: 1073741824 Address: 0x0000000100000000

Heap:
 garbage-first heap   total 133120K, used 90193K [0x0000000080000000, 0x0000000100000000)
  region size 1024K, 48 young (49152K), 5 survivors (5120K)
 Metaspace       used 64693K, capacity 66106K, committed 66456K, reserved 1107968K
  class space    used 7933K, capacity 8460K, committed 8600K, reserved 1048576K
Heap Regions: E=young(eden), S=young(survivor), O=old, HS=humongous(starts), HC=humongous(continues), CS=collection set, F=free, A=archive, TAMS=top-at-mark-start (previous, next)
|   0|0x0000000080000000, 0x0000000080100000, 0x0000000080100000|100%| O|  |TAMS 0x0000000080100000, 0x0000000080000000| Untracked 
|   1|0x0000000080100000, 0x0000000080200000, 0x0000000080200000|100%| O|  |TAMS 0x0000000080200000, 0x0000000080100000| Untracked 
|   2|0x0000000080200000, 0x0000000080300000, 0x0000000080300000|100%| O|  |TAMS 0x0000000080300000, 0x0000000080200000| Untracked 
|   3|0x0000000080300000, 0x0000000080400000, 0x0000000080400000|100%|HS|  |TAMS 0x0000000080400000, 0x0000000080300000| Complete 
|   4|0x0000000080400000, 0x0000000080500000, 0x0000000080500000|100%|HC|  |TAMS 0x0000000080500000, 0x0000000080400000| Complete 
|   5|0x0000000080500000, 0x0000000080600000, 0x0000000080600000|100%|HC|  |TAMS 0x0000000080600000, 0x0000000080500000| Complete 
|   6|0x0000000080600000, 0x0000000080700000, 0x0000000080700000|100%| O|  |TAMS 0x0000000080700000, 0x0000000080600000| Untracked 
|   7|0x0000000080700000, 0x0000000080800000, 0x0000000080800000|100%| O|  |TAMS 0x0000000080800000, 0x0000000080700000| Untracked 
|   8|0x0000000080800000, 0x0000000080900000, 0x0000000080900000|100%| O|  |TAMS 0x0000000080900000, 0x0000000080800000| Untracked 
|   9|0x0000000080900000, 0x0000000080a00000, 0x0000000080a00000|100%| O|  |TAMS 0x0000000080a00000, 0x0000000080900000| Untracked 
|  10|0x0000000080a00000, 0x0000000080b00000, 0x0000000080b00000|100%| O|  |TAMS 0x0000000080b00000, 0x0000000080a00000| Untracked 
|  11|0x0000000080b00000, 0x0000000080c00000, 0x0000000080c00000|100%| O|  |TAMS 0x0000000080c00000, 0x0000000080b00000| Untracked 
|  12|0x0000000080c00000, 0x0000000080d00000, 0x0000000080d00000|100%| O|  |TAMS 0x0000000080d00000, 0x0000000080c00000| Untracked 
|  13|0x0000000080d00000, 0x0000000080e00000, 0x0000000080e00000|100%| O|  |TAMS 0x0000000080e00000, 0x0000000080d00000| Untracked 
|  14|0x0000000080e00000, 0x0000000080f00000, 0x0000000080f00000|100%| O|  |TAMS 0x0000000080f00000, 0x0000000080e00000| Untracked 
|  15|0x0000000080f00000, 0x0000000081000000, 0x0000000081000000|100%| O|  |TAMS 0x0000000081000000, 0x0000000080f00000| Untracked 
|  16|0x0000000081000000, 0x0000000081100000, 0x0000000081100000|100%| O|  |TAMS 0x0000000081100000, 0x0000000081000000| Untracked 
|  17|0x0000000081100000, 0x0000000081200000, 0x0000000081200000|100%| O|  |TAMS 0x0000000081200000, 0x0000000081100000| Untracked 
|  18|0x0000000081200000, 0x0000000081300000, 0x0000000081300000|100%| O|  |TAMS 0x0000000081300000, 0x0000000081200000| Untracked 
|  19|0x0000000081300000, 0x0000000081400000, 0x0000000081400000|100%| O|  |TAMS 0x0000000081400000, 0x0000000081300000| Untracked 
|  20|0x0000000081400000, 0x0000000081500000, 0x0000000081500000|100%| O|  |TAMS 0x0000000081500000, 0x0000000081400000| Untracked 
|  21|0x0000000081500000, 0x0000000081600000, 0x0000000081600000|100%| O|  |TAMS 0x0000000081600000, 0x0000000081500000| Untracked 
|  22|0x0000000081600000, 0x0000000081700000, 0x0000000081700000|100%| O|  |TAMS 0x0000000081700000, 0x0000000081600000| Untracked 
|  23|0x0000000081700000, 0x0000000081800000, 0x0000000081800000|100%| O|  |TAMS 0x0000000081800000, 0x0000000081700000| Untracked 
|  24|0x0000000081800000, 0x0000000081900000, 0x0000000081900000|100%| O|  |TAMS 0x0000000081900000, 0x0000000081800000| Untracked 
|  25|0x0000000081900000, 0x0000000081a00000, 0x0000000081a00000|100%| O|  |TAMS 0x0000000081a00000, 0x0000000081900000| Untracked 
|  26|0x0000000081a00000, 0x0000000081b00000, 0x0000000081b00000|100%| O|  |TAMS 0x0000000081b00000, 0x0000000081a00000| Untracked 
|  27|0x0000000081b00000, 0x0000000081c00000, 0x0000000081c00000|100%| O|  |TAMS 0x0000000081c00000, 0x0000000081b00000| Untracked 
|  28|0x0000000081c00000, 0x0000000081d00000, 0x0000000081d00000|100%| O|  |TAMS 0x0000000081d00000, 0x0000000081c00000| Untracked 
|  29|0x0000000081d00000, 0x0000000081e00000, 0x0000000081e00000|100%| O|  |TAMS 0x0000000081e00000, 0x0000000081d00000| Untracked 
|  30|0x0000000081e00000, 0x0000000081f00000, 0x0000000081f00000|100%| O|  |TAMS 0x0000000081f00000, 0x0000000081e00000| Untracked 
|  31|0x0000000081f00000, 0x0000000082000000, 0x0000000082000000|100%| O|  |TAMS 0x0000000082000000, 0x0000000081f00000| Untracked 
|  32|0x0000000082000000, 0x0000000082100000, 0x0000000082100000|100%| O|  |TAMS 0x0000000082100000, 0x0000000082000000| Untracked 
|  33|0x0000000082100000, 0x0000000082200000, 0x0000000082200000|100%| O|  |TAMS 0x000000008215ee00, 0x0000000082100000| Untracked 
|  34|0x0000000082200000, 0x0000000082300000, 0x0000000082300000|100%| O|  |TAMS 0x0000000082200000, 0x0000000082200000| Untracked 
|  35|0x0000000082300000, 0x0000000082400000, 0x0000000082400000|100%| O|  |TAMS 0x0000000082300000, 0x0000000082300000| Untracked 
|  36|0x0000000082400000, 0x0000000082500000, 0x0000000082500000|100%| O|  |TAMS 0x0000000082400000, 0x0000000082400000| Untracked 
|  37|0x0000000082500000, 0x0000000082600000, 0x0000000082600000|100%| O|  |TAMS 0x0000000082500000, 0x0000000082500000| Untracked 
|  38|0x0000000082600000, 0x0000000082700000, 0x0000000082700000|100%|HS|  |TAMS 0x0000000082600000, 0x0000000082600000| Complete 
|  39|0x0000000082700000, 0x0000000082783a00, 0x0000000082800000| 51%| O|  |TAMS 0x0000000082700000, 0x0000000082700000| Untracked 
|  40|0x0000000082800000, 0x0000000082900000, 0x0000000082900000|100%|HS|  |TAMS 0x0000000082800000, 0x0000000082800000| Complete 
|  41|0x0000000082900000, 0x0000000082a00000, 0x0000000082a00000|100%|HS|  |TAMS 0x0000000082900000, 0x0000000082900000| Complete 
|  42|0x0000000082a00000, 0x0000000082b00000, 0x0000000082b00000|100%|HS|  |TAMS 0x0000000082a00000, 0x0000000082a00000| Complete 
|  43|0x0000000082b00000, 0x0000000082b00000, 0x0000000082c00000|  0%| F|  |TAMS 0x0000000082b00000, 0x0000000082b00000| Untracked 
|  44|0x0000000082c00000, 0x0000000082c00000, 0x0000000082d00000|  0%| F|  |TAMS 0x0000000082c00000, 0x0000000082c00000| Untracked 
|  45|0x0000000082d00000, 0x0000000082d00000, 0x0000000082e00000|  0%| F|  |TAMS 0x0000000082d00000, 0x0000000082d00000| Untracked 
|  46|0x0000000082e00000, 0x0000000082e00000, 0x0000000082f00000|  0%| F|  |TAMS 0x0000000082e00000, 0x0000000082e00000| Untracked 
|  47|0x0000000082f00000, 0x0000000082f00000, 0x0000000083000000|  0%| F|  |TAMS 0x0000000082f00000, 0x0000000082f00000| Untracked 
|  48|0x0000000083000000, 0x0000000083000000, 0x0000000083100000|  0%| F|  |TAMS 0x0000000083000000, 0x0000000083000000| Untracked 
|  49|0x0000000083100000, 0x0000000083100000, 0x0000000083200000|  0%| F|  |TAMS 0x0000000083100000, 0x0000000083100000| Untracked 
|  50|0x0000000083200000, 0x0000000083200000, 0x0000000083300000|  0%| F|  |TAMS 0x0000000083200000, 0x0000000083200000| Untracked 
|  51|0x0000000083300000, 0x0000000083300000, 0x0000000083400000|  0%| F|  |TAMS 0x0000000083300000, 0x0000000083300000| Untracked 
|  52|0x0000000083400000, 0x0000000083400000, 0x0000000083500000|  0%| F|  |TAMS 0x0000000083400000, 0x0000000083400000| Untracked 
|  53|0x0000000083500000, 0x0000000083500000, 0x0000000083600000|  0%| F|  |TAMS 0x0000000083500000, 0x0000000083500000| Untracked 
|  54|0x0000000083600000, 0x0000000083690ac8, 0x0000000083700000| 56%| S|CS|TAMS 0x0000000083600000, 0x0000000083600000| Complete 
|  55|0x0000000083700000, 0x0000000083700000, 0x0000000083800000|  0%| F|  |TAMS 0x0000000083700000, 0x0000000083700000| Untracked 
|  56|0x0000000083800000, 0x0000000083800000, 0x0000000083900000|  0%| F|  |TAMS 0x0000000083800000, 0x0000000083800000| Untracked 
|  57|0x0000000083900000, 0x0000000083a00000, 0x0000000083a00000|100%| S|CS|TAMS 0x0000000083900000, 0x0000000083900000| Complete 
|  58|0x0000000083a00000, 0x0000000083b00000, 0x0000000083b00000|100%| S|CS|TAMS 0x0000000083a00000, 0x0000000083a00000| Complete 
|  59|0x0000000083b00000, 0x0000000083c00000, 0x0000000083c00000|100%| S|CS|TAMS 0x0000000083b00000, 0x0000000083b00000| Complete 
|  60|0x0000000083c00000, 0x0000000083d00000, 0x0000000083d00000|100%| S|CS|TAMS 0x0000000083c00000, 0x0000000083c00000| Complete 
|  61|0x0000000083d00000, 0x0000000083d00000, 0x0000000083e00000|  0%| F|  |TAMS 0x0000000083d00000, 0x0000000083d00000| Untracked 
|  62|0x0000000083e00000, 0x0000000083e00000, 0x0000000083f00000|  0%| F|  |TAMS 0x0000000083e00000, 0x0000000083e00000| Untracked 
|  63|0x0000000083f00000, 0x0000000083f00000, 0x0000000084000000|  0%| F|  |TAMS 0x0000000083f00000, 0x0000000083f00000| Untracked 
|  64|0x0000000084000000, 0x0000000084000000, 0x0000000084100000|  0%| F|  |TAMS 0x0000000084000000, 0x0000000084000000| Untracked 
|  65|0x0000000084100000, 0x0000000084100000, 0x0000000084200000|  0%| F|  |TAMS 0x0000000084100000, 0x0000000084100000| Untracked 
|  66|0x0000000084200000, 0x0000000084200000, 0x0000000084300000|  0%| F|  |TAMS 0x0000000084200000, 0x0000000084200000| Untracked 
|  67|0x0000000084300000, 0x0000000084300000, 0x0000000084400000|  0%| F|  |TAMS 0x0000000084300000, 0x0000000084300000| Untracked 
|  68|0x0000000084400000, 0x0000000084400000, 0x0000000084500000|  0%| F|  |TAMS 0x0000000084400000, 0x0000000084400000| Untracked 
|  69|0x0000000084500000, 0x0000000084500000, 0x0000000084600000|  0%| F|  |TAMS 0x0000000084500000, 0x0000000084500000| Untracked 
|  70|0x0000000084600000, 0x0000000084600000, 0x0000000084700000|  0%| F|  |TAMS 0x0000000084600000, 0x0000000084600000| Untracked 
|  71|0x0000000084700000, 0x0000000084700000, 0x0000000084800000|  0%| F|  |TAMS 0x0000000084700000, 0x0000000084700000| Untracked 
|  72|0x0000000084800000, 0x0000000084800000, 0x0000000084900000|  0%| F|  |TAMS 0x0000000084800000, 0x0000000084800000| Untracked 
|  73|0x0000000084900000, 0x0000000084900000, 0x0000000084a00000|  0%| F|  |TAMS 0x0000000084900000, 0x0000000084900000| Untracked 
|  74|0x0000000084a00000, 0x0000000084a00000, 0x0000000084b00000|  0%| F|  |TAMS 0x0000000084a00000, 0x0000000084a00000| Untracked 
|  75|0x0000000084b00000, 0x0000000084b00000, 0x0000000084c00000|  0%| F|  |TAMS 0x0000000084b00000, 0x0000000084b00000| Untracked 
|  76|0x0000000084c00000, 0x0000000084c00000, 0x0000000084d00000|  0%| F|  |TAMS 0x0000000084c00000, 0x0000000084c00000| Untracked 
|  77|0x0000000084d00000, 0x0000000084d00000, 0x0000000084e00000|  0%| F|  |TAMS 0x0000000084d00000, 0x0000000084d00000| Untracked 
|  78|0x0000000084e00000, 0x0000000084e00000, 0x0000000084f00000|  0%| F|  |TAMS 0x0000000084e00000, 0x0000000084e00000| Untracked 
|  79|0x0000000084f00000, 0x0000000084f00000, 0x0000000085000000|  0%| F|  |TAMS 0x0000000084f00000, 0x0000000084f00000| Untracked 
|  80|0x0000000085000000, 0x0000000085000000, 0x0000000085100000|  0%| F|  |TAMS 0x0000000085000000, 0x0000000085000000| Untracked 
|  81|0x0000000085100000, 0x0000000085100000, 0x0000000085200000|  0%| F|  |TAMS 0x0000000085100000, 0x0000000085100000| Untracked 
|  82|0x0000000085200000, 0x0000000085200000, 0x0000000085300000|  0%| F|  |TAMS 0x0000000085200000, 0x0000000085200000| Untracked 
|  83|0x0000000085300000, 0x0000000085300000, 0x0000000085400000|  0%| F|  |TAMS 0x0000000085300000, 0x0000000085300000| Untracked 
|  84|0x0000000085400000, 0x0000000085400000, 0x0000000085500000|  0%| F|  |TAMS 0x0000000085400000, 0x0000000085400000| Untracked 
|  85|0x0000000085500000, 0x0000000085500000, 0x0000000085600000|  0%| F|  |TAMS 0x0000000085500000, 0x0000000085500000| Untracked 
|  86|0x0000000085600000, 0x00000000856cea50, 0x0000000085700000| 80%| E|  |TAMS 0x0000000085600000, 0x0000000085600000| Complete 
|  87|0x0000000085700000, 0x0000000085800000, 0x0000000085800000|100%| E|CS|TAMS 0x0000000085700000, 0x0000000085700000| Complete 
|  88|0x0000000085800000, 0x0000000085900000, 0x0000000085900000|100%| E|CS|TAMS 0x0000000085800000, 0x0000000085800000| Complete 
|  89|0x0000000085900000, 0x0000000085a00000, 0x0000000085a00000|100%| E|CS|TAMS 0x0000000085900000, 0x0000000085900000| Complete 
|  90|0x0000000085a00000, 0x0000000085b00000, 0x0000000085b00000|100%| E|CS|TAMS 0x0000000085a00000, 0x0000000085a00000| Complete 
|  91|0x0000000085b00000, 0x0000000085c00000, 0x0000000085c00000|100%| E|CS|TAMS 0x0000000085b00000, 0x0000000085b00000| Complete 
|  92|0x0000000085c00000, 0x0000000085d00000, 0x0000000085d00000|100%| E|CS|TAMS 0x0000000085c00000, 0x0000000085c00000| Complete 
|  93|0x0000000085d00000, 0x0000000085e00000, 0x0000000085e00000|100%| E|CS|TAMS 0x0000000085d00000, 0x0000000085d00000| Complete 
|  94|0x0000000085e00000, 0x0000000085f00000, 0x0000000085f00000|100%| E|CS|TAMS 0x0000000085e00000, 0x0000000085e00000| Complete 
|  95|0x0000000085f00000, 0x0000000086000000, 0x0000000086000000|100%| E|CS|TAMS 0x0000000085f00000, 0x0000000085f00000| Complete 
|  96|0x0000000086000000, 0x0000000086100000, 0x0000000086100000|100%| E|CS|TAMS 0x0000000086000000, 0x0000000086000000| Complete 
|  97|0x0000000086100000, 0x0000000086200000, 0x0000000086200000|100%| E|CS|TAMS 0x0000000086100000, 0x0000000086100000| Complete 
|  98|0x0000000086200000, 0x0000000086300000, 0x0000000086300000|100%| E|CS|TAMS 0x0000000086200000, 0x0000000086200000| Complete 
|  99|0x0000000086300000, 0x0000000086400000, 0x0000000086400000|100%| E|CS|TAMS 0x0000000086300000, 0x0000000086300000| Complete 
| 100|0x0000000086400000, 0x0000000086500000, 0x0000000086500000|100%| E|CS|TAMS 0x0000000086400000, 0x0000000086400000| Complete 
| 101|0x0000000086500000, 0x0000000086600000, 0x0000000086600000|100%| E|CS|TAMS 0x0000000086500000, 0x0000000086500000| Complete 
| 102|0x0000000086600000, 0x0000000086700000, 0x0000000086700000|100%| E|CS|TAMS 0x0000000086600000, 0x0000000086600000| Complete 
| 103|0x0000000086700000, 0x0000000086800000, 0x0000000086800000|100%| E|CS|TAMS 0x0000000086700000, 0x0000000086700000| Complete 
| 104|0x0000000086800000, 0x0000000086900000, 0x0000000086900000|100%| E|CS|TAMS 0x0000000086800000, 0x0000000086800000| Complete 
| 105|0x0000000086900000, 0x0000000086a00000, 0x0000000086a00000|100%| E|CS|TAMS 0x0000000086900000, 0x0000000086900000| Complete 
| 106|0x0000000086a00000, 0x0000000086b00000, 0x0000000086b00000|100%| E|  |TAMS 0x0000000086a00000, 0x0000000086a00000| Complete 
| 107|0x0000000086b00000, 0x0000000086c00000, 0x0000000086c00000|100%| E|CS|TAMS 0x0000000086b00000, 0x0000000086b00000| Complete 
| 108|0x0000000086c00000, 0x0000000086d00000, 0x0000000086d00000|100%| E|CS|TAMS 0x0000000086c00000, 0x0000000086c00000| Complete 
| 109|0x0000000086d00000, 0x0000000086e00000, 0x0000000086e00000|100%| E|CS|TAMS 0x0000000086d00000, 0x0000000086d00000| Complete 
| 110|0x0000000086e00000, 0x0000000086f00000, 0x0000000086f00000|100%| E|CS|TAMS 0x0000000086e00000, 0x0000000086e00000| Complete 
| 111|0x0000000086f00000, 0x0000000087000000, 0x0000000087000000|100%| E|CS|TAMS 0x0000000086f00000, 0x0000000086f00000| Complete 
| 112|0x0000000087000000, 0x0000000087100000, 0x0000000087100000|100%| E|CS|TAMS 0x0000000087000000, 0x0000000087000000| Complete 
| 113|0x0000000087100000, 0x0000000087200000, 0x0000000087200000|100%| E|CS|TAMS 0x0000000087100000, 0x0000000087100000| Complete 
| 114|0x0000000087200000, 0x0000000087300000, 0x0000000087300000|100%| E|CS|TAMS 0x0000000087200000, 0x0000000087200000| Complete 
| 115|0x0000000087300000, 0x0000000087400000, 0x0000000087400000|100%| E|CS|TAMS 0x0000000087300000, 0x0000000087300000| Complete 
| 116|0x0000000087400000, 0x0000000087500000, 0x0000000087500000|100%| E|CS|TAMS 0x0000000087400000, 0x0000000087400000| Complete 
| 117|0x0000000087500000, 0x0000000087600000, 0x0000000087600000|100%| E|CS|TAMS 0x0000000087500000, 0x0000000087500000| Complete 
| 118|0x0000000087600000, 0x0000000087700000, 0x0000000087700000|100%| E|CS|TAMS 0x0000000087600000, 0x0000000087600000| Complete 
| 119|0x0000000087700000, 0x0000000087800000, 0x0000000087800000|100%| E|CS|TAMS 0x0000000087700000, 0x0000000087700000| Complete 
| 120|0x0000000087800000, 0x0000000087900000, 0x0000000087900000|100%| E|CS|TAMS 0x0000000087800000, 0x0000000087800000| Complete 
| 121|0x0000000087900000, 0x0000000087a00000, 0x0000000087a00000|100%| E|CS|TAMS 0x0000000087900000, 0x0000000087900000| Complete 
| 122|0x0000000087a00000, 0x0000000087b00000, 0x0000000087b00000|100%| E|CS|TAMS 0x0000000087a00000, 0x0000000087a00000| Complete 
| 123|0x0000000087b00000, 0x0000000087c00000, 0x0000000087c00000|100%| E|CS|TAMS 0x0000000087b00000, 0x0000000087b00000| Complete 
| 124|0x0000000087c00000, 0x0000000087d00000, 0x0000000087d00000|100%| E|CS|TAMS 0x0000000087c00000, 0x0000000087c00000| Complete 
| 125|0x0000000087d00000, 0x0000000087e00000, 0x0000000087e00000|100%| E|CS|TAMS 0x0000000087d00000, 0x0000000087d00000| Complete 
| 126|0x0000000087e00000, 0x0000000087f00000, 0x0000000087f00000|100%| E|CS|TAMS 0x0000000087e00000, 0x0000000087e00000| Complete 
| 127|0x0000000087f00000, 0x0000000088000000, 0x0000000088000000|100%| E|CS|TAMS 0x0000000087f00000, 0x0000000087f00000| Complete 
| 128|0x0000000088000000, 0x0000000088100000, 0x0000000088100000|100%| E|CS|TAMS 0x0000000088000000, 0x0000000088000000| Complete 
| 129|0x0000000088100000, 0x0000000088200000, 0x0000000088200000|100%| E|CS|TAMS 0x0000000088100000, 0x0000000088100000| Complete 

Card table byte_map: [0x0000019e2cfa0000,0x0000019e2d3a0000] _byte_map_base: 0x0000019e2cba0000

Marking Bits (Prev, Next): (CMBitMap*) 0x0000019e19a79438, (CMBitMap*) 0x0000019e19a79470
 Prev Bits: [0x0000019e2d7a0000, 0x0000019e2f7a0000)
 Next Bits: [0x0000019e2f7a0000, 0x0000019e317a0000)

Polling page: 0x0000019e1d540000

Metaspace:

Usage:
  Non-class:     56.29 MB capacity,    55.43 MB ( 98%) used,   723.14 KB (  1%) free+waste,   163.75 KB ( <1%) overhead. 
      Class:      8.26 MB capacity,     7.75 MB ( 94%) used,   452.12 KB (  5%) free+waste,    73.94 KB ( <1%) overhead. 
       Both:     64.56 MB capacity,    63.18 MB ( 98%) used,     1.15 MB (  2%) free+waste,   237.69 KB ( <1%) overhead. 

Virtual space:
  Non-class space:       58.00 MB reserved,      56.50 MB ( 97%) committed 
      Class space:        1.00 GB reserved,       8.40 MB ( <1%) committed 
             Both:        1.06 GB reserved,      64.90 MB (  6%) committed 

Chunk freelists:
   Non-Class:  18.00 KB
       Class:  20.00 KB
        Both:  38.00 KB

MaxMetaspaceSize: 17179869184.00 GB
CompressedClassSpaceSize: 1.00 GB

CodeHeap 'non-profiled nmethods': size=120064Kb used=6275Kb max_used=6275Kb free=113788Kb
 bounds [0x0000019e25020000, 0x0000019e25650000, 0x0000019e2c560000]
CodeHeap 'profiled nmethods': size=120000Kb used=23102Kb max_used=23102Kb free=96897Kb
 bounds [0x0000019e1daf0000, 0x0000019e1f180000, 0x0000019e25020000]
CodeHeap 'non-nmethods': size=5696Kb used=2264Kb max_used=2319Kb free=3431Kb
 bounds [0x0000019e1d560000, 0x0000019e1d7d0000, 0x0000019e1daf0000]
 total_blobs=10878 nmethods=10016 adapters=773
 compilation: enabled
              stopped_count=0, restarted_count=0
 full_count=0

Compilation events (20 events):
Event: 211.259 Thread 0x0000019e3474d800 10129       2       org.objectweb.asm.MethodWriter::visitTableSwitchInsn (120 bytes)
Event: 211.260 Thread 0x0000019e3474d800 nmethod 10129 0x0000019e1f174110 code [0x0000019e1f174320, 0x0000019e1f174688]
Event: 211.272 Thread 0x0000019e3474d800 10131 %     3       org.objectweb.asm.SymbolTable::addConstantMemberReference @ 18 (147 bytes)
Event: 211.274 Thread 0x0000019e3474d800 nmethod 10131% 0x0000019e1f174990 code [0x0000019e1f174c20, 0x0000019e1f1756c8]
Event: 211.281 Thread 0x0000019e3474d800 10132       3       org.objectweb.asm.SymbolTable::addConstantMemberReference (147 bytes)
Event: 211.282 Thread 0x0000019e3474d800 nmethod 10132 0x0000019e1f175c90 code [0x0000019e1f175f20, 0x0000019e1f176848]
Event: 211.341 Thread 0x0000019e3474d800 10134       1       org.gradle.internal.io.IOQuery$Result$1::isSuccessful (2 bytes)
Event: 211.341 Thread 0x0000019e3474d800 nmethod 10134 0x0000019e2563ff10 code [0x0000019e256400c0, 0x0000019e25640178]
Event: 211.341 Thread 0x0000019e3474d800 10135       1       org.gradle.internal.io.IOQuery$Result$1::getValue (5 bytes)
Event: 211.341 Thread 0x0000019e3474d800 nmethod 10135 0x0000019e25640210 code [0x0000019e256403c0, 0x0000019e25640478]
Event: 211.341 Thread 0x0000019e3474d800 10136       1       org.gradle.cache.internal.filelock.FileLockOutcome$3::getFileLock (5 bytes)
Event: 211.342 Thread 0x0000019e3474d800 nmethod 10136 0x0000019e25640510 code [0x0000019e256406c0, 0x0000019e25640778]
Event: 211.368 Thread 0x0000019e3474d800 10138       1       org.gradle.cache.internal.DefaultFileLockManager$DefaultFileLock::access$500 (5 bytes)
Event: 211.368 Thread 0x0000019e3474d800 nmethod 10138 0x0000019e25640810 code [0x0000019e256409c0, 0x0000019e25640a58]
Event: 211.475 Thread 0x0000019e3474d800 10143 %     3       org.objectweb.asm.Type::getArgumentTypes @ 75 (154 bytes)
Event: 211.480 Thread 0x0000019e3474d800 nmethod 10143% 0x0000019e1f176e10 code [0x0000019e1f177300, 0x0000019e1f179ea8]
Event: 211.480 Thread 0x0000019e3474d800 10145       3       org.objectweb.asm.Type::getArgumentTypes (154 bytes)
Event: 211.484 Thread 0x0000019e3474d800 nmethod 10145 0x0000019e1f17af10 code [0x0000019e1f17b400, 0x0000019e1f17de68]
Event: 211.590 Thread 0x0000019e3474d800 10149       1       sun.nio.fs.WindowsException::lastError (5 bytes)
Event: 211.590 Thread 0x0000019e3474d800 nmethod 10149 0x0000019e25640b10 code [0x0000019e25640cc0, 0x0000019e25640d78]

GC Heap History (20 events):
Event: 115.226 GC heap before
{Heap before GC invocations=24 (full 0):
 garbage-first heap   total 133120K, used 106657K [0x0000000080000000, 0x0000000100000000)
  region size 1024K, 69 young (70656K), 5 survivors (5120K)
 Metaspace       used 64139K, capacity 65533K, committed 65816K, reserved 1105920K
  class space    used 7915K, capacity 8423K, committed 8472K, reserved 1048576K
}
Event: 115.241 GC heap after
{Heap after GC invocations=25 (full 0):
 garbage-first heap   total 133120K, used 41924K [0x0000000080000000, 0x0000000100000000)
  region size 1024K, 4 young (4096K), 4 survivors (4096K)
 Metaspace       used 64139K, capacity 65533K, committed 65816K, reserved 1105920K
  class space    used 7915K, capacity 8423K, committed 8472K, reserved 1048576K
}
Event: 137.048 GC heap before
{Heap before GC invocations=25 (full 0):
 garbage-first heap   total 133120K, used 107460K [0x0000000080000000, 0x0000000100000000)
  region size 1024K, 69 young (70656K), 4 survivors (4096K)
 Metaspace       used 64172K, capacity 65601K, committed 65816K, reserved 1105920K
  class space    used 7915K, capacity 8423K, committed 8472K, reserved 1048576K
}
Event: 137.058 GC heap after
{Heap after GC invocations=26 (full 0):
 garbage-first heap   total 133120K, used 41776K [0x0000000080000000, 0x0000000100000000)
  region size 1024K, 4 young (4096K), 4 survivors (4096K)
 Metaspace       used 64172K, capacity 65601K, committed 65816K, reserved 1105920K
  class space    used 7915K, capacity 8423K, committed 8472K, reserved 1048576K
}
Event: 159.023 GC heap before
{Heap before GC invocations=26 (full 0):
 garbage-first heap   total 133120K, used 110384K [0x0000000080000000, 0x0000000100000000)
  region size 1024K, 72 young (73728K), 4 survivors (4096K)
 Metaspace       used 64231K, capacity 65604K, committed 65816K, reserved 1105920K
  class space    used 7915K, capacity 8423K, committed 8472K, reserved 1048576K
}
Event: 159.033 GC heap after
{Heap after GC invocations=27 (full 0):
 garbage-first heap   total 133120K, used 41906K [0x0000000080000000, 0x0000000100000000)
  region size 1024K, 4 young (4096K), 4 survivors (4096K)
 Metaspace       used 64231K, capacity 65604K, committed 65816K, reserved 1105920K
  class space    used 7915K, capacity 8423K, committed 8472K, reserved 1048576K
}
Event: 180.197 GC heap before
{Heap before GC invocations=27 (full 0):
 garbage-first heap   total 133120K, used 110514K [0x0000000080000000, 0x0000000100000000)
  region size 1024K, 72 young (73728K), 4 survivors (4096K)
 Metaspace       used 64252K, capacity 65605K, committed 65816K, reserved 1105920K
  class space    used 7915K, capacity 8423K, committed 8472K, reserved 1048576K
}
Event: 180.207 GC heap after
{Heap after GC invocations=28 (full 0):
 garbage-first heap   total 133120K, used 41746K [0x0000000080000000, 0x0000000100000000)
  region size 1024K, 4 young (4096K), 4 survivors (4096K)
 Metaspace       used 64252K, capacity 65605K, committed 65816K, reserved 1105920K
  class space    used 7915K, capacity 8423K, committed 8472K, reserved 1048576K
}
Event: 209.535 GC heap before
{Heap before GC invocations=28 (full 0):
 garbage-first heap   total 133120K, used 112402K [0x0000000080000000, 0x0000000100000000)
  region size 1024K, 73 young (74752K), 4 survivors (4096K)
 Metaspace       used 64483K, capacity 65914K, committed 66200K, reserved 1107968K
  class space    used 7932K, capacity 8460K, committed 8600K, reserved 1048576K
}
Event: 209.540 GC heap after
{Heap after GC invocations=29 (full 0):
 garbage-first heap   total 133120K, used 42076K [0x0000000080000000, 0x0000000100000000)
  region size 1024K, 4 young (4096K), 4 survivors (4096K)
 Metaspace       used 64483K, capacity 65914K, committed 66200K, reserved 1107968K
  class space    used 7932K, capacity 8460K, committed 8600K, reserved 1048576K
}
Event: 210.150 GC heap before
{Heap before GC invocations=29 (full 0):
 garbage-first heap   total 133120K, used 114780K [0x0000000080000000, 0x0000000100000000)
  region size 1024K, 73 young (74752K), 4 survivors (4096K)
 Metaspace       used 64680K, capacity 66106K, committed 66456K, reserved 1107968K
  class space    used 7933K, capacity 8460K, committed 8600K, reserved 1048576K
}
Event: 210.156 GC heap after
{Heap after GC invocations=30 (full 0):
 garbage-first heap   total 133120K, used 44846K [0x0000000080000000, 0x0000000100000000)
  region size 1024K, 5 young (5120K), 5 survivors (5120K)
 Metaspace       used 64680K, capacity 66106K, committed 66456K, reserved 1107968K
  class space    used 7933K, capacity 8460K, committed 8600K, reserved 1048576K
}
Event: 210.540 GC heap before
{Heap before GC invocations=30 (full 0):
 garbage-first heap   total 133120K, used 112430K [0x0000000080000000, 0x0000000100000000)
  region size 1024K, 72 young (73728K), 5 survivors (5120K)
 Metaspace       used 64682K, capacity 66106K, committed 66456K, reserved 1107968K
  class space    used 7933K, capacity 8460K, committed 8600K, reserved 1048576K
}
Event: 210.547 GC heap after
{Heap after GC invocations=31 (full 0):
 garbage-first heap   total 133120K, used 45344K [0x0000000080000000, 0x0000000100000000)
  region size 1024K, 5 young (5120K), 5 survivors (5120K)
 Metaspace       used 64682K, capacity 66106K, committed 66456K, reserved 1107968K
  class space    used 7933K, capacity 8460K, committed 8600K, reserved 1048576K
}
Event: 210.906 GC heap before
{Heap before GC invocations=31 (full 0):
 garbage-first heap   total 133120K, used 112928K [0x0000000080000000, 0x0000000100000000)
  region size 1024K, 72 young (73728K), 5 survivors (5120K)
 Metaspace       used 64687K, capacity 66106K, committed 66456K, reserved 1107968K
  class space    used 7933K, capacity 8460K, committed 8600K, reserved 1048576K
}
Event: 210.913 GC heap after
{Heap after GC invocations=32 (full 0):
 garbage-first heap   total 133120K, used 45582K [0x0000000080000000, 0x0000000100000000)
  region size 1024K, 4 young (4096K), 4 survivors (4096K)
 Metaspace       used 64687K, capacity 66106K, committed 66456K, reserved 1107968K
  class space    used 7933K, capacity 8460K, committed 8600K, reserved 1048576K
}
Event: 211.241 GC heap before
{Heap before GC invocations=32 (full 0):
 garbage-first heap   total 133120K, used 113166K [0x0000000080000000, 0x0000000100000000)
  region size 1024K, 71 young (72704K), 4 survivors (4096K)
 Metaspace       used 64691K, capacity 66106K, committed 66456K, reserved 1107968K
  class space    used 7933K, capacity 8460K, committed 8600K, reserved 1048576K
}
Event: 211.247 GC heap after
{Heap after GC invocations=33 (full 0):
 garbage-first heap   total 133120K, used 45582K [0x0000000080000000, 0x0000000100000000)
  region size 1024K, 4 young (4096K), 4 survivors (4096K)
 Metaspace       used 64691K, capacity 66106K, committed 66456K, reserved 1107968K
  class space    used 7933K, capacity 8460K, committed 8600K, reserved 1048576K
}
Event: 211.517 GC heap before
{Heap before GC invocations=33 (full 0):
 garbage-first heap   total 133120K, used 114190K [0x0000000080000000, 0x0000000100000000)
  region size 1024K, 71 young (72704K), 4 survivors (4096K)
 Metaspace       used 64692K, capacity 66106K, committed 66456K, reserved 1107968K
  class space    used 7933K, capacity 8460K, committed 8600K, reserved 1048576K
}
Event: 211.523 GC heap after
{Heap after GC invocations=34 (full 0):
 garbage-first heap   total 133120K, used 46161K [0x0000000080000000, 0x0000000100000000)
  region size 1024K, 5 young (5120K), 5 survivors (5120K)
 Metaspace       used 64692K, capacity 66106K, committed 66456K, reserved 1107968K
  class space    used 7933K, capacity 8460K, committed 8600K, reserved 1048576K
}

Deoptimization events (20 events):
Event: 211.488 Thread 0x0000019e36e62800 DEOPT PACKING pc=0x0000019e1f116450 sp=0x00000023a0afdcd0
Event: 211.488 Thread 0x0000019e36e62800 DEOPT UNPACKING pc=0x0000019e1d586d5e sp=0x00000023a0afd1e8 mode 0
Event: 211.507 Thread 0x0000019e3573c000 DEOPT PACKING pc=0x0000019e1f116450 sp=0x000000239defdce0
Event: 211.507 Thread 0x0000019e3573c000 DEOPT UNPACKING pc=0x0000019e1d586d5e sp=0x000000239defd1f8 mode 0
Event: 211.533 Thread 0x0000019e36e62800 DEOPT PACKING pc=0x0000019e1f116450 sp=0x00000023a0afdcd0
Event: 211.533 Thread 0x0000019e36e62800 DEOPT UNPACKING pc=0x0000019e1d586d5e sp=0x00000023a0afd1e8 mode 0
Event: 211.547 Thread 0x0000019e36e5d000 DEOPT PACKING pc=0x0000019e1f116450 sp=0x00000023a0cfdb90
Event: 211.547 Thread 0x0000019e36e5d000 DEOPT UNPACKING pc=0x0000019e1d586d5e sp=0x00000023a0cfd0a8 mode 0
Event: 211.552 Thread 0x0000019e36e5d000 DEOPT PACKING pc=0x0000019e1f116450 sp=0x00000023a0cfdb90
Event: 211.552 Thread 0x0000019e36e5d000 DEOPT UNPACKING pc=0x0000019e1d586d5e sp=0x00000023a0cfd0a8 mode 0
Event: 211.559 Thread 0x0000019e36e5d000 DEOPT PACKING pc=0x0000019e1f116450 sp=0x00000023a0cfe180
Event: 211.559 Thread 0x0000019e36e5d000 DEOPT UNPACKING pc=0x0000019e1d586d5e sp=0x00000023a0cfd698 mode 0
Event: 211.570 Thread 0x0000019e36e62800 DEOPT PACKING pc=0x0000019e1f116450 sp=0x00000023a0afdcd0
Event: 211.570 Thread 0x0000019e36e62800 DEOPT UNPACKING pc=0x0000019e1d586d5e sp=0x00000023a0afd1e8 mode 0
Event: 211.573 Thread 0x0000019e36e5d000 DEOPT PACKING pc=0x0000019e1f116450 sp=0x00000023a0cfdb90
Event: 211.573 Thread 0x0000019e36e5d000 DEOPT UNPACKING pc=0x0000019e1d586d5e sp=0x00000023a0cfd0a8 mode 0
Event: 211.584 Thread 0x0000019e3573c000 DEOPT PACKING pc=0x0000019e1efb9d2a sp=0x000000239defe320
Event: 211.584 Thread 0x0000019e3573c000 DEOPT UNPACKING pc=0x0000019e1d586d5e sp=0x000000239defd8f8 mode 0
Event: 211.588 Thread 0x0000019e36e62800 DEOPT PACKING pc=0x0000019e1f116450 sp=0x00000023a0afdcd0
Event: 211.588 Thread 0x0000019e36e62800 DEOPT UNPACKING pc=0x0000019e1d586d5e sp=0x00000023a0afd1e8 mode 0

Classes redefined (0 events):
No events

Internal exceptions (20 events):
Event: 210.962 Thread 0x0000019e3573c000 Exception <a 'sun/nio/fs/WindowsException'{0x0000000087abf210}> (0x0000000087abf210) thrown at [./src/hotspot/share/prims/jni.cpp, line 615]
Event: 211.039 Thread 0x0000019e3573c000 Exception <a 'sun/nio/fs/WindowsException'{0x0000000086c0d688}> (0x0000000086c0d688) thrown at [./src/hotspot/share/prims/jni.cpp, line 615]
Event: 211.070 Thread 0x0000019e3573c000 Exception <a 'sun/nio/fs/WindowsException'{0x0000000086c0d828}> (0x0000000086c0d828) thrown at [./src/hotspot/share/prims/jni.cpp, line 615]
Event: 211.080 Thread 0x0000019e36e5d000 Exception <a 'sun/nio/fs/WindowsException'{0x00000000880084e0}> (0x00000000880084e0) thrown at [./src/hotspot/share/prims/jni.cpp, line 615]
Event: 211.092 Thread 0x0000019e36e5d000 Exception <a 'sun/nio/fs/WindowsException'{0x00000000863bd230}> (0x00000000863bd230) thrown at [./src/hotspot/share/prims/jni.cpp, line 615]
Event: 211.093 Thread 0x0000019e36e5d000 Exception <a 'sun/nio/fs/WindowsException'{0x00000000863bd3c0}> (0x00000000863bd3c0) thrown at [./src/hotspot/share/prims/jni.cpp, line 615]
Event: 211.099 Thread 0x0000019e3573c000 Exception <a 'sun/nio/fs/WindowsException'{0x0000000086c1a510}> (0x0000000086c1a510) thrown at [./src/hotspot/share/prims/jni.cpp, line 615]
Event: 211.099 Thread 0x0000019e36e5d000 Exception <a 'sun/nio/fs/WindowsException'{0x0000000086267e10}> (0x0000000086267e10) thrown at [./src/hotspot/share/prims/jni.cpp, line 615]
Event: 211.149 Thread 0x0000019e3573c000 Exception <a 'sun/nio/fs/WindowsException'{0x00000000857b1110}> (0x00000000857b1110) thrown at [./src/hotspot/share/prims/jni.cpp, line 615]
Event: 211.247 Thread 0x0000019e3573c000 Exception <a 'sun/nio/fs/WindowsException'{0x0000000088148148}> (0x0000000088148148) thrown at [./src/hotspot/share/prims/jni.cpp, line 615]
Event: 211.276 Thread 0x0000019e36e5d000 Exception <a 'sun/nio/fs/WindowsException'{0x00000000881e5bb8}> (0x00000000881e5bb8) thrown at [./src/hotspot/share/prims/jni.cpp, line 615]
Event: 211.340 Thread 0x0000019e36e5d000 Exception <a 'sun/nio/fs/WindowsException'{0x00000000881e5d98}> (0x00000000881e5d98) thrown at [./src/hotspot/share/prims/jni.cpp, line 615]
Event: 211.343 Thread 0x0000019e3573c000 Exception <a 'sun/nio/fs/WindowsException'{0x0000000088154540}> (0x0000000088154540) thrown at [./src/hotspot/share/prims/jni.cpp, line 615]
Event: 211.403 Thread 0x0000019e3573c000 Exception <a 'sun/nio/fs/WindowsException'{0x0000000086320ef8}> (0x0000000086320ef8) thrown at [./src/hotspot/share/prims/jni.cpp, line 615]
Event: 211.404 Thread 0x0000019e3573c000 Exception <a 'sun/nio/fs/WindowsException'{0x0000000086321130}> (0x0000000086321130) thrown at [./src/hotspot/share/prims/jni.cpp, line 615]
Event: 211.494 Thread 0x0000019e36e5d000 Exception <a 'sun/nio/fs/WindowsException'{0x00000000881f6200}> (0x00000000881f6200) thrown at [./src/hotspot/share/prims/jni.cpp, line 615]
Event: 211.495 Thread 0x0000019e3573c000 Exception <a 'sun/nio/fs/WindowsException'{0x00000000845b9c20}> (0x00000000845b9c20) thrown at [./src/hotspot/share/prims/jni.cpp, line 615]
Event: 211.577 Thread 0x0000019e3573c000 Exception <a 'sun/nio/fs/WindowsException'{0x00000000880088f0}> (0x00000000880088f0) thrown at [./src/hotspot/share/prims/jni.cpp, line 615]
Event: 211.578 Thread 0x0000019e3573c000 Exception <a 'sun/nio/fs/WindowsException'{0x0000000088008ab0}> (0x0000000088008ab0) thrown at [./src/hotspot/share/prims/jni.cpp, line 615]
Event: 211.590 Thread 0x0000019e3573c000 Exception <a 'sun/nio/fs/WindowsException'{0x0000000087090c58}> (0x0000000087090c58) thrown at [./src/hotspot/share/prims/jni.cpp, line 615]

Events (20 events):
Event: 209.609 loading class org/gradle/internal/classpath/InstrumentingTransformer$LambdaFactoryDetails done
Event: 209.610 loading class org/gradle/internal/classpath/InstrumentingTransformer$InstrumentingVisitor$1
Event: 209.610 loading class org/gradle/internal/classpath/InstrumentingTransformer$InstrumentingVisitor$1 done
Event: 209.632 Executing VM operation: RevokeBias
Event: 209.632 Executing VM operation: RevokeBias done
Event: 210.007 Loaded shared library C:\Program Files\Android\Android Studio\jre\bin\zip.dll
Event: 210.150 Executing VM operation: G1CollectForAllocation
Event: 210.150 Executing VM operation: G1CollectForAllocation done
Event: 210.150 Executing VM operation: G1CollectForAllocation
Event: 210.156 Executing VM operation: G1CollectForAllocation done
Event: 210.540 Executing VM operation: G1CollectForAllocation
Event: 210.547 Executing VM operation: G1CollectForAllocation done
Event: 210.842 Executing VM operation: RevokeBias
Event: 210.842 Executing VM operation: RevokeBias done
Event: 210.906 Executing VM operation: G1CollectForAllocation
Event: 210.913 Executing VM operation: G1CollectForAllocation done
Event: 211.241 Executing VM operation: G1CollectForAllocation
Event: 211.247 Executing VM operation: G1CollectForAllocation done
Event: 211.517 Executing VM operation: G1CollectForAllocation
Event: 211.523 Executing VM operation: G1CollectForAllocation done


Dynamic libraries:
0x00007ff68a6d0000 - 0x00007ff68a6da000 	C:\Program Files\Android\Android Studio\jre\bin\java.exe
0x00007ffebf8b0000 - 0x00007ffebfaa5000 	C:\Windows\SYSTEM32\ntdll.dll
0x00007ffebf6d0000 - 0x00007ffebf78e000 	C:\Windows\System32\KERNEL32.DLL
0x00007ffebd630000 - 0x00007ffebd8f8000 	C:\Windows\System32\KERNELBASE.dll
0x00007ffebcfc0000 - 0x00007ffebd0c0000 	C:\Windows\System32\ucrtbase.dll
0x00007ffeb79c0000 - 0x00007ffeb79d9000 	C:\Program Files\Android\Android Studio\jre\bin\jli.dll
0x00007ffeb79a0000 - 0x00007ffeb79b7000 	C:\Program Files\Android\Android Studio\jre\bin\VCRUNTIME140.dll
0x00007ffebdf20000 - 0x00007ffebe0c0000 	C:\Windows\System32\USER32.dll
0x00007ffebd600000 - 0x00007ffebd622000 	C:\Windows\System32\win32u.dll
0x00007ffebed00000 - 0x00007ffebed2b000 	C:\Windows\System32\GDI32.dll
0x00007ffebc390000 - 0x00007ffebc62a000 	C:\Windows\WinSxS\amd64_microsoft.windows.common-controls_6595b64144ccf1df_6.0.19041.1110_none_60b5254171f9507e\COMCTL32.dll
0x00007ffebd280000 - 0x00007ffebd38d000 	C:\Windows\System32\gdi32full.dll
0x00007ffebe3c0000 - 0x00007ffebe45e000 	C:\Windows\System32\msvcrt.dll
0x00007ffebd0c0000 - 0x00007ffebd15d000 	C:\Windows\System32\msvcp_win.dll
0x00007ffebf6a0000 - 0x00007ffebf6d0000 	C:\Windows\System32\IMM32.DLL
0x00007ffeb2450000 - 0x00007ffeb24ed000 	C:\Program Files\Android\Android Studio\jre\bin\msvcp140.dll
0x00007ffe91330000 - 0x00007ffe91e05000 	C:\Program Files\Android\Android Studio\jre\bin\server\jvm.dll
0x00007ffebf3f0000 - 0x00007ffebf49e000 	C:\Windows\System32\ADVAPI32.dll
0x00007ffebec60000 - 0x00007ffebecfc000 	C:\Windows\System32\sechost.dll
0x00007ffebee90000 - 0x00007ffebefb5000 	C:\Windows\System32\RPCRT4.dll
0x00007ffebf4a0000 - 0x00007ffebf4a8000 	C:\Windows\System32\PSAPI.DLL
0x00007ffebadf0000 - 0x00007ffebadf9000 	C:\Windows\SYSTEM32\WSOCK32.dll
0x00007ffead170000 - 0x00007ffead197000 	C:\Windows\SYSTEM32\WINMM.dll
0x00007ffebe2d0000 - 0x00007ffebe33b000 	C:\Windows\System32\WS2_32.dll
0x00007ffeb9d40000 - 0x00007ffeb9d4a000 	C:\Windows\SYSTEM32\VERSION.dll
0x00007ffeba1d0000 - 0x00007ffeba1e2000 	C:\Windows\SYSTEM32\kernel.appcore.dll
0x00007ffebadd0000 - 0x00007ffebade1000 	C:\Program Files\Android\Android Studio\jre\bin\verify.dll
0x00007ffebc9e0000 - 0x00007ffebcbc4000 	C:\Windows\SYSTEM32\DBGHELP.DLL
0x00007ffebc790000 - 0x00007ffebc7bc000 	C:\Windows\SYSTEM32\dbgcore.DLL
0x00007ffebd520000 - 0x00007ffebd5a2000 	C:\Windows\System32\bcryptPrimitives.dll
0x00007ffebada0000 - 0x00007ffebadc9000 	C:\Program Files\Android\Android Studio\jre\bin\java.dll
0x00007ffebad90000 - 0x00007ffebad9b000 	C:\Program Files\Android\Android Studio\jre\bin\jimage.dll
0x00007ffebad70000 - 0x00007ffebad88000 	C:\Program Files\Android\Android Studio\jre\bin\zip.dll
0x00007ffebe460000 - 0x00007ffebeba4000 	C:\Windows\System32\SHELL32.dll
0x00007ffeba3d0000 - 0x00007ffebab64000 	C:\Windows\SYSTEM32\windows.storage.dll
0x00007ffebefc0000 - 0x00007ffebf315000 	C:\Windows\System32\combase.dll
0x00007ffebc320000 - 0x00007ffebc34e000 	C:\Windows\SYSTEM32\Wldp.dll
0x00007ffebdd80000 - 0x00007ffebde2d000 	C:\Windows\System32\SHCORE.dll
0x00007ffebde30000 - 0x00007ffebde85000 	C:\Windows\System32\shlwapi.dll
0x00007ffebcf00000 - 0x00007ffebcf1f000 	C:\Windows\SYSTEM32\profapi.dll
0x00007ffebad50000 - 0x00007ffebad6a000 	C:\Program Files\Android\Android Studio\jre\bin\net.dll
0x00007ffeb1da0000 - 0x00007ffeb1eac000 	C:\Windows\SYSTEM32\WINHTTP.dll
0x00007ffebc1f0000 - 0x00007ffebc25a000 	C:\Windows\system32\mswsock.dll
0x00007ffebad30000 - 0x00007ffebad44000 	C:\Program Files\Android\Android Studio\jre\bin\nio.dll
0x00007ffeb1250000 - 0x00007ffeb1277000 	C:\Users\kamra\.gradle\native\e1d6ef7f7dcc3fd88c89a11ec53ec762bb8ba0a96d01ffa2cd45eb1d1d8dd5c5\windows-amd64\native-platform.dll
0x00007ffe9c400000 - 0x00007ffe9c544000 	C:\Users\kamra\.gradle\native\5664cfc778a61ccfe75a443a1ab52a65af34e5dc3c78e0209fed803814484fcb\windows-amd64\native-platform-file-events.dll
0x00007ffebad20000 - 0x00007ffebad2a000 	C:\Program Files\Android\Android Studio\jre\bin\management.dll
0x00007ffebad10000 - 0x00007ffebad1d000 	C:\Program Files\Android\Android Studio\jre\bin\management_ext.dll
0x00007ffebcd40000 - 0x00007ffebcd58000 	C:\Windows\SYSTEM32\CRYPTSP.dll
0x00007ffebba20000 - 0x00007ffebba54000 	C:\Windows\system32\rsaenh.dll
0x00007ffebd390000 - 0x00007ffebd3b7000 	C:\Windows\System32\bcrypt.dll
0x00007ffebce80000 - 0x00007ffebceae000 	C:\Windows\SYSTEM32\USERENV.dll
0x00007ffebc2e0000 - 0x00007ffebc2ec000 	C:\Windows\SYSTEM32\CRYPTBASE.dll
0x00007ffebbd70000 - 0x00007ffebbdab000 	C:\Windows\SYSTEM32\IPHLPAPI.DLL
0x00007ffebee80000 - 0x00007ffebee88000 	C:\Windows\System32\NSI.dll
0x00007ffeb49f0000 - 0x00007ffeb4a07000 	C:\Windows\SYSTEM32\dhcpcsvc6.DLL
0x00007ffeb5c70000 - 0x00007ffeb5c8d000 	C:\Windows\SYSTEM32\dhcpcsvc.DLL
0x00007ffebbdb0000 - 0x00007ffebbe7b000 	C:\Windows\SYSTEM32\DNSAPI.dll
0x00007ffeab1e0000 - 0x00007ffeab207000 	C:\Program Files\Android\Android Studio\jre\bin\sunec.dll
0x00007ffeb0840000 - 0x00007ffeb084a000 	C:\Windows\System32\rasadhlp.dll
0x00007ffeb1d20000 - 0x00007ffeb1d9f000 	C:\Windows\System32\fwpuclnt.dll

dbghelp: loaded successfully - version: 4.0.5 - missing functions: none
symbol engine: initialized successfully - sym options: 0x614 - pdb path: .;C:\Program Files\Android\Android Studio\jre\bin;C:\Windows\SYSTEM32;C:\Windows\WinSxS\amd64_microsoft.windows.common-controls_6595b64144ccf1df_6.0.19041.1110_none_60b5254171f9507e;C:\Program Files\Android\Android Studio\jre\bin\server;C:\Users\kamra\.gradle\native\e1d6ef7f7dcc3fd88c89a11ec53ec762bb8ba0a96d01ffa2cd45eb1d1d8dd5c5\windows-amd64;C:\Users\kamra\.gradle\native\5664cfc778a61ccfe75a443a1ab52a65af34e5dc3c78e0209fed803814484fcb\windows-amd64

VM Arguments:
jvm_args: --add-opens=java.base/java.util=ALL-UNNAMED --add-opens=java.base/java.lang=ALL-UNNAMED --add-opens=java.base/java.lang.invoke=ALL-UNNAMED --add-opens=java.base/java.util=ALL-UNNAMED --add-opens=java.prefs/java.util.prefs=ALL-UNNAMED --add-opens=java.prefs/java.util.prefs=ALL-UNNAMED --add-opens=java.base/java.nio.charset=ALL-UNNAMED --add-opens=java.base/java.net=ALL-UNNAMED --add-opens=java.base/java.util.concurrent.atomic=ALL-UNNAMED -Xmx2048m -Dfile.encoding=UTF-8 -Duser.country=US -Duser.language=en -Duser.variant 
java_command: org.gradle.launcher.daemon.bootstrap.GradleDaemon 7.2
java_class_path (initial): C:\Users\kamra\.gradle\wrapper\dists\gradle-7.2-bin\2dnblmf4td7x66yl1d74lt32g\gradle-7.2\lib\gradle-launcher-7.2.jar
Launcher Type: SUN_STANDARD

[Global flags]
     intx CICompilerCount                          = 3                                         {product} {ergonomic}
     uint ConcGCThreads                            = 1                                         {product} {ergonomic}
     uint G1ConcRefinementThreads                  = 4                                         {product} {ergonomic}
   size_t G1HeapRegionSize                         = 1048576                                   {product} {ergonomic}
    uintx GCDrainStackTargetSize                   = 64                                        {product} {ergonomic}
   size_t InitialHeapSize                          = 65011712                                  {product} {ergonomic}
   size_t MarkStackSize                            = 4194304                                   {product} {ergonomic}
   size_t MaxHeapSize                              = 2147483648                                {product} {command line}
   size_t MaxNewSize                               = 1287651328                                {product} {ergonomic}
   size_t MinHeapDeltaBytes                        = 1048576                                   {product} {ergonomic}
    uintx NonNMethodCodeHeapSize                   = 5830732                                {pd product} {ergonomic}
    uintx NonProfiledCodeHeapSize                  = 122913754                              {pd product} {ergonomic}
    uintx ProfiledCodeHeapSize                     = 122913754                              {pd product} {ergonomic}
    uintx ReservedCodeCacheSize                    = 251658240                              {pd product} {ergonomic}
     bool SegmentedCodeCache                       = true                                      {product} {ergonomic}
     bool UseCompressedClassPointers               = true                                 {lp64_product} {ergonomic}
     bool UseCompressedOops                        = true                                 {lp64_product} {ergonomic}
     bool UseG1GC                                  = true                                      {product} {ergonomic}
     bool UseLargePagesIndividualAllocation        = false                                  {pd product} {ergonomic}

Logging:
Log output configuration:
 #0: stdout all=warning uptime,level,tags
 #1: stderr all=off uptime,level,tags

Environment Variables:
JAVA_HOME=C:\Program Files\Java\jdk-11
PATH=C:\Windows\system32;C:\Windows;C:\Windows\System32\Wbem;C:\Windows\System32\WindowsPowerShell\v1.0\;C:\Windows\System32\OpenSSH\;C:\Program Files\Java\jdk-11\bin;C:\Users\kamra\AppData\Local\Microsoft\WindowsApps;
USERNAME=kamra
OS=Windows_NT
PROCESSOR_IDENTIFIER=Intel64 Family 6 Model 58 Stepping 9, GenuineIntel



---------------  S Y S T E M  ---------------

OS: Windows 10 , 64 bit Build 19041 (10.0.19041.1503)
OS uptime: 0 days 0:12 hours

CPU:total 4 (initial active 4) (2 cores per cpu, 2 threads per core) family 6 model 58 stepping 9 microcode 0x21, cmov, cx8, fxsr, mmx, sse, sse2, sse3, ssse3, sse4.1, sse4.2, popcnt, avx, aes, clmul, erms, ht, tsc, tscinvbit, tscinv

Memory: 4k page, system-wide physical 3959M (900M free)
TotalPageFile size 5367M (AvailPageFile size 2324M)
current process WorkingSet (physical memory assigned to process): 363M, peak: 363M
current process commit charge ("private bytes"): 388M, peak: 389M

vm_info: OpenJDK 64-Bit Server VM (11.0.11+9-b60-7590822) for windows-amd64 JRE (11.0.11+9-b60-7590822), built on Jul 29 2021 21:43:44 by "builder" with MS VC++ 14.0 (VS2015)

END.
