#
# A fatal error has been detected by the Java Runtime Environment:
#
#  EXCEPTION_ACCESS_VIOLATION (0xc0000005) at pc=0x00007ffe914c4f22, pid=2252, tid=4912
#
# JRE version: OpenJDK Runtime Environment (11.0.11+9) (build 11.0.11+9-b60-7590822)
# Java VM: OpenJDK 64-Bit Server VM (11.0.11+9-b60-7590822, mixed mode, tiered, compressed oops, g1 gc, windows-amd64)
# Problematic frame:
# V  [jvm.dll+0x194f22]
#
# No core dump will be written. Minidumps are not enabled by default on client versions of Windows
#
# If you would like to submit a bug report, please visit:
#   https://bugreport.java.com/bugreport/crash.jsp
#

---------------  S U M M A R Y ------------

Command Line: --add-opens=java.base/java.util=ALL-UNNAMED --add-opens=java.base/java.lang=ALL-UNNAMED --add-opens=java.base/java.lang.invoke=ALL-UNNAMED --add-opens=java.base/java.util=ALL-UNNAMED --add-opens=java.prefs/java.util.prefs=ALL-UNNAMED --add-opens=java.prefs/java.util.prefs=ALL-UNNAMED --add-opens=java.base/java.nio.charset=ALL-UNNAMED --add-opens=java.base/java.net=ALL-UNNAMED --add-opens=java.base/java.util.concurrent.atomic=ALL-UNNAMED -Xmx2048m -Dfile.encoding=UTF-8 -Duser.country=US -Duser.language=en -Duser.variant org.gradle.launcher.daemon.bootstrap.GradleDaemon 7.2

Host: Intel(R) Core(TM) i5-3340M CPU @ 2.70GHz, 4 cores, 3G,  Windows 10 , 64 bit Build 19041 (10.0.19041.1503)
Time: Mon Feb 14 01:10:09 2022 Pakistan Standard Time elapsed time: 17.558014 seconds (0d 0h 0m 17s)

---------------  T H R E A D  ---------------

Current thread (0x000002a7a1299000):  JavaThread "C2 CompilerThread0" daemon [_thread_in_native, id=4912, stack(0x000000eaacd00000,0x000000eaace00000)]


Current CompileTask:
C2:  17558 5162       4       org.objectweb.asm.ClassReader::accept (1404 bytes)

Stack: [0x000000eaacd00000,0x000000eaace00000],  sp=0x000000eaacdfb750,  free space=1005k
Native frames: (J=compiled Java code, j=interpreted, Vv=VM code, C=native code)
V  [jvm.dll+0x194f22]
V  [jvm.dll+0x61fb75]
V  [jvm.dll+0x61e90d]
V  [jvm.dll+0x5209fd]
V  [jvm.dll+0x1fdd1a]
V  [jvm.dll+0x1fb35f]
V  [jvm.dll+0x183d6c]
V  [jvm.dll+0x209a57]
V  [jvm.dll+0x2082a1]
V  [jvm.dll+0x6ef58f]
V  [jvm.dll+0x6e80b5]
V  [jvm.dll+0x5f1036]
C  [ucrtbase.dll+0x21bb2]
C  [KERNEL32.DLL+0x17034]
C  [ntdll.dll+0x52651]


siginfo: EXCEPTION_ACCESS_VIOLATION (0xc0000005), reading address 0x000056a7a1bda438


Register to memory mapping:

RIP=0x00007ffe914c4f22 jvm.dll
RAX=0x0000000000002db6 is an unknown value
RBX=0x0 is NULL
RCX=0x000002a7ac860268 points into unknown readable memory: 0x00007ffe91b8ad78 | 78 ad b8 91 fe 7f 00 00
RDX=0x0000000000000010 is an unknown value
RSP=0x000000eaacdfb750 is pointing into the stack for thread: 0x000002a7a1299000
RBP=0x0000000000000002 is an unknown value
RSI=0x0000000000000001 is an unknown value
RDI=0x000056a7a1bda428 is an unknown value
R8 =0x000002a7a1bda538 points into unknown readable memory: 0x00007ffe91bb1c08 | 08 1c bb 91 fe 7f 00 00
R9 =0x000002a7a1bda538 points into unknown readable memory: 0x00007ffe91bb1c08 | 08 1c bb 91 fe 7f 00 00
R10=0xffffffffffffffff is an unknown value
R11=0x000002a7ac8601f8 points into unknown readable memory: 0x00007ffe91b17eb0 | b0 7e b1 91 fe 7f 00 00
R12=0x0 is NULL
R13=0x000000eaacdfc450 is pointing into the stack for thread: 0x000002a7a1299000
R14=0x000002a7ac860188 points into unknown readable memory: 0x00007ffe91b17eb0 | b0 7e b1 91 fe 7f 00 00
R15=0x000002a7ac8600a8 points into unknown readable memory: 0x00007ffe91b17df0 | f0 7d b1 91 fe 7f 00 00


Registers:
RAX=0x0000000000002db6, RBX=0x0000000000000000, RCX=0x000002a7ac860268, RDX=0x0000000000000010
RSP=0x000000eaacdfb750, RBP=0x0000000000000002, RSI=0x0000000000000001, RDI=0x000056a7a1bda428
R8 =0x000002a7a1bda538, R9 =0x000002a7a1bda538, R10=0xffffffffffffffff, R11=0x000002a7ac8601f8
R12=0x0000000000000000, R13=0x000000eaacdfc450, R14=0x000002a7ac860188, R15=0x000002a7ac8600a8
RIP=0x00007ffe914c4f22, EFLAGS=0x0000000000010246

Top of Stack: (sp=0x000000eaacdfb750)
0x000000eaacdfb750:   0000000000000000 0000000000000432
0x000000eaacdfb760:   0000000000000000 0000000000000000
0x000000eaacdfb770:   0000000000000000 0000000000002db4
0x000000eaacdfb780:   0000000000000432 000002a7ac960bd8
0x000000eaacdfb790:   000002a7a1295138 00007ffe9194fb75
0x000000eaacdfb7a0:   000002a7a1bda538 000002a7ac860188
0x000000eaacdfb7b0:   00000000000000f3 000000eaacdfc450
0x000000eaacdfb7c0:   0000000000000432 000000eaacdfc450
0x000000eaacdfb7d0:   000002a7ac860188 00007ffe9194e90d
0x000000eaacdfb7e0:   00000000000000f3 000002a7ac912888
0x000000eaacdfb7f0:   000000eaacdfce28 000002a7a9578d10
0x000000eaacdfb800:   000000eaacdfe590 000002a7a128e5d0
0x000000eaacdfb810:   000002a7a9578d10 00007ffe918509fd
0x000000eaacdfb820:   000002a78b282f80 000000eaacdfb9d0
0x000000eaacdfb830:   000000eaacdfe590 0000000000000000
0x000000eaacdfb840:   000002a78b282f80 0000000000000001 

Instructions: (pc=0x00007ffe914c4f22)
0x00007ffe914c4e22:   4a 18 eb 0c 33 c9 83 c0 f1 83 f8 06 48 0f 46 ca
0x00007ffe914c4e32:   33 d2 48 85 c9 74 14 83 79 10 12 48 0f 44 d1 33
0x00007ffe914c4e42:   db 83 79 10 15 48 0f 44 d9 eb 02 33 db 45 32 e4
0x00007ffe914c4e52:   be 01 00 00 00 48 85 d2 74 39 48 8b 02 48 8b ca
0x00007ffe914c4e62:   ff 90 d8 00 00 00 48 8b f8 48 83 78 10 00 75 0d
0x00007ffe914c4e72:   48 8b 10 48 8b c8 ff 52 20 84 c0 74 16 48 8b 17
0x00007ffe914c4e82:   48 8b cf ff 92 c0 00 00 00 84 c0 45 0f b6 e4 44
0x00007ffe914c4e92:   0f 45 e6 48 85 db 74 2e 48 8b 5b 30 48 83 7b 10
0x00007ffe914c4ea2:   00 75 0d 48 8b 03 48 8b cb ff 50 20 84 c0 74 16
0x00007ffe914c4eb2:   48 8b 03 48 8b cb ff 90 c0 00 00 00 84 c0 45 0f
0x00007ffe914c4ec2:   b6 e4 44 0f 45 e6 8b ee 4c 8b 0d 27 b4 89 00 4c
0x00007ffe914c4ed2:   89 4c 24 50 41 39 76 18 0f 86 fa 00 00 00 8b c5
0x00007ffe914c4ee2:   48 8d 14 c5 00 00 00 00 49 8b 47 08 48 8b 0c 02
0x00007ffe914c4ef2:   48 85 c9 0f 84 cd 00 00 00 49 8b 7d 50 8b 49 28
0x00007ffe914c4f02:   48 8b 05 bf b3 89 00 48 39 04 cf 0f 85 b5 00 00
0x00007ffe914c4f12:   00 49 8b 46 08 48 8b 0c 02 8b 41 28 48 8b 3c c7
0x00007ffe914c4f22:   8b 47 10 83 f8 06 75 06 48 8b 4f 18 eb 17 83 f8
0x00007ffe914c4f32:   07 75 06 48 8b 4f 18 eb 0c 33 c9 83 c0 f1 83 f8
0x00007ffe914c4f42:   06 48 0f 46 cf 48 85 c9 74 5a 33 d2 83 79 10 12
0x00007ffe914c4f52:   48 0f 44 d1 48 85 d2 74 4b 48 8b 02 48 8b ca 40
0x00007ffe914c4f62:   32 f6 ff 90 d8 00 00 00 48 8b d8 48 83 78 10 00
0x00007ffe914c4f72:   75 0d 48 8b 10 48 8b c8 ff 52 20 84 c0 74 1b 4c
0x00007ffe914c4f82:   8b 03 48 8b cb 41 ff 90 c0 00 00 00 84 c0 40 0f
0x00007ffe914c4f92:   b6 f6 b8 01 00 00 00 0f 45 f0 44 3a e6 75 35 4c
0x00007ffe914c4fa2:   8b 4c 24 50 41 b0 01 48 8b d7 49 8b c9 e8 8c b3
0x00007ffe914c4fb2:   56 00 48 8b c8 48 8b 10 ff 92 88 00 00 00 4c 8b
0x00007ffe914c4fc2:   c8 48 89 44 24 50 ff c5 41 3b 6e 18 0f 82 0c ff
0x00007ffe914c4fd2:   ff ff eb 04 4d 8b 4e 38 49 8b 01 41 b0 01 49 8b
0x00007ffe914c4fe2:   56 38 49 8b c9 ff 50 08 48 8b c8 48 8b 10 ff 92
0x00007ffe914c4ff2:   88 00 00 00 41 8b 56 28 49 8b 4d 50 4d 8b 55 00
0x00007ffe914c5002:   4d 8b 4e 38 4c 8b 04 d1 48 8b d0 49 8b cd 41 ff
0x00007ffe914c5012:   52 10 4c 8b 64 24 20 48 8b 6c 24 60 48 8b 74 24 


Stack slot to memory mapping:
stack at sp + 0 slots: 0x0 is NULL
stack at sp + 1 slots: 0x0000000000000432 is an unknown value
stack at sp + 2 slots: 0x0 is NULL
stack at sp + 3 slots: 0x0 is NULL
stack at sp + 4 slots: 0x0 is NULL
stack at sp + 5 slots: 0x0000000000002db4 is an unknown value
stack at sp + 6 slots: 0x0000000000000432 is an unknown value
stack at sp + 7 slots: 0x000002a7ac960bd8 points into unknown readable memory: 0x00007ffe91aa3fa8 | a8 3f aa 91 fe 7f 00 00


---------------  P R O C E S S  ---------------

Threads class SMR info:
_java_thread_list=0x000002a7a5e33e50, length=36, elements={
0x000002a78768f800, 0x000002a7a1231800, 0x000002a7a1237000, 0x000002a7a1291800,
0x000002a7a1293000, 0x000002a7a1297800, 0x000002a7a1299000, 0x000002a7a12a0800,
0x000002a7a12a5000, 0x000002a7a1d03000, 0x000002a7a3541800, 0x000002a7a3390000,
0x000002a7a321a000, 0x000002a7a30c6000, 0x000002a7a53b6000, 0x000002a7a3206800,
0x000002a7a3e3f800, 0x000002a7a3b34800, 0x000002a7a459c800, 0x000002a7a4916000,
0x000002a7a4916800, 0x000002a7a4915000, 0x000002a7a4917800, 0x000002a7a5c32800,
0x000002a7a5c31000, 0x000002a7a5c2e800, 0x000002a7a5c33000, 0x000002a7a5c30000,
0x000002a7a5c2f000, 0x000002a7a5c2d800, 0x000002a7a3db4800, 0x000002a7a5c34000,
0x000002a7a5c35000, 0x000002a7a5c35800, 0x000002a7a5c36800, 0x000002a7a5c31800
}

Java Threads: ( => current thread )
  0x000002a78768f800 JavaThread "main" [_thread_blocked, id=7204, stack(0x000000eaac100000,0x000000eaac200000)]
  0x000002a7a1231800 JavaThread "Reference Handler" daemon [_thread_blocked, id=8068, stack(0x000000eaac800000,0x000000eaac900000)]
  0x000002a7a1237000 JavaThread "Finalizer" daemon [_thread_blocked, id=200, stack(0x000000eaac900000,0x000000eaaca00000)]
  0x000002a7a1291800 JavaThread "Signal Dispatcher" daemon [_thread_blocked, id=3684, stack(0x000000eaaca00000,0x000000eaacb00000)]
  0x000002a7a1293000 JavaThread "Attach Listener" daemon [_thread_blocked, id=832, stack(0x000000eaacb00000,0x000000eaacc00000)]
  0x000002a7a1297800 JavaThread "Service Thread" daemon [_thread_blocked, id=656, stack(0x000000eaacc00000,0x000000eaacd00000)]
=>0x000002a7a1299000 JavaThread "C2 CompilerThread0" daemon [_thread_in_native, id=4912, stack(0x000000eaacd00000,0x000000eaace00000)]
  0x000002a7a12a0800 JavaThread "C1 CompilerThread0" daemon [_thread_blocked, id=5036, stack(0x000000eaace00000,0x000000eaacf00000)]
  0x000002a7a12a5000 JavaThread "Sweeper thread" daemon [_thread_blocked, id=4232, stack(0x000000eaacf00000,0x000000eaad000000)]
  0x000002a7a1d03000 JavaThread "Common-Cleaner" daemon [_thread_blocked, id=2668, stack(0x000000eaad000000,0x000000eaad100000)]
  0x000002a7a3541800 JavaThread "Daemon health stats" [_thread_blocked, id=5688, stack(0x000000eaad400000,0x000000eaad500000)]
  0x000002a7a3390000 JavaThread "Incoming local TCP Connector on port 49767" [_thread_in_native, id=6084, stack(0x000000eaad500000,0x000000eaad600000)]
  0x000002a7a321a000 JavaThread "Daemon periodic checks" [_thread_blocked, id=5996, stack(0x000000eaad600000,0x000000eaad700000)]
  0x000002a7a30c6000 JavaThread "Daemon" [_thread_blocked, id=7684, stack(0x000000eaad700000,0x000000eaad800000)]
  0x000002a7a53b6000 JavaThread "Handler for socket connection from /127.0.0.1:49767 to /127.0.0.1:49768" [_thread_in_native, id=7276, stack(0x000000eaad800000,0x000000eaad900000)]
  0x000002a7a3206800 JavaThread "Cancel handler" [_thread_blocked, id=6352, stack(0x000000eaad900000,0x000000eaada00000)]
  0x000002a7a3e3f800 JavaThread "Daemon worker" [_thread_blocked, id=7732, stack(0x000000eaada00000,0x000000eaadb00000)]
  0x000002a7a3b34800 JavaThread "Asynchronous log dispatcher for DefaultDaemonConnection: socket connection from /127.0.0.1:49767 to /127.0.0.1:49768" [_thread_blocked, id=6140, stack(0x000000eaadb00000,0x000000eaadc00000)]
  0x000002a7a459c800 JavaThread "Stdin handler" [_thread_blocked, id=5972, stack(0x000000eaadc00000,0x000000eaadd00000)]
  0x000002a7a4916000 JavaThread "Daemon client event forwarder" [_thread_blocked, id=5172, stack(0x000000eaadd00000,0x000000eaade00000)]
  0x000002a7a4916800 JavaThread "Cache worker for journal cache (C:\Users\kamra\.gradle\caches\journal-1)" [_thread_blocked, id=2364, stack(0x000000eaad200000,0x000000eaad300000)]
  0x000002a7a4915000 JavaThread "File lock request listener" [_thread_in_native, id=6240, stack(0x000000eaae000000,0x000000eaae100000)]
  0x000002a7a4917800 JavaThread "Cache worker for file hash cache (C:\Users\kamra\.gradle\caches\7.2\fileHashes)" [_thread_blocked, id=7456, stack(0x000000eaae100000,0x000000eaae200000)]
  0x000002a7a5c32800 JavaThread "Cache worker for file hash cache (F:\FYP\V1.1\MyApplication\.gradle\7.2\fileHashes)" [_thread_blocked, id=6412, stack(0x000000eaae300000,0x000000eaae400000)]
  0x000002a7a5c31000 JavaThread "File watcher server" daemon [_thread_in_native, id=6508, stack(0x000000eaae400000,0x000000eaae500000)]
  0x000002a7a5c2e800 JavaThread "File watcher consumer" daemon [_thread_blocked, id=6504, stack(0x000000eaae500000,0x000000eaae600000)]
  0x000002a7a5c33000 JavaThread "jar transforms" [_thread_blocked, id=6484, stack(0x000000eaae200000,0x000000eaae300000)]
  0x000002a7a5c30000 JavaThread "jar transforms Thread 2" [_thread_blocked, id=6572, stack(0x000000eaae600000,0x000000eaae700000)]
  0x000002a7a5c2f000 JavaThread "jar transforms Thread 3" [_thread_in_Java, id=6920, stack(0x000000eaae700000,0x000000eaae800000)]
  0x000002a7a5c2d800 JavaThread "jar transforms Thread 4" [_thread_blocked, id=7164, stack(0x000000eaae800000,0x000000eaae900000)]
  0x000002a7a3db4800 JavaThread "C2 CompilerThread1" daemon [_thread_in_native, id=6684, stack(0x000000eaae900000,0x000000eaaea00000)]
  0x000002a7a5c34000 JavaThread "Cache worker for checksums cache (F:\FYP\V1.1\MyApplication\.gradle\checksums)" [_thread_blocked, id=7156, stack(0x000000eaaea00000,0x000000eaaeb00000)]
  0x000002a7a5c35000 JavaThread "Cache worker for cache directory md-supplier (C:\Users\kamra\.gradle\caches\7.2\md-supplier)" [_thread_blocked, id=7064, stack(0x000000eaaeb00000,0x000000eaaec00000)]
  0x000002a7a5c35800 JavaThread "Cache worker for cache directory md-rule (C:\Users\kamra\.gradle\caches\7.2\md-rule)" [_thread_blocked, id=7036, stack(0x000000eaaec00000,0x000000eaaed00000)]
  0x000002a7a5c36800 JavaThread "Cache worker for execution history cache (C:\Users\kamra\.gradle\caches\7.2\executionHistory)" [_thread_blocked, id=6932, stack(0x000000eaaed00000,0x000000eaaee00000)]
  0x000002a7a5c31800 JavaThread "Cache worker for file content cache (C:\Users\kamra\.gradle\caches\7.2\fileContent)" [_thread_blocked, id=7128, stack(0x000000eaaee00000,0x000000eaaef00000)]

Other Threads:
  0x000002a7a122c800 VMThread "VM Thread" [stack: 0x000000eaac700000,0x000000eaac800000] [id=1884]
  0x000002a7a1d21800 WatcherThread [stack: 0x000000eaad100000,0x000000eaad200000] [id=2272]
  0x000002a7876a4800 GCTaskThread "GC Thread#0" [stack: 0x000000eaac200000,0x000000eaac300000] [id=4636]
  0x000002a7a2638800 GCTaskThread "GC Thread#1" [stack: 0x000000eaad300000,0x000000eaad400000] [id=5816]
  0x000002a7a3508000 GCTaskThread "GC Thread#2" [stack: 0x000000eaade00000,0x000000eaadf00000] [id=7800]
  0x000002a7a2b10000 GCTaskThread "GC Thread#3" [stack: 0x000000eaadf00000,0x000000eaae000000] [id=7432]
  0x000002a7876d5800 ConcurrentGCThread "G1 Main Marker" [stack: 0x000000eaac300000,0x000000eaac400000] [id=4356]
  0x000002a7876d7000 ConcurrentGCThread "G1 Conc#0" [stack: 0x000000eaac400000,0x000000eaac500000] [id=1564]
  0x000002a78772d000 ConcurrentGCThread "G1 Refine#0" [stack: 0x000000eaac500000,0x000000eaac600000] [id=4700]
  0x000002a78772e000 ConcurrentGCThread "G1 Young RemSet Sampling" [stack: 0x000000eaac600000,0x000000eaac700000] [id=2596]

Threads with active compile tasks:
C2 CompilerThread0  17648 5162       4       org.objectweb.asm.ClassReader::accept (1404 bytes)
C2 CompilerThread1  17648 5164       4       org.objectweb.asm.ClassReader::readCode (5109 bytes)

VM state:not at safepoint (normal execution)

VM Mutex/Monitor currently owned by a thread: None

Heap address: 0x0000000080000000, size: 2048 MB, Compressed Oops mode: 32-bit
Narrow klass base: 0x0000000000000000, Narrow klass shift: 3
Compressed class space size: 1073741824 Address: 0x0000000100000000

Heap:
 garbage-first heap   total 159744K, used 89168K [0x0000000080000000, 0x0000000100000000)
  region size 1024K, 31 young (31744K), 4 survivors (4096K)
 Metaspace       used 48402K, capacity 49627K, committed 49948K, reserved 1093632K
  class space    used 6212K, capacity 6659K, committed 6784K, reserved 1048576K
Heap Regions: E=young(eden), S=young(survivor), O=old, HS=humongous(starts), HC=humongous(continues), CS=collection set, F=free, A=archive, TAMS=top-at-mark-start (previous, next)
|   0|0x0000000080000000, 0x0000000080100000, 0x0000000080100000|100%| O|  |TAMS 0x0000000080100000, 0x0000000080000000| Untracked 
|   1|0x0000000080100000, 0x0000000080200000, 0x0000000080200000|100%| O|  |TAMS 0x0000000080200000, 0x0000000080100000| Untracked 
|   2|0x0000000080200000, 0x0000000080300000, 0x0000000080300000|100%| O|  |TAMS 0x0000000080300000, 0x0000000080200000| Untracked 
|   3|0x0000000080300000, 0x0000000080400000, 0x0000000080400000|100%|HS|  |TAMS 0x0000000080400000, 0x0000000080300000| Complete 
|   4|0x0000000080400000, 0x0000000080500000, 0x0000000080500000|100%|HC|  |TAMS 0x0000000080500000, 0x0000000080400000| Complete 
|   5|0x0000000080500000, 0x0000000080600000, 0x0000000080600000|100%|HC|  |TAMS 0x0000000080600000, 0x0000000080500000| Complete 
|   6|0x0000000080600000, 0x0000000080700000, 0x0000000080700000|100%| O|  |TAMS 0x0000000080700000, 0x0000000080600000| Untracked 
|   7|0x0000000080700000, 0x0000000080800000, 0x0000000080800000|100%| O|  |TAMS 0x0000000080800000, 0x0000000080700000| Untracked 
|   8|0x0000000080800000, 0x0000000080900000, 0x0000000080900000|100%| O|  |TAMS 0x0000000080900000, 0x0000000080800000| Untracked 
|   9|0x0000000080900000, 0x0000000080a00000, 0x0000000080a00000|100%| O|  |TAMS 0x0000000080a00000, 0x0000000080900000| Untracked 
|  10|0x0000000080a00000, 0x0000000080b00000, 0x0000000080b00000|100%| O|  |TAMS 0x0000000080b00000, 0x0000000080a00000| Untracked 
|  11|0x0000000080b00000, 0x0000000080c00000, 0x0000000080c00000|100%| O|  |TAMS 0x0000000080c00000, 0x0000000080b00000| Untracked 
|  12|0x0000000080c00000, 0x0000000080d00000, 0x0000000080d00000|100%| O|  |TAMS 0x0000000080d00000, 0x0000000080c00000| Untracked 
|  13|0x0000000080d00000, 0x0000000080e00000, 0x0000000080e00000|100%| O|  |TAMS 0x0000000080e00000, 0x0000000080d00000| Untracked 
|  14|0x0000000080e00000, 0x0000000080f00000, 0x0000000080f00000|100%| O|  |TAMS 0x0000000080f00000, 0x0000000080e00000| Untracked 
|  15|0x0000000080f00000, 0x0000000081000000, 0x0000000081000000|100%| O|  |TAMS 0x0000000081000000, 0x0000000080f00000| Untracked 
|  16|0x0000000081000000, 0x0000000081100000, 0x0000000081100000|100%| O|  |TAMS 0x0000000081100000, 0x0000000081000000| Untracked 
|  17|0x0000000081100000, 0x0000000081200000, 0x0000000081200000|100%|HS|  |TAMS 0x0000000081200000, 0x0000000081100000| Complete 
|  18|0x0000000081200000, 0x0000000081300000, 0x0000000081300000|100%|HC|  |TAMS 0x0000000081300000, 0x0000000081200000| Complete 
|  19|0x0000000081300000, 0x0000000081400000, 0x0000000081400000|100%|HS|  |TAMS 0x0000000081400000, 0x0000000081300000| Complete 
|  20|0x0000000081400000, 0x0000000081500000, 0x0000000081500000|100%|HC|  |TAMS 0x0000000081500000, 0x0000000081400000| Complete 
|  21|0x0000000081500000, 0x0000000081600000, 0x0000000081600000|100%|HC|  |TAMS 0x0000000081600000, 0x0000000081500000| Complete 
|  22|0x0000000081600000, 0x0000000081700000, 0x0000000081700000|100%|HS|  |TAMS 0x0000000081700000, 0x0000000081600000| Complete 
|  23|0x0000000081700000, 0x0000000081800000, 0x0000000081800000|100%|HC|  |TAMS 0x0000000081800000, 0x0000000081700000| Complete 
|  24|0x0000000081800000, 0x0000000081900000, 0x0000000081900000|100%|HC|  |TAMS 0x0000000081900000, 0x0000000081800000| Complete 
|  25|0x0000000081900000, 0x0000000081a00000, 0x0000000081a00000|100%|HC|  |TAMS 0x0000000081a00000, 0x0000000081900000| Complete 
|  26|0x0000000081a00000, 0x0000000081b00000, 0x0000000081b00000|100%| O|  |TAMS 0x0000000081b00000, 0x0000000081a00000| Untracked 
|  27|0x0000000081b00000, 0x0000000081c00000, 0x0000000081c00000|100%| O|  |TAMS 0x0000000081c00000, 0x0000000081b00000| Untracked 
|  28|0x0000000081c00000, 0x0000000081d00000, 0x0000000081d00000|100%| O|  |TAMS 0x0000000081d00000, 0x0000000081c00000| Untracked 
|  29|0x0000000081d00000, 0x0000000081e00000, 0x0000000081e00000|100%| O|  |TAMS 0x0000000081e00000, 0x0000000081d00000| Untracked 
|  30|0x0000000081e00000, 0x0000000081f00000, 0x0000000081f00000|100%| O|  |TAMS 0x0000000081f00000, 0x0000000081e00000| Untracked 
|  31|0x0000000081f00000, 0x0000000082000000, 0x0000000082000000|100%| O|  |TAMS 0x0000000082000000, 0x0000000081f00000| Untracked 
|  32|0x0000000082000000, 0x0000000082100000, 0x0000000082100000|100%| O|  |TAMS 0x0000000082100000, 0x0000000082000000| Untracked 
|  33|0x0000000082100000, 0x0000000082200000, 0x0000000082200000|100%| O|  |TAMS 0x0000000082200000, 0x0000000082100000| Untracked 
|  34|0x0000000082200000, 0x0000000082300000, 0x0000000082300000|100%| O|  |TAMS 0x0000000082300000, 0x0000000082200000| Untracked 
|  35|0x0000000082300000, 0x0000000082400000, 0x0000000082400000|100%| O|  |TAMS 0x0000000082400000, 0x0000000082300000| Untracked 
|  36|0x0000000082400000, 0x0000000082500000, 0x0000000082500000|100%| O|  |TAMS 0x0000000082500000, 0x0000000082400000| Untracked 
|  37|0x0000000082500000, 0x0000000082600000, 0x0000000082600000|100%| O|  |TAMS 0x0000000082600000, 0x0000000082500000| Untracked 
|  38|0x0000000082600000, 0x0000000082700000, 0x0000000082700000|100%| O|  |TAMS 0x0000000082700000, 0x0000000082600000| Untracked 
|  39|0x0000000082700000, 0x0000000082800000, 0x0000000082800000|100%| O|  |TAMS 0x0000000082800000, 0x0000000082700000| Untracked 
|  40|0x0000000082800000, 0x0000000082900000, 0x0000000082900000|100%| O|  |TAMS 0x0000000082900000, 0x0000000082800000| Untracked 
|  41|0x0000000082900000, 0x0000000082a00000, 0x0000000082a00000|100%| O|  |TAMS 0x0000000082a00000, 0x0000000082900000| Untracked 
|  42|0x0000000082a00000, 0x0000000082b00000, 0x0000000082b00000|100%| O|  |TAMS 0x0000000082b00000, 0x0000000082a00000| Untracked 
|  43|0x0000000082b00000, 0x0000000082c00000, 0x0000000082c00000|100%| O|  |TAMS 0x0000000082c00000, 0x0000000082b00000| Untracked 
|  44|0x0000000082c00000, 0x0000000082d00000, 0x0000000082d00000|100%| O|  |TAMS 0x0000000082d00000, 0x0000000082c00000| Untracked 
|  45|0x0000000082d00000, 0x0000000082e00000, 0x0000000082e00000|100%| O|  |TAMS 0x0000000082e00000, 0x0000000082d00000| Untracked 
|  46|0x0000000082e00000, 0x0000000082f00000, 0x0000000082f00000|100%| O|  |TAMS 0x0000000082f00000, 0x0000000082e00000| Untracked 
|  47|0x0000000082f00000, 0x0000000083000000, 0x0000000083000000|100%|HS|  |TAMS 0x0000000083000000, 0x0000000082f00000| Complete 
|  48|0x0000000083000000, 0x0000000083100000, 0x0000000083100000|100%|HC|  |TAMS 0x0000000083100000, 0x0000000083000000| Complete 
|  49|0x0000000083100000, 0x0000000083200000, 0x0000000083200000|100%|HC|  |TAMS 0x0000000083200000, 0x0000000083100000| Complete 
|  50|0x0000000083200000, 0x0000000083300000, 0x0000000083300000|100%|HC|  |TAMS 0x0000000083300000, 0x0000000083200000| Complete 
|  51|0x0000000083300000, 0x0000000083400000, 0x0000000083400000|100%| O|  |TAMS 0x0000000083400000, 0x0000000083300000| Untracked 
|  52|0x0000000083400000, 0x0000000083500000, 0x0000000083500000|100%| O|  |TAMS 0x0000000083500000, 0x0000000083400000| Untracked 
|  53|0x0000000083500000, 0x0000000083600000, 0x0000000083600000|100%| O|  |TAMS 0x0000000083600000, 0x0000000083500000| Untracked 
|  54|0x0000000083600000, 0x0000000083700000, 0x0000000083700000|100%| O|  |TAMS 0x0000000083700000, 0x0000000083600000| Untracked 
|  55|0x0000000083700000, 0x0000000083800000, 0x0000000083800000|100%| O|  |TAMS 0x0000000083800000, 0x0000000083700000| Untracked 
|  56|0x0000000083800000, 0x0000000083900000, 0x0000000083900000|100%| O|  |TAMS 0x0000000083900000, 0x0000000083800000| Untracked 
|  57|0x0000000083900000, 0x0000000083914000, 0x0000000083a00000|  7%| O|  |TAMS 0x0000000083914000, 0x0000000083900000| Untracked 
|  58|0x0000000083a00000, 0x0000000083a00000, 0x0000000083b00000|  0%| F|  |TAMS 0x0000000083a00000, 0x0000000083a00000| Untracked 
|  59|0x0000000083b00000, 0x0000000083b00000, 0x0000000083c00000|  0%| F|  |TAMS 0x0000000083b00000, 0x0000000083b00000| Untracked 
|  60|0x0000000083c00000, 0x0000000083c00000, 0x0000000083d00000|  0%| F|  |TAMS 0x0000000083c00000, 0x0000000083c00000| Untracked 
|  61|0x0000000083d00000, 0x0000000083d00000, 0x0000000083e00000|  0%| F|  |TAMS 0x0000000083d00000, 0x0000000083d00000| Untracked 
|  62|0x0000000083e00000, 0x0000000083e00000, 0x0000000083f00000|  0%| F|  |TAMS 0x0000000083e00000, 0x0000000083e00000| Untracked 
|  63|0x0000000083f00000, 0x0000000083f00000, 0x0000000084000000|  0%| F|  |TAMS 0x0000000083f00000, 0x0000000083f00000| Untracked 
|  64|0x0000000084000000, 0x0000000084000000, 0x0000000084100000|  0%| F|  |TAMS 0x0000000084000000, 0x0000000084000000| Untracked 
|  65|0x0000000084100000, 0x0000000084100000, 0x0000000084200000|  0%| F|  |TAMS 0x0000000084100000, 0x0000000084100000| Untracked 
|  66|0x0000000084200000, 0x0000000084200000, 0x0000000084300000|  0%| F|  |TAMS 0x0000000084200000, 0x0000000084200000| Untracked 
|  67|0x0000000084300000, 0x0000000084300000, 0x0000000084400000|  0%| F|  |TAMS 0x0000000084300000, 0x0000000084300000| Untracked 
|  68|0x0000000084400000, 0x0000000084400000, 0x0000000084500000|  0%| F|  |TAMS 0x0000000084400000, 0x0000000084400000| Untracked 
|  69|0x0000000084500000, 0x0000000084500000, 0x0000000084600000|  0%| F|  |TAMS 0x0000000084500000, 0x0000000084500000| Untracked 
|  70|0x0000000084600000, 0x0000000084600000, 0x0000000084700000|  0%| F|  |TAMS 0x0000000084600000, 0x0000000084600000| Untracked 
|  71|0x0000000084700000, 0x0000000084700000, 0x0000000084800000|  0%| F|  |TAMS 0x0000000084700000, 0x0000000084700000| Untracked 
|  72|0x0000000084800000, 0x0000000084800000, 0x0000000084900000|  0%| F|  |TAMS 0x0000000084800000, 0x0000000084800000| Untracked 
|  73|0x0000000084900000, 0x0000000084900000, 0x0000000084a00000|  0%| F|  |TAMS 0x0000000084900000, 0x0000000084900000| Untracked 
|  74|0x0000000084a00000, 0x0000000084a00000, 0x0000000084b00000|  0%| F|  |TAMS 0x0000000084a00000, 0x0000000084a00000| Untracked 
|  75|0x0000000084b00000, 0x0000000084b00000, 0x0000000084c00000|  0%| F|  |TAMS 0x0000000084b00000, 0x0000000084b00000| Untracked 
|  76|0x0000000084c00000, 0x0000000084c00000, 0x0000000084d00000|  0%| F|  |TAMS 0x0000000084c00000, 0x0000000084c00000| Untracked 
|  77|0x0000000084d00000, 0x0000000084d00000, 0x0000000084e00000|  0%| F|  |TAMS 0x0000000084d00000, 0x0000000084d00000| Untracked 
|  78|0x0000000084e00000, 0x0000000084e00000, 0x0000000084f00000|  0%| F|  |TAMS 0x0000000084e00000, 0x0000000084e00000| Untracked 
|  79|0x0000000084f00000, 0x0000000084f00000, 0x0000000085000000|  0%| F|  |TAMS 0x0000000084f00000, 0x0000000084f00000| Untracked 
|  80|0x0000000085000000, 0x0000000085000000, 0x0000000085100000|  0%| F|  |TAMS 0x0000000085000000, 0x0000000085000000| Untracked 
|  81|0x0000000085100000, 0x0000000085200000, 0x0000000085200000|100%| S|CS|TAMS 0x0000000085100000, 0x0000000085100000| Complete 
|  82|0x0000000085200000, 0x0000000085300000, 0x0000000085300000|100%| S|CS|TAMS 0x0000000085200000, 0x0000000085200000| Complete 
|  83|0x0000000085300000, 0x0000000085400000, 0x0000000085400000|100%| S|CS|TAMS 0x0000000085300000, 0x0000000085300000| Complete 
|  84|0x0000000085400000, 0x0000000085500000, 0x0000000085500000|100%| S|CS|TAMS 0x0000000085400000, 0x0000000085400000| Complete 
|  85|0x0000000085500000, 0x0000000085500000, 0x0000000085600000|  0%| F|  |TAMS 0x0000000085500000, 0x0000000085500000| Untracked 
|  86|0x0000000085600000, 0x0000000085600000, 0x0000000085700000|  0%| F|  |TAMS 0x0000000085600000, 0x0000000085600000| Untracked 
|  87|0x0000000085700000, 0x0000000085700000, 0x0000000085800000|  0%| F|  |TAMS 0x0000000085700000, 0x0000000085700000| Untracked 
|  88|0x0000000085800000, 0x0000000085800000, 0x0000000085900000|  0%| F|  |TAMS 0x0000000085800000, 0x0000000085800000| Untracked 
|  89|0x0000000085900000, 0x0000000085900000, 0x0000000085a00000|  0%| F|  |TAMS 0x0000000085900000, 0x0000000085900000| Untracked 
|  90|0x0000000085a00000, 0x0000000085a00000, 0x0000000085b00000|  0%| F|  |TAMS 0x0000000085a00000, 0x0000000085a00000| Untracked 
|  91|0x0000000085b00000, 0x0000000085b00000, 0x0000000085c00000|  0%| F|  |TAMS 0x0000000085b00000, 0x0000000085b00000| Untracked 
|  92|0x0000000085c00000, 0x0000000085c00000, 0x0000000085d00000|  0%| F|  |TAMS 0x0000000085c00000, 0x0000000085c00000| Untracked 
|  93|0x0000000085d00000, 0x0000000085d00000, 0x0000000085e00000|  0%| F|  |TAMS 0x0000000085d00000, 0x0000000085d00000| Untracked 
|  94|0x0000000085e00000, 0x0000000085e00000, 0x0000000085f00000|  0%| F|  |TAMS 0x0000000085e00000, 0x0000000085e00000| Untracked 
|  95|0x0000000085f00000, 0x0000000085f00000, 0x0000000086000000|  0%| F|  |TAMS 0x0000000085f00000, 0x0000000085f00000| Untracked 
|  96|0x0000000086000000, 0x0000000086000000, 0x0000000086100000|  0%| F|  |TAMS 0x0000000086000000, 0x0000000086000000| Untracked 
|  97|0x0000000086100000, 0x0000000086100000, 0x0000000086200000|  0%| F|  |TAMS 0x0000000086100000, 0x0000000086100000| Untracked 
|  98|0x0000000086200000, 0x0000000086200000, 0x0000000086300000|  0%| F|  |TAMS 0x0000000086200000, 0x0000000086200000| Untracked 
|  99|0x0000000086300000, 0x0000000086300000, 0x0000000086400000|  0%| F|  |TAMS 0x0000000086300000, 0x0000000086300000| Untracked 
| 100|0x0000000086400000, 0x0000000086400000, 0x0000000086500000|  0%| F|  |TAMS 0x0000000086400000, 0x0000000086400000| Untracked 
| 101|0x0000000086500000, 0x0000000086500000, 0x0000000086600000|  0%| F|  |TAMS 0x0000000086500000, 0x0000000086500000| Untracked 
| 102|0x0000000086600000, 0x0000000086600000, 0x0000000086700000|  0%| F|  |TAMS 0x0000000086600000, 0x0000000086600000| Untracked 
| 103|0x0000000086700000, 0x0000000086700000, 0x0000000086800000|  0%| F|  |TAMS 0x0000000086700000, 0x0000000086700000| Untracked 
| 104|0x0000000086800000, 0x0000000086800000, 0x0000000086900000|  0%| F|  |TAMS 0x0000000086800000, 0x0000000086800000| Untracked 
| 105|0x0000000086900000, 0x0000000086900000, 0x0000000086a00000|  0%| F|  |TAMS 0x0000000086900000, 0x0000000086900000| Untracked 
| 106|0x0000000086a00000, 0x0000000086a00000, 0x0000000086b00000|  0%| F|  |TAMS 0x0000000086a00000, 0x0000000086a00000| Untracked 
| 107|0x0000000086b00000, 0x0000000086b00000, 0x0000000086c00000|  0%| F|  |TAMS 0x0000000086b00000, 0x0000000086b00000| Untracked 
| 108|0x0000000086c00000, 0x0000000086c00000, 0x0000000086d00000|  0%| F|  |TAMS 0x0000000086c00000, 0x0000000086c00000| Untracked 
| 109|0x0000000086d00000, 0x0000000086d00000, 0x0000000086e00000|  0%| F|  |TAMS 0x0000000086d00000, 0x0000000086d00000| Untracked 
| 110|0x0000000086e00000, 0x0000000086e00000, 0x0000000086f00000|  0%| F|  |TAMS 0x0000000086e00000, 0x0000000086e00000| Untracked 
| 111|0x0000000086f00000, 0x0000000086f00000, 0x0000000087000000|  0%| F|  |TAMS 0x0000000086f00000, 0x0000000086f00000| Untracked 
| 112|0x0000000087000000, 0x0000000087000000, 0x0000000087100000|  0%| F|  |TAMS 0x0000000087000000, 0x0000000087000000| Untracked 
| 113|0x0000000087100000, 0x0000000087100000, 0x0000000087200000|  0%| F|  |TAMS 0x0000000087100000, 0x0000000087100000| Untracked 
| 114|0x0000000087200000, 0x0000000087200000, 0x0000000087300000|  0%| F|  |TAMS 0x0000000087200000, 0x0000000087200000| Untracked 
| 115|0x0000000087300000, 0x0000000087300000, 0x0000000087400000|  0%| F|  |TAMS 0x0000000087300000, 0x0000000087300000| Untracked 
| 116|0x0000000087400000, 0x0000000087400000, 0x0000000087500000|  0%| F|  |TAMS 0x0000000087400000, 0x0000000087400000| Untracked 
| 117|0x0000000087500000, 0x0000000087500000, 0x0000000087600000|  0%| F|  |TAMS 0x0000000087500000, 0x0000000087500000| Untracked 
| 118|0x0000000087600000, 0x0000000087600000, 0x0000000087700000|  0%| F|  |TAMS 0x0000000087600000, 0x0000000087600000| Untracked 
| 119|0x0000000087700000, 0x0000000087700000, 0x0000000087800000|  0%| F|  |TAMS 0x0000000087700000, 0x0000000087700000| Untracked 
| 120|0x0000000087800000, 0x0000000087800000, 0x0000000087900000|  0%| F|  |TAMS 0x0000000087800000, 0x0000000087800000| Untracked 
| 121|0x0000000087900000, 0x0000000087900000, 0x0000000087a00000|  0%| F|  |TAMS 0x0000000087900000, 0x0000000087900000| Untracked 
| 122|0x0000000087a00000, 0x0000000087a00000, 0x0000000087b00000|  0%| F|  |TAMS 0x0000000087a00000, 0x0000000087a00000| Untracked 
| 123|0x0000000087b00000, 0x0000000087b00000, 0x0000000087c00000|  0%| F|  |TAMS 0x0000000087b00000, 0x0000000087b00000| Untracked 
| 124|0x0000000087c00000, 0x0000000087c00000, 0x0000000087d00000|  0%| F|  |TAMS 0x0000000087c00000, 0x0000000087c00000| Untracked 
| 125|0x0000000087d00000, 0x0000000087d00000, 0x0000000087e00000|  0%| F|  |TAMS 0x0000000087d00000, 0x0000000087d00000| Untracked 
| 126|0x0000000087e00000, 0x0000000087e00000, 0x0000000087f00000|  0%| F|  |TAMS 0x0000000087e00000, 0x0000000087e00000| Untracked 
| 127|0x0000000087f00000, 0x0000000087f00000, 0x0000000088000000|  0%| F|  |TAMS 0x0000000087f00000, 0x0000000087f00000| Untracked 
| 128|0x0000000088000000, 0x0000000088080800, 0x0000000088100000| 50%| E|  |TAMS 0x0000000088000000, 0x0000000088000000| Complete 
| 129|0x0000000088100000, 0x0000000088200000, 0x0000000088200000|100%| E|CS|TAMS 0x0000000088100000, 0x0000000088100000| Complete 
| 130|0x0000000088200000, 0x0000000088300000, 0x0000000088300000|100%| E|CS|TAMS 0x0000000088200000, 0x0000000088200000| Complete 
| 131|0x0000000088300000, 0x0000000088400000, 0x0000000088400000|100%| E|CS|TAMS 0x0000000088300000, 0x0000000088300000| Complete 
| 132|0x0000000088400000, 0x0000000088500000, 0x0000000088500000|100%| E|CS|TAMS 0x0000000088400000, 0x0000000088400000| Complete 
| 133|0x0000000088500000, 0x0000000088600000, 0x0000000088600000|100%| E|CS|TAMS 0x0000000088500000, 0x0000000088500000| Complete 
| 134|0x0000000088600000, 0x0000000088700000, 0x0000000088700000|100%| E|CS|TAMS 0x0000000088600000, 0x0000000088600000| Complete 
| 135|0x0000000088700000, 0x0000000088800000, 0x0000000088800000|100%| E|CS|TAMS 0x0000000088700000, 0x0000000088700000| Complete 
| 136|0x0000000088800000, 0x0000000088900000, 0x0000000088900000|100%| E|CS|TAMS 0x0000000088800000, 0x0000000088800000| Complete 
| 137|0x0000000088900000, 0x0000000088a00000, 0x0000000088a00000|100%| E|CS|TAMS 0x0000000088900000, 0x0000000088900000| Complete 
| 138|0x0000000088a00000, 0x0000000088b00000, 0x0000000088b00000|100%| E|CS|TAMS 0x0000000088a00000, 0x0000000088a00000| Complete 
| 139|0x0000000088b00000, 0x0000000088c00000, 0x0000000088c00000|100%| E|CS|TAMS 0x0000000088b00000, 0x0000000088b00000| Complete 
| 140|0x0000000088c00000, 0x0000000088d00000, 0x0000000088d00000|100%| E|CS|TAMS 0x0000000088c00000, 0x0000000088c00000| Complete 
| 141|0x0000000088d00000, 0x0000000088e00000, 0x0000000088e00000|100%| E|CS|TAMS 0x0000000088d00000, 0x0000000088d00000| Complete 
| 142|0x0000000088e00000, 0x0000000088f00000, 0x0000000088f00000|100%| E|CS|TAMS 0x0000000088e00000, 0x0000000088e00000| Complete 
| 143|0x0000000088f00000, 0x0000000089000000, 0x0000000089000000|100%| E|CS|TAMS 0x0000000088f00000, 0x0000000088f00000| Complete 
| 144|0x0000000089000000, 0x0000000089100000, 0x0000000089100000|100%| E|CS|TAMS 0x0000000089000000, 0x0000000089000000| Complete 
| 145|0x0000000089100000, 0x0000000089200000, 0x0000000089200000|100%| E|CS|TAMS 0x0000000089100000, 0x0000000089100000| Complete 
| 146|0x0000000089200000, 0x0000000089300000, 0x0000000089300000|100%| E|CS|TAMS 0x0000000089200000, 0x0000000089200000| Complete 
| 147|0x0000000089300000, 0x0000000089400000, 0x0000000089400000|100%| E|CS|TAMS 0x0000000089300000, 0x0000000089300000| Complete 
| 148|0x0000000089400000, 0x0000000089500000, 0x0000000089500000|100%| E|CS|TAMS 0x0000000089400000, 0x0000000089400000| Complete 
| 149|0x0000000089500000, 0x0000000089600000, 0x0000000089600000|100%| E|CS|TAMS 0x0000000089500000, 0x0000000089500000| Complete 
| 150|0x0000000089600000, 0x0000000089700000, 0x0000000089700000|100%| E|CS|TAMS 0x0000000089600000, 0x0000000089600000| Complete 
| 151|0x0000000089700000, 0x0000000089800000, 0x0000000089800000|100%| E|CS|TAMS 0x0000000089700000, 0x0000000089700000| Complete 
| 152|0x0000000089800000, 0x0000000089900000, 0x0000000089900000|100%| E|CS|TAMS 0x0000000089800000, 0x0000000089800000| Complete 
| 153|0x0000000089900000, 0x0000000089a00000, 0x0000000089a00000|100%| E|CS|TAMS 0x0000000089900000, 0x0000000089900000| Complete 
| 154|0x0000000089a00000, 0x0000000089b00000, 0x0000000089b00000|100%| E|CS|TAMS 0x0000000089a00000, 0x0000000089a00000| Complete 
| 155|0x0000000089b00000, 0x0000000089c00000, 0x0000000089c00000|100%| E|CS|TAMS 0x0000000089b00000, 0x0000000089b00000| Complete 

Card table byte_map: [0x000002a79a590000,0x000002a79a990000] _byte_map_base: 0x000002a79a190000

Marking Bits (Prev, Next): (CMBitMap*) 0x000002a7876cce48, (CMBitMap*) 0x000002a7876cce80
 Prev Bits: [0x000002a79ad90000, 0x000002a79cd90000)
 Next Bits: [0x000002a79cd90000, 0x000002a79ed90000)

Polling page: 0x000002a785570000

Metaspace:

Usage:
  Non-class:     41.96 MB capacity,    41.20 MB ( 98%) used,   655.82 KB (  2%) free+waste,   122.75 KB ( <1%) overhead. 
      Class:      6.50 MB capacity,     6.07 MB ( 93%) used,   387.43 KB (  6%) free+waste,    58.75 KB ( <1%) overhead. 
       Both:     48.46 MB capacity,    47.27 MB ( 98%) used,     1.02 MB (  2%) free+waste,   181.50 KB ( <1%) overhead. 

Virtual space:
  Non-class space:       44.00 MB reserved,      42.15 MB ( 96%) committed 
      Class space:        1.00 GB reserved,       6.63 MB ( <1%) committed 
             Both:        1.04 GB reserved,      48.78 MB (  5%) committed 

Chunk freelists:
   Non-Class:  68.00 KB
       Class:  29.00 KB
        Both:  97.00 KB

MaxMetaspaceSize: 17179869184.00 GB
CompressedClassSpaceSize: 1.00 GB

CodeHeap 'non-profiled nmethods': size=120064Kb used=3867Kb max_used=3867Kb free=116196Kb
 bounds [0x000002a792c50000, 0x000002a793020000, 0x000002a79a190000]
CodeHeap 'profiled nmethods': size=120000Kb used=11365Kb max_used=11365Kb free=108634Kb
 bounds [0x000002a78b720000, 0x000002a78c240000, 0x000002a792c50000]
CodeHeap 'non-nmethods': size=5696Kb used=2219Kb max_used=2307Kb free=3476Kb
 bounds [0x000002a78b190000, 0x000002a78b400000, 0x000002a78b720000]
 total_blobs=5910 nmethods=5116 adapters=705
 compilation: enabled
              stopped_count=0, restarted_count=0
 full_count=0

Compilation events (20 events):
Event: 17.118 Thread 0x000002a7a12a0800 5155       2       jdk.internal.misc.Unsafe::allocateUninitializedArray (52 bytes)
Event: 17.119 Thread 0x000002a7a12a0800 nmethod 5155 0x000002a78c237810 code [0x000002a78c237a00, 0x000002a78c237d58]
Event: 17.119 Thread 0x000002a7a12a0800 5156       2       jdk.internal.misc.Unsafe::allocateUninitializedArray0 (90 bytes)
Event: 17.119 Thread 0x000002a7a12a0800 nmethod 5156 0x000002a78c237f10 code [0x000002a78c238100, 0x000002a78c2387d8]
Event: 17.119 Thread 0x000002a7a12a0800 5157       2       java.lang.invoke.DirectMethodHandle$Holder::invokeStatic (18 bytes)
Event: 17.119 Thread 0x000002a7a12a0800 nmethod 5157 0x000002a78c238910 code [0x000002a78c238ae0, 0x000002a78c238c18]
Event: 17.119 Thread 0x000002a7a12a0800 5158       2       java.lang.StringConcatHelper::newString (46 bytes)
Event: 17.120 Thread 0x000002a7a12a0800 nmethod 5158 0x000002a78c238d10 code [0x000002a78c238f40, 0x000002a78c239428]
Event: 17.184 Thread 0x000002a7a1299000 nmethod 5151 0x000002a792ff7510 code [0x000002a792ff7720, 0x000002a792ff8fd8]
Event: 17.184 Thread 0x000002a7a1299000 5159       4       org.objectweb.asm.ClassReader::readElementValues (88 bytes)
Event: 17.189 Thread 0x000002a7a1299000 nmethod 5159 0x000002a792ffa390 code [0x000002a792ffa560, 0x000002a792ffa7e8]
Event: 17.189 Thread 0x000002a7a1299000 5150       4       org.objectweb.asm.ClassVisitor::visitSource (17 bytes)
Event: 17.199 Thread 0x000002a7a1299000 nmethod 5150 0x000002a792ffab10 code [0x000002a792ffad20, 0x000002a792ffb460]
Event: 17.199 Thread 0x000002a7a1299000 5049       4       java.lang.Math::floorDiv (31 bytes)
Event: 17.200 Thread 0x000002a7a1299000 nmethod 5049 0x000002a792ffb810 code [0x000002a792ffb9a0, 0x000002a792ffba58]
Event: 17.200 Thread 0x000002a7a1299000 5019       4       org.objectweb.asm.MethodWriter::computeMethodInfoSize (571 bytes)
Event: 17.226 Thread 0x000002a7a1299000 nmethod 5019 0x000002a792ffbb10 code [0x000002a792ffbde0, 0x000002a792ffc8e8]
Event: 17.226 Thread 0x000002a7a1299000 5160       4       org.gradle.internal.file.FilePathUtil::getPathSegments (54 bytes)
Event: 17.341 Thread 0x000002a7a1299000 nmethod 5160 0x000002a792ffd390 code [0x000002a792ffd5a0, 0x000002a792ffeef8]
Event: 17.341 Thread 0x000002a7a1299000 5162       4       org.objectweb.asm.ClassReader::accept (1404 bytes)

GC Heap History (20 events):
Event: 14.072 GC heap before
{Heap before GC invocations=41 (full 0):
 garbage-first heap   total 110592K, used 88955K [0x0000000080000000, 0x0000000100000000)
  region size 1024K, 35 young (35840K), 5 survivors (5120K)
 Metaspace       used 48383K, capacity 49627K, committed 49948K, reserved 1093632K
  class space    used 6212K, capacity 6659K, committed 6784K, reserved 1048576K
}
Event: 14.080 GC heap after
{Heap after GC invocations=42 (full 0):
 garbage-first heap   total 110592K, used 59297K [0x0000000080000000, 0x0000000100000000)
  region size 1024K, 1 young (1024K), 1 survivors (1024K)
 Metaspace       used 48383K, capacity 49627K, committed 49948K, reserved 1093632K
  class space    used 6212K, capacity 6659K, committed 6784K, reserved 1048576K
}
Event: 14.379 GC heap before
{Heap before GC invocations=43 (full 0):
 garbage-first heap   total 110592K, used 90017K [0x0000000080000000, 0x0000000100000000)
  region size 1024K, 31 young (31744K), 1 survivors (1024K)
 Metaspace       used 48398K, capacity 49627K, committed 49948K, reserved 1093632K
  class space    used 6212K, capacity 6659K, committed 6784K, reserved 1048576K
}
Event: 14.383 GC heap after
{Heap after GC invocations=44 (full 0):
 garbage-first heap   total 133120K, used 59037K [0x0000000080000000, 0x0000000100000000)
  region size 1024K, 1 young (1024K), 1 survivors (1024K)
 Metaspace       used 48398K, capacity 49627K, committed 49948K, reserved 1093632K
  class space    used 6212K, capacity 6659K, committed 6784K, reserved 1048576K
}
Event: 14.735 GC heap before
{Heap before GC invocations=44 (full 0):
 garbage-first heap   total 133120K, used 98973K [0x0000000080000000, 0x0000000100000000)
  region size 1024K, 40 young (40960K), 1 survivors (1024K)
 Metaspace       used 48398K, capacity 49627K, committed 49948K, reserved 1093632K
  class space    used 6212K, capacity 6659K, committed 6784K, reserved 1048576K
}
Event: 14.737 GC heap after
{Heap after GC invocations=45 (full 0):
 garbage-first heap   total 133120K, used 59205K [0x0000000080000000, 0x0000000100000000)
  region size 1024K, 1 young (1024K), 1 survivors (1024K)
 Metaspace       used 48398K, capacity 49627K, committed 49948K, reserved 1093632K
  class space    used 6212K, capacity 6659K, committed 6784K, reserved 1048576K
}
Event: 15.034 GC heap before
{Heap before GC invocations=45 (full 0):
 garbage-first heap   total 133120K, used 101189K [0x0000000080000000, 0x0000000100000000)
  region size 1024K, 42 young (43008K), 1 survivors (1024K)
 Metaspace       used 48398K, capacity 49627K, committed 49948K, reserved 1093632K
  class space    used 6212K, capacity 6659K, committed 6784K, reserved 1048576K
}
Event: 15.038 GC heap after
{Heap after GC invocations=46 (full 0):
 garbage-first heap   total 133120K, used 59613K [0x0000000080000000, 0x0000000100000000)
  region size 1024K, 2 young (2048K), 2 survivors (2048K)
 Metaspace       used 48398K, capacity 49627K, committed 49948K, reserved 1093632K
  class space    used 6212K, capacity 6659K, committed 6784K, reserved 1048576K
}
Event: 15.325 GC heap before
{Heap before GC invocations=46 (full 0):
 garbage-first heap   total 133120K, used 102621K [0x0000000080000000, 0x0000000100000000)
  region size 1024K, 44 young (45056K), 2 survivors (2048K)
 Metaspace       used 48398K, capacity 49627K, committed 49948K, reserved 1093632K
  class space    used 6212K, capacity 6659K, committed 6784K, reserved 1048576K
}
Event: 15.328 GC heap after
{Heap after GC invocations=47 (full 0):
 garbage-first heap   total 133120K, used 60110K [0x0000000080000000, 0x0000000100000000)
  region size 1024K, 2 young (2048K), 2 survivors (2048K)
 Metaspace       used 48398K, capacity 49627K, committed 49948K, reserved 1093632K
  class space    used 6212K, capacity 6659K, committed 6784K, reserved 1048576K
}
Event: 15.664 GC heap before
{Heap before GC invocations=47 (full 0):
 garbage-first heap   total 133120K, used 108238K [0x0000000080000000, 0x0000000100000000)
  region size 1024K, 49 young (50176K), 2 survivors (2048K)
 Metaspace       used 48398K, capacity 49627K, committed 49948K, reserved 1093632K
  class space    used 6212K, capacity 6659K, committed 6784K, reserved 1048576K
}
Event: 15.667 GC heap after
{Heap after GC invocations=48 (full 0):
 garbage-first heap   total 133120K, used 60436K [0x0000000080000000, 0x0000000100000000)
  region size 1024K, 2 young (2048K), 2 survivors (2048K)
 Metaspace       used 48398K, capacity 49627K, committed 49948K, reserved 1093632K
  class space    used 6212K, capacity 6659K, committed 6784K, reserved 1048576K
}
Event: 15.989 GC heap before
{Heap before GC invocations=48 (full 0):
 garbage-first heap   total 133120K, used 108564K [0x0000000080000000, 0x0000000100000000)
  region size 1024K, 49 young (50176K), 2 survivors (2048K)
 Metaspace       used 48398K, capacity 49627K, committed 49948K, reserved 1093632K
  class space    used 6212K, capacity 6659K, committed 6784K, reserved 1048576K
}
Event: 15.993 GC heap after
{Heap after GC invocations=49 (full 0):
 garbage-first heap   total 133120K, used 60718K [0x0000000080000000, 0x0000000100000000)
  region size 1024K, 3 young (3072K), 3 survivors (3072K)
 Metaspace       used 48398K, capacity 49627K, committed 49948K, reserved 1093632K
  class space    used 6212K, capacity 6659K, committed 6784K, reserved 1048576K
}
Event: 16.344 GC heap before
{Heap before GC invocations=49 (full 0):
 garbage-first heap   total 133120K, used 108846K [0x0000000080000000, 0x0000000100000000)
  region size 1024K, 50 young (51200K), 3 survivors (3072K)
 Metaspace       used 48398K, capacity 49627K, committed 49948K, reserved 1093632K
  class space    used 6212K, capacity 6659K, committed 6784K, reserved 1048576K
}
Event: 16.348 GC heap after
{Heap after GC invocations=50 (full 0):
 garbage-first heap   total 133120K, used 61318K [0x0000000080000000, 0x0000000100000000)
  region size 1024K, 3 young (3072K), 3 survivors (3072K)
 Metaspace       used 48398K, capacity 49627K, committed 49948K, reserved 1093632K
  class space    used 6212K, capacity 6659K, committed 6784K, reserved 1048576K
}
Event: 16.690 GC heap before
{Heap before GC invocations=50 (full 0):
 garbage-first heap   total 133120K, used 110470K [0x0000000080000000, 0x0000000100000000)
  region size 1024K, 51 young (52224K), 3 survivors (3072K)
 Metaspace       used 48398K, capacity 49627K, committed 49948K, reserved 1093632K
  class space    used 6212K, capacity 6659K, committed 6784K, reserved 1048576K
}
Event: 16.697 GC heap after
{Heap after GC invocations=51 (full 0):
 garbage-first heap   total 159744K, used 61866K [0x0000000080000000, 0x0000000100000000)
  region size 1024K, 4 young (4096K), 4 survivors (4096K)
 Metaspace       used 48398K, capacity 49627K, committed 49948K, reserved 1093632K
  class space    used 6212K, capacity 6659K, committed 6784K, reserved 1048576K
}
Event: 17.058 GC heap before
{Heap before GC invocations=51 (full 0):
 garbage-first heap   total 159744K, used 118186K [0x0000000080000000, 0x0000000100000000)
  region size 1024K, 59 young (60416K), 4 survivors (4096K)
 Metaspace       used 48398K, capacity 49627K, committed 49948K, reserved 1093632K
  class space    used 6212K, capacity 6659K, committed 6784K, reserved 1048576K
}
Event: 17.063 GC heap after
{Heap after GC invocations=52 (full 0):
 garbage-first heap   total 159744K, used 62034K [0x0000000080000000, 0x0000000100000000)
  region size 1024K, 4 young (4096K), 4 survivors (4096K)
 Metaspace       used 48398K, capacity 49627K, committed 49948K, reserved 1093632K
  class space    used 6212K, capacity 6659K, committed 6784K, reserved 1048576K
}

Deoptimization events (20 events):
Event: 17.358 Thread 0x000002a7a5c2f000 DEOPT PACKING pc=0x000002a78c1c62a4 sp=0x000000eaae7fdeb0
Event: 17.358 Thread 0x000002a7a5c2f000 DEOPT UNPACKING pc=0x000002a78b1b6d5e sp=0x000000eaae7fd530 mode 0
Event: 17.366 Thread 0x000002a7a5c2f000 DEOPT PACKING pc=0x000002a78c1c62a4 sp=0x000000eaae7fdeb0
Event: 17.366 Thread 0x000002a7a5c2f000 DEOPT UNPACKING pc=0x000002a78b1b6d5e sp=0x000000eaae7fd530 mode 0
Event: 17.381 Thread 0x000002a7a5c2f000 DEOPT PACKING pc=0x000002a78c1c62a4 sp=0x000000eaae7fdeb0
Event: 17.381 Thread 0x000002a7a5c2f000 DEOPT UNPACKING pc=0x000002a78b1b6d5e sp=0x000000eaae7fd530 mode 0
Event: 17.403 Thread 0x000002a7a5c2f000 DEOPT PACKING pc=0x000002a78c1c62a4 sp=0x000000eaae7fdeb0
Event: 17.403 Thread 0x000002a7a5c2f000 DEOPT UNPACKING pc=0x000002a78b1b6d5e sp=0x000000eaae7fd530 mode 0
Event: 17.412 Thread 0x000002a7a5c2f000 DEOPT PACKING pc=0x000002a78c1c62a4 sp=0x000000eaae7fdeb0
Event: 17.412 Thread 0x000002a7a5c2f000 DEOPT UNPACKING pc=0x000002a78b1b6d5e sp=0x000000eaae7fd530 mode 0
Event: 17.430 Thread 0x000002a7a5c2f000 DEOPT PACKING pc=0x000002a78c1c62a4 sp=0x000000eaae7fdeb0
Event: 17.430 Thread 0x000002a7a5c2f000 DEOPT UNPACKING pc=0x000002a78b1b6d5e sp=0x000000eaae7fd530 mode 0
Event: 17.438 Thread 0x000002a7a5c2f000 DEOPT PACKING pc=0x000002a78c1c62a4 sp=0x000000eaae7fdeb0
Event: 17.438 Thread 0x000002a7a5c2f000 DEOPT UNPACKING pc=0x000002a78b1b6d5e sp=0x000000eaae7fd530 mode 0
Event: 17.452 Thread 0x000002a7a5c2f000 DEOPT PACKING pc=0x000002a78c1c62a4 sp=0x000000eaae7fdeb0
Event: 17.452 Thread 0x000002a7a5c2f000 DEOPT UNPACKING pc=0x000002a78b1b6d5e sp=0x000000eaae7fd530 mode 0
Event: 17.463 Thread 0x000002a7a5c2f000 DEOPT PACKING pc=0x000002a78c1c524a sp=0x000000eaae7fdeb0
Event: 17.463 Thread 0x000002a7a5c2f000 DEOPT UNPACKING pc=0x000002a78b1b6d5e sp=0x000000eaae7fd530 mode 0
Event: 17.467 Thread 0x000002a7a5c2f000 DEOPT PACKING pc=0x000002a78c1c62a4 sp=0x000000eaae7fdeb0
Event: 17.467 Thread 0x000002a7a5c2f000 DEOPT UNPACKING pc=0x000002a78b1b6d5e sp=0x000000eaae7fd530 mode 0

Classes redefined (0 events):
No events

Internal exceptions (20 events):
Event: 9.538 Thread 0x000002a7a5c33000 Exception <a 'sun/nio/fs/WindowsException'{0x00000000858966e0}> (0x00000000858966e0) thrown at [./src/hotspot/share/prims/jni.cpp, line 615]
Event: 9.539 Thread 0x000002a7a5c33000 Exception <a 'sun/nio/fs/WindowsException'{0x0000000085896858}> (0x0000000085896858) thrown at [./src/hotspot/share/prims/jni.cpp, line 615]
Event: 9.550 Thread 0x000002a7a3e3f800 Exception <a 'java/lang/ClassNotFoundException'{0x00000000858c51b8}: sync_studio_tooling_2jvdo1r4p9a46rcdsim0suq6eBeanInfo> (0x00000000858c51b8) thrown at [./src/hotspot/share/classfile/systemDictionary.cpp, line 231]
Event: 9.550 Thread 0x000002a7a3e3f800 Exception <a 'java/lang/ClassNotFoundException'{0x00000000858d1e20}: sync_studio_tooling_2jvdo1r4p9a46rcdsim0suq6eCustomizer> (0x00000000858d1e20) thrown at [./src/hotspot/share/classfile/systemDictionary.cpp, line 231]
Event: 9.561 Thread 0x000002a7a3e3f800 Exception <a 'java/lang/ClassNotFoundException'{0x000000008574d370}: org/gradle/internal/metaobject/ConfigureDelegateBeanInfo> (0x000000008574d370) thrown at [./src/hotspot/share/classfile/systemDictionary.cpp, line 231]
Event: 9.562 Thread 0x000002a7a3e3f800 Exception <a 'java/lang/ClassNotFoundException'{0x0000000085775538}: org/gradle/internal/metaobject/ConfigureDelegateCustomizer> (0x0000000085775538) thrown at [./src/hotspot/share/classfile/systemDictionary.cpp, line 231]
Event: 9.571 Thread 0x000002a7a3e3f800 Exception <a 'java/lang/ClassNotFoundException'{0x00000000857f03a0}: org/gradle/api/internal/initialization/DefaultScriptHandlerBeanInfo> (0x00000000857f03a0) thrown at [./src/hotspot/share/classfile/systemDictionary.cpp, line 231]
Event: 9.572 Thread 0x000002a7a3e3f800 Exception <a 'java/lang/ClassNotFoundException'{0x000000008561bbd8}: org/gradle/api/internal/initialization/DefaultScriptHandlerCustomizer> (0x000000008561bbd8) thrown at [./src/hotspot/share/classfile/systemDictionary.cpp, line 231]
Event: 9.716 Thread 0x000002a7a3e3f800 Exception <a 'java/lang/ClassNotFoundException'{0x0000000084e81098}: org/gradle/api/internal/artifacts/dsl/dependencies/DefaultDependencyHandler_DecoratedBeanInfo> (0x0000000084e81098) thrown at [./src/hotspot/share/classfile/systemDictionary.cpp, line 231]
Event: 9.716 Thread 0x000002a7a3e3f800 Exception <a 'java/lang/ClassNotFoundException'{0x0000000084ebede8}: org/gradle/api/internal/artifacts/dsl/dependencies/DefaultDependencyHandlerBeanInfo> (0x0000000084ebede8) thrown at [./src/hotspot/share/classfile/systemDictionary.cpp, line 231]
Event: 9.717 Thread 0x000002a7a3e3f800 Exception <a 'java/lang/ClassNotFoundException'{0x0000000084efc4e0}: org/gradle/api/internal/artifacts/dsl/dependencies/DefaultDependencyHandlerCustomizer> (0x0000000084efc4e0) thrown at [./src/hotspot/share/classfile/systemDictionary.cpp, line 231]
Event: 9.721 Thread 0x000002a7a3e3f800 Exception <a 'java/lang/ClassNotFoundException'{0x0000000084d630d8}: org/gradle/api/internal/artifacts/dsl/dependencies/DefaultDependencyHandler_DecoratedCustomizer> (0x0000000084d630d8) thrown at [./src/hotspot/share/classfile/systemDictionary.cpp, line 231]
Event: 9.914 Thread 0x000002a7a3e3f800 Exception <a 'java/lang/IncompatibleClassChangeError'{0x00000000840ffd00}: Found class java.lang.Object, but interface was expected> (0x00000000840ffd00) thrown at [./src/hotspot/share/interpreter/linkResolver.cpp, line 839]
Event: 9.945 Thread 0x000002a7a3e3f800 Exception <a 'java/lang/NoSuchMethodError'{0x0000000083ebe038}: 'java.lang.Object java.lang.invoke.Invokers$Holder.linkToTargetMethod(java.lang.Object, int, java.lang.Object)'> (0x0000000083ebe038) thrown at [./src/hotspot/share/interpreter/linkResolver.cpp, line 773]
Event: 10.008 Thread 0x000002a7a3e3f800 Exception <a 'java/lang/NoSuchMethodError'{0x00000000857eda68}: 'int java.lang.invoke.DirectMethodHandle$Holder.invokeStaticInit(java.lang.Object)'> (0x00000000857eda68) thrown at [./src/hotspot/share/interpreter/linkResolver.cpp, line 773]
Event: 10.107 Thread 0x000002a7a5c30000 Exception <a 'sun/nio/fs/WindowsException'{0x00000000857093e8}> (0x00000000857093e8) thrown at [./src/hotspot/share/prims/jni.cpp, line 615]
Event: 10.108 Thread 0x000002a7a5c2f000 Exception <a 'sun/nio/fs/WindowsException'{0x0000000084f739c0}> (0x0000000084f739c0) thrown at [./src/hotspot/share/prims/jni.cpp, line 615]
Event: 11.282 Thread 0x000002a7a5c30000 Exception <a 'sun/nio/fs/WindowsException'{0x00000000860a4870}> (0x00000000860a4870) thrown at [./src/hotspot/share/prims/jni.cpp, line 615]
Event: 11.288 Thread 0x000002a7a5c30000 Exception <a 'sun/nio/fs/WindowsException'{0x00000000860a4a18}> (0x00000000860a4a18) thrown at [./src/hotspot/share/prims/jni.cpp, line 615]
Event: 13.757 Thread 0x000002a7a5c2f000 Implicit null exception at 0x000002a792eee2b4 to 0x000002a792eee40c

Events (20 events):
Event: 14.262 Executing VM operation: CGC_Operation
Event: 14.262 Executing VM operation: CGC_Operation done
Event: 14.379 Executing VM operation: G1CollectForAllocation
Event: 14.383 Executing VM operation: G1CollectForAllocation done
Event: 14.735 Executing VM operation: G1CollectForAllocation
Event: 14.737 Executing VM operation: G1CollectForAllocation done
Event: 15.034 Executing VM operation: G1CollectForAllocation
Event: 15.038 Executing VM operation: G1CollectForAllocation done
Event: 15.325 Executing VM operation: G1CollectForAllocation
Event: 15.328 Executing VM operation: G1CollectForAllocation done
Event: 15.664 Executing VM operation: G1CollectForAllocation
Event: 15.667 Executing VM operation: G1CollectForAllocation done
Event: 15.989 Executing VM operation: G1CollectForAllocation
Event: 15.993 Executing VM operation: G1CollectForAllocation done
Event: 16.344 Executing VM operation: G1CollectForAllocation
Event: 16.348 Executing VM operation: G1CollectForAllocation done
Event: 16.690 Executing VM operation: G1CollectForAllocation
Event: 16.697 Executing VM operation: G1CollectForAllocation done
Event: 17.058 Executing VM operation: G1CollectForAllocation
Event: 17.063 Executing VM operation: G1CollectForAllocation done


Dynamic libraries:
0x00007ff68a6d0000 - 0x00007ff68a6da000 	C:\Program Files\Android\Android Studio\jre\bin\java.exe
0x00007ffebf8b0000 - 0x00007ffebfaa5000 	C:\Windows\SYSTEM32\ntdll.dll
0x00007ffebf6d0000 - 0x00007ffebf78e000 	C:\Windows\System32\KERNEL32.DLL
0x00007ffebd630000 - 0x00007ffebd8f8000 	C:\Windows\System32\KERNELBASE.dll
0x00007ffebcfc0000 - 0x00007ffebd0c0000 	C:\Windows\System32\ucrtbase.dll
0x00007ffeb24d0000 - 0x00007ffeb24e7000 	C:\Program Files\Android\Android Studio\jre\bin\VCRUNTIME140.dll
0x00007ffeb24b0000 - 0x00007ffeb24c9000 	C:\Program Files\Android\Android Studio\jre\bin\jli.dll
0x00007ffebdf20000 - 0x00007ffebe0c0000 	C:\Windows\System32\USER32.dll
0x00007ffebc390000 - 0x00007ffebc62a000 	C:\Windows\WinSxS\amd64_microsoft.windows.common-controls_6595b64144ccf1df_6.0.19041.1110_none_60b5254171f9507e\COMCTL32.dll
0x00007ffebd600000 - 0x00007ffebd622000 	C:\Windows\System32\win32u.dll
0x00007ffebe3c0000 - 0x00007ffebe45e000 	C:\Windows\System32\msvcrt.dll
0x00007ffebed00000 - 0x00007ffebed2b000 	C:\Windows\System32\GDI32.dll
0x00007ffebd280000 - 0x00007ffebd38d000 	C:\Windows\System32\gdi32full.dll
0x00007ffebd0c0000 - 0x00007ffebd15d000 	C:\Windows\System32\msvcp_win.dll
0x00007ffebf6a0000 - 0x00007ffebf6d0000 	C:\Windows\System32\IMM32.DLL
0x00007ffe9c4f0000 - 0x00007ffe9c58d000 	C:\Program Files\Android\Android Studio\jre\bin\msvcp140.dll
0x00007ffe91330000 - 0x00007ffe91e05000 	C:\Program Files\Android\Android Studio\jre\bin\server\jvm.dll
0x00007ffebf3f0000 - 0x00007ffebf49e000 	C:\Windows\System32\ADVAPI32.dll
0x00007ffebec60000 - 0x00007ffebecfc000 	C:\Windows\System32\sechost.dll
0x00007ffebee90000 - 0x00007ffebefb5000 	C:\Windows\System32\RPCRT4.dll
0x00007ffebf4a0000 - 0x00007ffebf4a8000 	C:\Windows\System32\PSAPI.DLL
0x00007ffead170000 - 0x00007ffead197000 	C:\Windows\SYSTEM32\WINMM.dll
0x00007ffebadf0000 - 0x00007ffebadf9000 	C:\Windows\SYSTEM32\WSOCK32.dll
0x00007ffebe2d0000 - 0x00007ffebe33b000 	C:\Windows\System32\WS2_32.dll
0x00007ffeb9d40000 - 0x00007ffeb9d4a000 	C:\Windows\SYSTEM32\VERSION.dll
0x00007ffeba1d0000 - 0x00007ffeba1e2000 	C:\Windows\SYSTEM32\kernel.appcore.dll
0x00007ffebadd0000 - 0x00007ffebade1000 	C:\Program Files\Android\Android Studio\jre\bin\verify.dll
0x00007ffebc9e0000 - 0x00007ffebcbc4000 	C:\Windows\SYSTEM32\DBGHELP.DLL
0x00007ffebc790000 - 0x00007ffebc7bc000 	C:\Windows\SYSTEM32\dbgcore.DLL
0x00007ffebd520000 - 0x00007ffebd5a2000 	C:\Windows\System32\bcryptPrimitives.dll
0x00007ffebada0000 - 0x00007ffebadc9000 	C:\Program Files\Android\Android Studio\jre\bin\java.dll
0x00007ffebad90000 - 0x00007ffebad9b000 	C:\Program Files\Android\Android Studio\jre\bin\jimage.dll
0x00007ffebad70000 - 0x00007ffebad88000 	C:\Program Files\Android\Android Studio\jre\bin\zip.dll
0x00007ffebe460000 - 0x00007ffebeba4000 	C:\Windows\System32\SHELL32.dll
0x00007ffeba3d0000 - 0x00007ffebab64000 	C:\Windows\SYSTEM32\windows.storage.dll
0x00007ffebefc0000 - 0x00007ffebf315000 	C:\Windows\System32\combase.dll
0x00007ffebc320000 - 0x00007ffebc34e000 	C:\Windows\SYSTEM32\Wldp.dll
0x00007ffebdd80000 - 0x00007ffebde2d000 	C:\Windows\System32\SHCORE.dll
0x00007ffebde30000 - 0x00007ffebde85000 	C:\Windows\System32\shlwapi.dll
0x00007ffebcf00000 - 0x00007ffebcf1f000 	C:\Windows\SYSTEM32\profapi.dll
0x00007ffebad50000 - 0x00007ffebad6a000 	C:\Program Files\Android\Android Studio\jre\bin\net.dll
0x00007ffeb1da0000 - 0x00007ffeb1eac000 	C:\Windows\SYSTEM32\WINHTTP.dll
0x00007ffebc1f0000 - 0x00007ffebc25a000 	C:\Windows\system32\mswsock.dll
0x00007ffebad30000 - 0x00007ffebad44000 	C:\Program Files\Android\Android Studio\jre\bin\nio.dll
0x00007ffeb1250000 - 0x00007ffeb1277000 	C:\Users\kamra\.gradle\native\e1d6ef7f7dcc3fd88c89a11ec53ec762bb8ba0a96d01ffa2cd45eb1d1d8dd5c5\windows-amd64\native-platform.dll
0x00007ffe9c3a0000 - 0x00007ffe9c4e4000 	C:\Users\kamra\.gradle\native\5664cfc778a61ccfe75a443a1ab52a65af34e5dc3c78e0209fed803814484fcb\windows-amd64\native-platform-file-events.dll
0x00007ffebad20000 - 0x00007ffebad2a000 	C:\Program Files\Android\Android Studio\jre\bin\management.dll
0x00007ffebad10000 - 0x00007ffebad1d000 	C:\Program Files\Android\Android Studio\jre\bin\management_ext.dll
0x00007ffebcd40000 - 0x00007ffebcd58000 	C:\Windows\SYSTEM32\CRYPTSP.dll
0x00007ffebba20000 - 0x00007ffebba54000 	C:\Windows\system32\rsaenh.dll
0x00007ffebd390000 - 0x00007ffebd3b7000 	C:\Windows\System32\bcrypt.dll
0x00007ffebce80000 - 0x00007ffebceae000 	C:\Windows\SYSTEM32\USERENV.dll
0x00007ffebc2e0000 - 0x00007ffebc2ec000 	C:\Windows\SYSTEM32\CRYPTBASE.dll
0x00007ffebbd70000 - 0x00007ffebbdab000 	C:\Windows\SYSTEM32\IPHLPAPI.DLL
0x00007ffebee80000 - 0x00007ffebee88000 	C:\Windows\System32\NSI.dll
0x00007ffeb49f0000 - 0x00007ffeb4a07000 	C:\Windows\SYSTEM32\dhcpcsvc6.DLL
0x00007ffeb5c70000 - 0x00007ffeb5c8d000 	C:\Windows\SYSTEM32\dhcpcsvc.DLL
0x00007ffebbdb0000 - 0x00007ffebbe7b000 	C:\Windows\SYSTEM32\DNSAPI.dll

dbghelp: loaded successfully - version: 4.0.5 - missing functions: none
symbol engine: initialized successfully - sym options: 0x614 - pdb path: .;C:\Program Files\Android\Android Studio\jre\bin;C:\Windows\SYSTEM32;C:\Windows\WinSxS\amd64_microsoft.windows.common-controls_6595b64144ccf1df_6.0.19041.1110_none_60b5254171f9507e;C:\Program Files\Android\Android Studio\jre\bin\server;C:\Users\kamra\.gradle\native\e1d6ef7f7dcc3fd88c89a11ec53ec762bb8ba0a96d01ffa2cd45eb1d1d8dd5c5\windows-amd64;C:\Users\kamra\.gradle\native\5664cfc778a61ccfe75a443a1ab52a65af34e5dc3c78e0209fed803814484fcb\windows-amd64

VM Arguments:
jvm_args: --add-opens=java.base/java.util=ALL-UNNAMED --add-opens=java.base/java.lang=ALL-UNNAMED --add-opens=java.base/java.lang.invoke=ALL-UNNAMED --add-opens=java.base/java.util=ALL-UNNAMED --add-opens=java.prefs/java.util.prefs=ALL-UNNAMED --add-opens=java.prefs/java.util.prefs=ALL-UNNAMED --add-opens=java.base/java.nio.charset=ALL-UNNAMED --add-opens=java.base/java.net=ALL-UNNAMED --add-opens=java.base/java.util.concurrent.atomic=ALL-UNNAMED -Xmx2048m -Dfile.encoding=UTF-8 -Duser.country=US -Duser.language=en -Duser.variant 
java_command: org.gradle.launcher.daemon.bootstrap.GradleDaemon 7.2
java_class_path (initial): C:\Users\kamra\.gradle\wrapper\dists\gradle-7.2-bin\2dnblmf4td7x66yl1d74lt32g\gradle-7.2\lib\gradle-launcher-7.2.jar
Launcher Type: SUN_STANDARD

[Global flags]
     intx CICompilerCount                          = 3                                         {product} {ergonomic}
     uint ConcGCThreads                            = 1                                         {product} {ergonomic}
     uint G1ConcRefinementThreads                  = 4                                         {product} {ergonomic}
   size_t G1HeapRegionSize                         = 1048576                                   {product} {ergonomic}
    uintx GCDrainStackTargetSize                   = 64                                        {product} {ergonomic}
   size_t InitialHeapSize                          = 65011712                                  {product} {ergonomic}
   size_t MarkStackSize                            = 4194304                                   {product} {ergonomic}
   size_t MaxHeapSize                              = 2147483648                                {product} {command line}
   size_t MaxNewSize                               = 1287651328                                {product} {ergonomic}
   size_t MinHeapDeltaBytes                        = 1048576                                   {product} {ergonomic}
    uintx NonNMethodCodeHeapSize                   = 5830732                                {pd product} {ergonomic}
    uintx NonProfiledCodeHeapSize                  = 122913754                              {pd product} {ergonomic}
    uintx ProfiledCodeHeapSize                     = 122913754                              {pd product} {ergonomic}
    uintx ReservedCodeCacheSize                    = 251658240                              {pd product} {ergonomic}
     bool SegmentedCodeCache                       = true                                      {product} {ergonomic}
     bool UseCompressedClassPointers               = true                                 {lp64_product} {ergonomic}
     bool UseCompressedOops                        = true                                 {lp64_product} {ergonomic}
     bool UseG1GC                                  = true                                      {product} {ergonomic}
     bool UseLargePagesIndividualAllocation        = false                                  {pd product} {ergonomic}

Logging:
Log output configuration:
 #0: stdout all=warning uptime,level,tags
 #1: stderr all=off uptime,level,tags

Environment Variables:
JAVA_HOME=C:\Program Files\Java\jdk-11
PATH=C:\Windows\system32;C:\Windows;C:\Windows\System32\Wbem;C:\Windows\System32\WindowsPowerShell\v1.0\;C:\Windows\System32\OpenSSH\;C:\Program Files\Java\jdk-11\bin;C:\Users\kamra\AppData\Local\Microsoft\WindowsApps;
USERNAME=kamra
OS=Windows_NT
PROCESSOR_IDENTIFIER=Intel64 Family 6 Model 58 Stepping 9, GenuineIntel



---------------  S Y S T E M  ---------------

OS: Windows 10 , 64 bit Build 19041 (10.0.19041.1503)
OS uptime: 0 days 0:05 hours

CPU:total 4 (initial active 4) (2 cores per cpu, 2 threads per core) family 6 model 58 stepping 9 microcode 0x21, cmov, cx8, fxsr, mmx, sse, sse2, sse3, ssse3, sse4.1, sse4.2, popcnt, avx, aes, clmul, erms, ht, tsc, tscinvbit, tscinv

Memory: 4k page, system-wide physical 3959M (983M free)
TotalPageFile size 5367M (AvailPageFile size 2396M)
current process WorkingSet (physical memory assigned to process): 358M, peak: 362M
current process commit charge ("private bytes"): 389M, peak: 393M

vm_info: OpenJDK 64-Bit Server VM (11.0.11+9-b60-7590822) for windows-amd64 JRE (11.0.11+9-b60-7590822), built on Jul 29 2021 21:43:44 by "builder" with MS VC++ 14.0 (VS2015)

END.
