#
# A fatal error has been detected by the Java Runtime Environment:
#
#  EXCEPTION_ACCESS_VIOLATION (0xc0000005) at pc=0x00007ffe914cb455, pid=3376, tid=3572
#
# JRE version: OpenJDK Runtime Environment (11.0.11+9) (build 11.0.11+9-b60-7590822)
# Java VM: OpenJDK 64-Bit Server VM (11.0.11+9-b60-7590822, mixed mode, tiered, compressed oops, g1 gc, windows-amd64)
# Problematic frame:
# V  [jvm.dll+0x19b455]
#
# No core dump will be written. Minidumps are not enabled by default on client versions of Windows
#
# If you would like to submit a bug report, please visit:
#   https://bugreport.java.com/bugreport/crash.jsp
#

---------------  S U M M A R Y ------------

Command Line: --add-opens=java.base/java.util=ALL-UNNAMED --add-opens=java.base/java.lang=ALL-UNNAMED --add-opens=java.base/java.lang.invoke=ALL-UNNAMED --add-opens=java.base/java.util=ALL-UNNAMED --add-opens=java.prefs/java.util.prefs=ALL-UNNAMED --add-opens=java.prefs/java.util.prefs=ALL-UNNAMED --add-opens=java.base/java.nio.charset=ALL-UNNAMED --add-opens=java.base/java.net=ALL-UNNAMED --add-opens=java.base/java.util.concurrent.atomic=ALL-UNNAMED -Xmx2048m -Dfile.encoding=UTF-8 -Duser.country=US -Duser.language=en -Duser.variant org.gradle.launcher.daemon.bootstrap.GradleDaemon 7.2

Host: Intel(R) Core(TM) i5-3340M CPU @ 2.70GHz, 4 cores, 3G,  Windows 10 , 64 bit Build 19041 (10.0.19041.1503)
Time: Mon Feb 14 01:27:41 2022 Pakistan Standard Time elapsed time: 222.843329 seconds (0d 0h 3m 42s)

---------------  T H R E A D  ---------------

Current thread (0x0000021caa19b000):  JavaThread "C2 CompilerThread0" daemon [_thread_in_native, id=3572, stack(0x0000009b19c00000,0x0000009b19d00000)]


Current CompileTask:
C2: 222843 16849       4       org.objectweb.asm.ClassReader::readCode (5109 bytes)

Stack: [0x0000009b19c00000,0x0000009b19d00000],  sp=0x0000009b19cfc1e0,  free space=1008k
Native frames: (J=compiled Java code, j=interpreted, Vv=VM code, C=native code)
V  [jvm.dll+0x19b455]
V  [jvm.dll+0x1985d1]
V  [jvm.dll+0x1fc2ee]
V  [jvm.dll+0x1fb3d4]
V  [jvm.dll+0x183d6c]
V  [jvm.dll+0x209a57]
V  [jvm.dll+0x2082a1]
V  [jvm.dll+0x6ef58f]
V  [jvm.dll+0x6e80b5]
V  [jvm.dll+0x5f1036]
C  [ucrtbase.dll+0x21bb2]
C  [KERNEL32.DLL+0x17034]
C  [ntdll.dll+0x52651]


siginfo: EXCEPTION_ACCESS_VIOLATION (0xc0000005), reading address 0x0000001cb3308108


Register to memory mapping:

RIP=0x00007ffe914cb455 jvm.dll
RAX=0x0000021cb3a1a708 points into unknown readable memory: 0x0000000000000000 | 00 00 00 00 00 00 00 00
RBX=0x0000021cb3a1a6c0 points into unknown readable memory: 0x0000000000000000 | 00 00 00 00 00 00 00 00
RCX=0xfffffdffff8eda10 is an unknown value
RDX=0x0000021cb3a1a6f8 points into unknown readable memory: 0x000000000ffffcff | ff fc ff 0f 00 00 00 00
RSP=0x0000009b19cfc1e0 is pointing into the stack for thread: 0x0000021caa19b000
RBP=0x0000001cb3308108 is an unknown value
RSI=0x0000009b19cfc6e0 is pointing into the stack for thread: 0x0000021caa19b000
RDI=0x0000000000000002 is an unknown value
R8 =0x0000000000000010 is an unknown value
R9 =0x0 is NULL
R10=0x0000021cb3a12550 points into unknown readable memory: 0x00010002000002c0 | c0 02 00 00 02 00 01 00
R11=0x0 is NULL
R12=0x0000000000000001 is an unknown value
R13=0x0000000000000008 is an unknown value
R14=0x0000021cb04800b0 points into unknown readable memory: 0x00007ffe91b307e8 | e8 07 b3 91 fe 7f 00 00
R15=0x0000021cb62335d0 points into unknown readable memory: 0x00007ffe91b1c5e8 | e8 c5 b1 91 fe 7f 00 00


Registers:
RAX=0x0000021cb3a1a708, RBX=0x0000021cb3a1a6c0, RCX=0xfffffdffff8eda10, RDX=0x0000021cb3a1a6f8
RSP=0x0000009b19cfc1e0, RBP=0x0000001cb3308108, RSI=0x0000009b19cfc6e0, RDI=0x0000000000000002
R8 =0x0000000000000010, R9 =0x0000000000000000, R10=0x0000021cb3a12550, R11=0x0000000000000000
R12=0x0000000000000001, R13=0x0000000000000008, R14=0x0000021cb04800b0, R15=0x0000021cb62335d0
RIP=0x00007ffe914cb455, EFLAGS=0x0000000000010283

Top of Stack: (sp=0x0000009b19cfc1e0)
0x0000009b19cfc1e0:   0000021cb3a124c0 0000021cb3a124f8
0x0000009b19cfc1f0:   0000021cb3a124c0 00007ffe91cc0610
0x0000009b19cfc200:   0000007900000005 0000000000000002
0x0000009b19cfc210:   0000021cb62335d0 0000021cb5863840
0x0000009b19cfc220:   0000000000000000 0000000000000000
0x0000009b19cfc230:   00000000000014cf 0000021cacc9bf10
0x0000009b19cfc240:   0000021cacc9bf20 0000000000000008
0x0000009b19cfc250:   00000000000003d8 0000009b19cfc380
0x0000009b19cfc260:   0000000000000000 0000009b19cfc7c8
0x0000009b19cfc270:   0000009b19cfc6e0 00007ffe914c85d1
0x0000009b19cfc280:   0000009b19cfc6e0 0000009b19cfc301
0x0000009b19cfc290:   0000009b19cfc701 0000021cffffffff
0x0000009b19cfc2a0:   000000000000dc00 0000000000000000
0x0000009b19cfc2b0:   0000009b00000006 0000021cacc9bf10
0x0000009b19cfc2c0:   0000021cae1357c0 0000021cae139238
0x0000009b19cfc2d0:   0000021cae13d7a8 0000000000280238 

Instructions: (pc=0x00007ffe914cb455)
0x00007ffe914cb355:   8a 02 00 00 41 8b c4 4c 8d 2c c5 00 00 00 00 0f
0x00007ffe914cb365:   1f 40 00 0f 1f 84 00 00 00 00 00 49 8b 46 08 4a
0x00007ffe914cb375:   8b 0c 28 48 8b 86 28 01 00 00 48 63 51 28 8b 3c
0x00007ffe914cb385:   90 85 ff 0f 84 35 02 00 00 84 db 74 11 45 3b c4
0x00007ffe914cb395:   75 0c 49 8b 06 49 8b ce ff 90 d8 00 00 00 80 bc
0x00007ffe914cb3a5:   24 b0 00 00 00 00 74 13 80 be 30 01 00 00 00 74
0x00007ffe914cb3b5:   0a 45 3b 66 38 0f 83 03 02 00 00 48 8b 46 70 48
0x00007ffe914cb3c5:   8d 1c bf 48 c1 e3 05 41 8b d4 49 8b ce 48 03 58
0x00007ffe914cb3d5:   20 49 8b 06 ff 90 80 00 00 00 0f b6 94 24 a8 00
0x00007ffe914cb3e5:   00 00 48 8b e8 84 d2 75 30 49 8b 4e 08 f2 41 0f
0x00007ffe914cb3f5:   10 4f 08 f2 0f 59 ce 4a 8b 14 29 48 8b 4e 48 8b
0x00007ffe914cb405:   7a 28 48 8b 51 78 48 8b 0c fa f2 0f 10 41 08 66
0x00007ffe914cb415:   0f 2f c1 0f 87 91 00 00 00 48 8d 53 38 45 33 c0
0x00007ffe914cb425:   48 83 c0 54 48 8d 4a 54 48 3b d0 77 05 48 3b cd
0x00007ffe914cb435:   73 4b bf 02 00 00 00 48 8d 42 10 48 8b cd 48 2b
0x00007ffe914cb445:   ca 44 8d 47 0e 66 0f 1f 44 00 00 f3 0f 6f 40 f0
0x00007ffe914cb455:   f3 0f 6f 4c 01 f0 48 8d 40 20 66 0f db c8 f3 0f
0x00007ffe914cb465:   7f 48 d0 f3 0f 6f 54 01 e0 f3 0f 6f 40 e0 66 0f
0x00007ffe914cb475:   db d0 f3 0f 7f 50 e0 48 83 ef 01 75 ce 4a 8d 0c
0x00007ffe914cb485:   82 48 8b fd 48 2b fa ba 16 00 00 00 49 2b d0 0f
0x00007ffe914cb495:   1f 40 00 0f 1f 84 00 00 00 00 00 8b 04 39 21 01
0x00007ffe914cb4a5:   48 8d 49 04 48 83 ea 01 75 f1 49 8b 46 08 48 8d
0x00007ffe914cb4b5:   7b 38 4a 8b 0c 28 48 8b 01 ff 50 68 8b c8 8b f0
0x00007ffe914cb4c5:   e8 f6 ce 4a 00 8b ce 44 0f b6 f8 e8 eb ce 4a 00
0x00007ffe914cb4d5:   84 c0 74 17 8b ce e8 f0 ce 4a 00 8b d0 48 8b cf
0x00007ffe914cb4e5:   e8 16 ce 4a 00 85 c0 75 1a eb 1f 48 8b cf e8 68
0x00007ffe914cb4f5:   cd 4a 00 85 c0 75 0c 48 8b cf e8 9c cd 4a 00 85
0x00007ffe914cb505:   c0 74 07 83 8b 98 00 00 00 20 45 84 ff 0f 85 84
0x00007ffe914cb515:   00 00 00 66 83 bb 94 00 00 00 02 75 2f f7 83 98
0x00007ffe914cb525:   00 00 00 00 01 00 00 75 23 48 8b cd e8 aa c9 4a
0x00007ffe914cb535:   00 83 f8 02 75 16 48 8b cd e8 dd cc 4a 00 84 c0
0x00007ffe914cb545:   75 0a 81 8b 98 00 00 00 20 01 00 00 41 8b 46 2c 


Stack slot to memory mapping:
stack at sp + 0 slots: 0x0000021cb3a124c0 points into unknown readable memory: 0x0000000000000000 | 00 00 00 00 00 00 00 00
stack at sp + 1 slots: 0x0000021cb3a124f8 points into unknown readable memory: 0x0000000000000000 | 00 00 00 00 00 00 00 00
stack at sp + 2 slots: 0x0000021cb3a124c0 points into unknown readable memory: 0x0000000000000000 | 00 00 00 00 00 00 00 00
stack at sp + 3 slots: 0x00007ffe91cc0610 jvm.dll
stack at sp + 4 slots: 0x0000007900000005 is an unknown value
stack at sp + 5 slots: 0x0000000000000002 is an unknown value
stack at sp + 6 slots: 0x0000021cb62335d0 points into unknown readable memory: 0x00007ffe91b1c5e8 | e8 c5 b1 91 fe 7f 00 00
stack at sp + 7 slots: 0x0000021cb5863840 points into unknown readable memory: 0x0000009b19cfeda8 | a8 ed cf 19 9b 00 00 00


---------------  P R O C E S S  ---------------

Threads class SMR info:
_java_thread_list=0x0000021cb5a376f0, length=79, elements={
0x0000021c8e617800, 0x0000021caa135000, 0x0000021caa136800, 0x0000021caa192800,
0x0000021caa194800, 0x0000021caa196000, 0x0000021caa19b000, 0x0000021caab02000,
0x0000021caab03000, 0x0000021caabf8800, 0x0000021cac68e800, 0x0000021cac449000,
0x0000021cab983800, 0x0000021cac12e000, 0x0000021cab7fe800, 0x0000021cabc38800,
0x0000021cacb3e000, 0x0000021cabb48800, 0x0000021cad1f3000, 0x0000021cad1f1800,
0x0000021cad1ee800, 0x0000021cad1f2800, 0x0000021cad1f5000, 0x0000021cad1ef000,
0x0000021cad1f0000, 0x0000021cad1f1000, 0x0000021cadb62000, 0x0000021cadb61000,
0x0000021cadb65000, 0x0000021cadb63800, 0x0000021cadb63000, 0x0000021cadb64800,
0x0000021cadb66000, 0x0000021cadb6c000, 0x0000021cadb67000, 0x0000021cadb68800,
0x0000021cadb6a000, 0x0000021cadb6d800, 0x0000021cadb6e000, 0x0000021cadb6f000,
0x0000021cadb69800, 0x0000021cabb9a800, 0x0000021cabb9e800, 0x0000021cabb9f800,
0x0000021cabba0000, 0x0000021cabb9d000, 0x0000021cabba1000, 0x0000021cabb9b000,
0x0000021cabb9d800, 0x0000021cabba1800, 0x0000021cabb9c000, 0x0000021cabba2800,
0x0000021cabba6800, 0x0000021cabba9000, 0x0000021cabba6000, 0x0000021cabba5000,
0x0000021cabba7800, 0x0000021cabba8800, 0x0000021cabba3800, 0x0000021cabba4000,
0x0000021cae9c7800, 0x0000021cae9cd000, 0x0000021cae9ce000, 0x0000021cae9cb800,
0x0000021cae9cc000, 0x0000021cae9ca800, 0x0000021cae9c8000, 0x0000021cae9c9000,
0x0000021cae9ce800, 0x0000021cae9cf800, 0x0000021cae9c9800, 0x0000021cae9d0800,
0x0000021cae9d5000, 0x0000021cae9d3800, 0x0000021cae9d4800, 0x0000021cae9d2800,
0x0000021cae9d6000, 0x0000021cad1f4000, 0x0000021cade16000
}

Java Threads: ( => current thread )
  0x0000021c8e617800 JavaThread "main" [_thread_blocked, id=2408, stack(0x0000009b18f00000,0x0000009b19000000)]
  0x0000021caa135000 JavaThread "Reference Handler" daemon [_thread_blocked, id=7672, stack(0x0000009b19700000,0x0000009b19800000)]
  0x0000021caa136800 JavaThread "Finalizer" daemon [_thread_blocked, id=2072, stack(0x0000009b19800000,0x0000009b19900000)]
  0x0000021caa192800 JavaThread "Signal Dispatcher" daemon [_thread_blocked, id=6128, stack(0x0000009b19900000,0x0000009b19a00000)]
  0x0000021caa194800 JavaThread "Attach Listener" daemon [_thread_blocked, id=5972, stack(0x0000009b19a00000,0x0000009b19b00000)]
  0x0000021caa196000 JavaThread "Service Thread" daemon [_thread_blocked, id=2688, stack(0x0000009b19b00000,0x0000009b19c00000)]
=>0x0000021caa19b000 JavaThread "C2 CompilerThread0" daemon [_thread_in_native, id=3572, stack(0x0000009b19c00000,0x0000009b19d00000)]
  0x0000021caab02000 JavaThread "C1 CompilerThread0" daemon [_thread_in_native, id=7820, stack(0x0000009b19d00000,0x0000009b19e00000)]
  0x0000021caab03000 JavaThread "Sweeper thread" daemon [_thread_blocked, id=3256, stack(0x0000009b19e00000,0x0000009b19f00000)]
  0x0000021caabf8800 JavaThread "Common-Cleaner" daemon [_thread_blocked, id=6620, stack(0x0000009b19f00000,0x0000009b1a000000)]
  0x0000021cac68e800 JavaThread "Daemon health stats" [_thread_blocked, id=2608, stack(0x0000009b1a300000,0x0000009b1a400000)]
  0x0000021cac449000 JavaThread "Incoming local TCP Connector on port 50050" [_thread_in_native, id=4820, stack(0x0000009b1a400000,0x0000009b1a500000)]
  0x0000021cab983800 JavaThread "Daemon periodic checks" [_thread_blocked, id=6356, stack(0x0000009b1a500000,0x0000009b1a600000)]
  0x0000021cac12e000 JavaThread "Daemon" [_thread_blocked, id=7980, stack(0x0000009b1a600000,0x0000009b1a700000)]
  0x0000021cab7fe800 JavaThread "Handler for socket connection from /127.0.0.1:50050 to /127.0.0.1:50051" [_thread_in_native, id=3184, stack(0x0000009b1a700000,0x0000009b1a800000)]
  0x0000021cabc38800 JavaThread "Cancel handler" [_thread_blocked, id=6940, stack(0x0000009b1a800000,0x0000009b1a900000)]
  0x0000021cacb3e000 JavaThread "Daemon worker" [_thread_in_vm, id=6592, stack(0x0000009b1a900000,0x0000009b1aa00000)]
  0x0000021cabb48800 JavaThread "Asynchronous log dispatcher for DefaultDaemonConnection: socket connection from /127.0.0.1:50050 to /127.0.0.1:50051" [_thread_blocked, id=4604, stack(0x0000009b1aa00000,0x0000009b1ab00000)]
  0x0000021cad1f3000 JavaThread "Daemon client event forwarder" [_thread_blocked, id=8172, stack(0x0000009b1ac00000,0x0000009b1ad00000)]
  0x0000021cad1f1800 JavaThread "Cache worker for journal cache (C:\Users\kamra\.gradle\caches\journal-1)" [_thread_blocked, id=6732, stack(0x0000009b1a100000,0x0000009b1a200000)]
  0x0000021cad1ee800 JavaThread "File lock request listener" [_thread_in_native, id=4736, stack(0x0000009b1af00000,0x0000009b1b000000)]
  0x0000021cad1f2800 JavaThread "Cache worker for file hash cache (C:\Users\kamra\.gradle\caches\7.2\fileHashes)" [_thread_blocked, id=4272, stack(0x0000009b1b000000,0x0000009b1b100000)]
  0x0000021cad1f5000 JavaThread "Cache worker for file hash cache (F:\FYP\V1.1\MyApplication\.gradle\7.2\fileHashes)" [_thread_blocked, id=7720, stack(0x0000009b1b200000,0x0000009b1b300000)]
  0x0000021cad1ef000 JavaThread "File watcher server" daemon [_thread_in_native, id=4800, stack(0x0000009b1b300000,0x0000009b1b400000)]
  0x0000021cad1f0000 JavaThread "File watcher consumer" daemon [_thread_blocked, id=6920, stack(0x0000009b1b400000,0x0000009b1b500000)]
  0x0000021cad1f1000 JavaThread "jar transforms" [_thread_blocked, id=2772, stack(0x0000009b1b500000,0x0000009b1b600000)]
  0x0000021cadb62000 JavaThread "jar transforms Thread 2" [_thread_blocked, id=6548, stack(0x0000009b1b600000,0x0000009b1b700000)]
  0x0000021cadb61000 JavaThread "jar transforms Thread 3" [_thread_blocked, id=1532, stack(0x0000009b1b700000,0x0000009b1b800000)]
  0x0000021cadb65000 JavaThread "jar transforms Thread 4" [_thread_blocked, id=5016, stack(0x0000009b1b800000,0x0000009b1b900000)]
  0x0000021cadb63800 JavaThread "Cache worker for checksums cache (F:\FYP\V1.1\MyApplication\.gradle\checksums)" [_thread_blocked, id=6968, stack(0x0000009b1b900000,0x0000009b1ba00000)]
  0x0000021cadb63000 JavaThread "Cache worker for cache directory md-supplier (C:\Users\kamra\.gradle\caches\7.2\md-supplier)" [_thread_blocked, id=3352, stack(0x0000009b1ba00000,0x0000009b1bb00000)]
  0x0000021cadb64800 JavaThread "Cache worker for cache directory md-rule (C:\Users\kamra\.gradle\caches\7.2\md-rule)" [_thread_blocked, id=5340, stack(0x0000009b1bb00000,0x0000009b1bc00000)]
  0x0000021cadb66000 JavaThread "Cache worker for execution history cache (C:\Users\kamra\.gradle\caches\7.2\executionHistory)" [_thread_blocked, id=3112, stack(0x0000009b1bc00000,0x0000009b1bd00000)]
  0x0000021cadb6c000 JavaThread "Cache worker for file content cache (C:\Users\kamra\.gradle\caches\7.2\fileContent)" [_thread_blocked, id=6428, stack(0x0000009b1bd00000,0x0000009b1be00000)]
  0x0000021cadb67000 JavaThread "Cache worker for dependencies-accessors (F:\FYP\V1.1\MyApplication\.gradle\7.2\dependencies-accessors)" [_thread_blocked, id=2000, stack(0x0000009b1be00000,0x0000009b1bf00000)]
  0x0000021cadb68800 JavaThread "Cache worker for Build Output Cleanup Cache (F:\FYP\V1.1\MyApplication\.gradle\buildOutputCleanup)" [_thread_blocked, id=1720, stack(0x0000009b1bf00000,0x0000009b1c000000)]
  0x0000021cadb6a000 JavaThread "Unconstrained build operations" [_thread_blocked, id=7492, stack(0x0000009b1c000000,0x0000009b1c100000)]
  0x0000021cadb6d800 JavaThread "Unconstrained build operations Thread 2" [_thread_blocked, id=6260, stack(0x0000009b1c100000,0x0000009b1c200000)]
  0x0000021cadb6e000 JavaThread "Unconstrained build operations Thread 3" [_thread_blocked, id=2076, stack(0x0000009b1c200000,0x0000009b1c300000)]
  0x0000021cadb6f000 JavaThread "Unconstrained build operations Thread 4" [_thread_blocked, id=7144, stack(0x0000009b1c300000,0x0000009b1c400000)]
  0x0000021cadb69800 JavaThread "Unconstrained build operations Thread 5" [_thread_blocked, id=1744, stack(0x0000009b1c400000,0x0000009b1c500000)]
  0x0000021cabb9a800 JavaThread "Unconstrained build operations Thread 6" [_thread_blocked, id=4612, stack(0x0000009b1c500000,0x0000009b1c600000)]
  0x0000021cabb9e800 JavaThread "Unconstrained build operations Thread 7" [_thread_blocked, id=1484, stack(0x0000009b1c600000,0x0000009b1c700000)]
  0x0000021cabb9f800 JavaThread "Unconstrained build operations Thread 8" [_thread_blocked, id=676, stack(0x0000009b1c700000,0x0000009b1c800000)]
  0x0000021cabba0000 JavaThread "Unconstrained build operations Thread 9" [_thread_blocked, id=2484, stack(0x0000009b1c800000,0x0000009b1c900000)]
  0x0000021cabb9d000 JavaThread "Unconstrained build operations Thread 10" [_thread_blocked, id=2032, stack(0x0000009b1c900000,0x0000009b1ca00000)]
  0x0000021cabba1000 JavaThread "Unconstrained build operations Thread 11" [_thread_blocked, id=2264, stack(0x0000009b1ca00000,0x0000009b1cb00000)]
  0x0000021cabb9b000 JavaThread "Unconstrained build operations Thread 12" [_thread_blocked, id=6764, stack(0x0000009b1cb00000,0x0000009b1cc00000)]
  0x0000021cabb9d800 JavaThread "Unconstrained build operations Thread 13" [_thread_blocked, id=5732, stack(0x0000009b1cc00000,0x0000009b1cd00000)]
  0x0000021cabba1800 JavaThread "Unconstrained build operations Thread 14" [_thread_blocked, id=2268, stack(0x0000009b1cd00000,0x0000009b1ce00000)]
  0x0000021cabb9c000 JavaThread "Unconstrained build operations Thread 15" [_thread_blocked, id=7612, stack(0x0000009b1ce00000,0x0000009b1cf00000)]
  0x0000021cabba2800 JavaThread "Unconstrained build operations Thread 16" [_thread_blocked, id=4596, stack(0x0000009b1cf00000,0x0000009b1d000000)]
  0x0000021cabba6800 JavaThread "Unconstrained build operations Thread 17" [_thread_blocked, id=6740, stack(0x0000009b1d000000,0x0000009b1d100000)]
  0x0000021cabba9000 JavaThread "Unconstrained build operations Thread 18" [_thread_blocked, id=6672, stack(0x0000009b1d100000,0x0000009b1d200000)]
  0x0000021cabba6000 JavaThread "Unconstrained build operations Thread 19" [_thread_blocked, id=6796, stack(0x0000009b1d200000,0x0000009b1d300000)]
  0x0000021cabba5000 JavaThread "Unconstrained build operations Thread 20" [_thread_blocked, id=6780, stack(0x0000009b1d300000,0x0000009b1d400000)]
  0x0000021cabba7800 JavaThread "Unconstrained build operations Thread 21" [_thread_blocked, id=1460, stack(0x0000009b1d400000,0x0000009b1d500000)]
  0x0000021cabba8800 JavaThread "Unconstrained build operations Thread 22" [_thread_blocked, id=6784, stack(0x0000009b1d500000,0x0000009b1d600000)]
  0x0000021cabba3800 JavaThread "Unconstrained build operations Thread 23" [_thread_blocked, id=5228, stack(0x0000009b1d600000,0x0000009b1d700000)]
  0x0000021cabba4000 JavaThread "Unconstrained build operations Thread 24" [_thread_blocked, id=4340, stack(0x0000009b1d700000,0x0000009b1d800000)]
  0x0000021cae9c7800 JavaThread "Unconstrained build operations Thread 25" [_thread_blocked, id=2828, stack(0x0000009b1d800000,0x0000009b1d900000)]
  0x0000021cae9cd000 JavaThread "Unconstrained build operations Thread 26" [_thread_blocked, id=5128, stack(0x0000009b1d900000,0x0000009b1da00000)]
  0x0000021cae9ce000 JavaThread "Unconstrained build operations Thread 27" [_thread_blocked, id=6576, stack(0x0000009b1da00000,0x0000009b1db00000)]
  0x0000021cae9cb800 JavaThread "Unconstrained build operations Thread 28" [_thread_blocked, id=7164, stack(0x0000009b1db00000,0x0000009b1dc00000)]
  0x0000021cae9cc000 JavaThread "Unconstrained build operations Thread 29" [_thread_blocked, id=5956, stack(0x0000009b1dc00000,0x0000009b1dd00000)]
  0x0000021cae9ca800 JavaThread "Unconstrained build operations Thread 30" [_thread_blocked, id=6424, stack(0x0000009b1dd00000,0x0000009b1de00000)]
  0x0000021cae9c8000 JavaThread "Unconstrained build operations Thread 31" [_thread_blocked, id=1876, stack(0x0000009b1de00000,0x0000009b1df00000)]
  0x0000021cae9c9000 JavaThread "Unconstrained build operations Thread 32" [_thread_blocked, id=5264, stack(0x0000009b1df00000,0x0000009b1e000000)]
  0x0000021cae9ce800 JavaThread "Unconstrained build operations Thread 33" [_thread_blocked, id=6500, stack(0x0000009b1e000000,0x0000009b1e100000)]
  0x0000021cae9cf800 JavaThread "Unconstrained build operations Thread 34" [_thread_blocked, id=6416, stack(0x0000009b1e100000,0x0000009b1e200000)]
  0x0000021cae9c9800 JavaThread "Unconstrained build operations Thread 35" [_thread_blocked, id=2832, stack(0x0000009b1e200000,0x0000009b1e300000)]
  0x0000021cae9d0800 JavaThread "Unconstrained build operations Thread 36" [_thread_blocked, id=6448, stack(0x0000009b1e300000,0x0000009b1e400000)]
  0x0000021cae9d5000 JavaThread "Unconstrained build operations Thread 37" [_thread_blocked, id=2500, stack(0x0000009b1e400000,0x0000009b1e500000)]
  0x0000021cae9d3800 JavaThread "Unconstrained build operations Thread 38" [_thread_blocked, id=4136, stack(0x0000009b1e500000,0x0000009b1e600000)]
  0x0000021cae9d4800 JavaThread "Unconstrained build operations Thread 39" [_thread_blocked, id=5716, stack(0x0000009b1e600000,0x0000009b1e700000)]
  0x0000021cae9d2800 JavaThread "Unconstrained build operations Thread 40" [_thread_blocked, id=6812, stack(0x0000009b1e700000,0x0000009b1e800000)]
  0x0000021cae9d6000 JavaThread "Memory manager" [_thread_blocked, id=1448, stack(0x0000009b1ea00000,0x0000009b1eb00000)]
  0x0000021cad1f4000 JavaThread "pool-3-thread-1" [_thread_blocked, id=6248, stack(0x0000009b1eb00000,0x0000009b1ec00000)]
  0x0000021cade16000 JavaThread "C2 CompilerThread1" daemon [_thread_in_native, id=124, stack(0x0000009b18e00000,0x0000009b18f00000)]

Other Threads:
  0x0000021caa130000 VMThread "VM Thread" [stack: 0x0000009b19600000,0x0000009b19700000] [id=3724]
  0x0000021caac36800 WatcherThread [stack: 0x0000009b1a000000,0x0000009b1a100000] [id=4044]
  0x0000021c8e631000 GCTaskThread "GC Thread#0" [stack: 0x0000009b19100000,0x0000009b19200000] [id=5928]
  0x0000021cab69b800 GCTaskThread "GC Thread#1" [stack: 0x0000009b1a200000,0x0000009b1a300000] [id=4884]
  0x0000021cadaec800 GCTaskThread "GC Thread#2" [stack: 0x0000009b1ad00000,0x0000009b1ae00000] [id=6060]
  0x0000021cad11f000 GCTaskThread "GC Thread#3" [stack: 0x0000009b1ae00000,0x0000009b1af00000] [id=3248]
  0x0000021c8e660800 ConcurrentGCThread "G1 Main Marker" [stack: 0x0000009b19200000,0x0000009b19300000] [id=6096]
  0x0000021c8e662800 ConcurrentGCThread "G1 Conc#0" [stack: 0x0000009b19300000,0x0000009b19400000] [id=808]
  0x0000021c8e6bc000 ConcurrentGCThread "G1 Refine#0" [stack: 0x0000009b19400000,0x0000009b19500000] [id=1508]
  0x0000021c8e6bd000 ConcurrentGCThread "G1 Young RemSet Sampling" [stack: 0x0000009b19500000,0x0000009b19600000] [id=7092]

Threads with active compile tasks:
C2 CompilerThread0 222949 16849       4       org.objectweb.asm.ClassReader::readCode (5109 bytes)
C1 CompilerThread0 222949 16958       3       jdk.internal.reflect.AccessorGenerator::emitCommonConstantPoolEntries (573 bytes)
C2 CompilerThread1 222949 16905       4       sun.net.www.protocol.jar.Handler::parseURL (212 bytes)

VM state:not at safepoint (normal execution)

VM Mutex/Monitor currently owned by a thread: None

Heap address: 0x0000000080000000, size: 2048 MB, Compressed Oops mode: 32-bit
Narrow klass base: 0x0000000000000000, Narrow klass shift: 3
Compressed class space size: 1073741824 Address: 0x0000000100000000

Heap:
 garbage-first heap   total 231424K, used 178920K [0x0000000080000000, 0x0000000100000000)
  region size 1024K, 56 young (57344K), 5 survivors (5120K)
 Metaspace       used 114481K, capacity 117371K, committed 117496K, reserved 1150976K
  class space    used 14243K, capacity 15293K, committed 15308K, reserved 1048576K
Heap Regions: E=young(eden), S=young(survivor), O=old, HS=humongous(starts), HC=humongous(continues), CS=collection set, F=free, A=archive, TAMS=top-at-mark-start (previous, next)
|   0|0x0000000080000000, 0x0000000080100000, 0x0000000080100000|100%| O|  |TAMS 0x0000000080100000, 0x0000000080000000| Untracked 
|   1|0x0000000080100000, 0x0000000080200000, 0x0000000080200000|100%| O|  |TAMS 0x0000000080200000, 0x0000000080100000| Untracked 
|   2|0x0000000080200000, 0x0000000080300000, 0x0000000080300000|100%| O|  |TAMS 0x0000000080300000, 0x0000000080200000| Untracked 
|   3|0x0000000080300000, 0x0000000080400000, 0x0000000080400000|100%|HS|  |TAMS 0x0000000080400000, 0x0000000080300000| Complete 
|   4|0x0000000080400000, 0x0000000080500000, 0x0000000080500000|100%|HC|  |TAMS 0x0000000080500000, 0x0000000080400000| Complete 
|   5|0x0000000080500000, 0x0000000080600000, 0x0000000080600000|100%|HC|  |TAMS 0x0000000080600000, 0x0000000080500000| Complete 
|   6|0x0000000080600000, 0x0000000080700000, 0x0000000080700000|100%| O|  |TAMS 0x0000000080700000, 0x0000000080600000| Untracked 
|   7|0x0000000080700000, 0x0000000080800000, 0x0000000080800000|100%| O|  |TAMS 0x0000000080800000, 0x0000000080700000| Untracked 
|   8|0x0000000080800000, 0x0000000080900000, 0x0000000080900000|100%| O|  |TAMS 0x0000000080900000, 0x0000000080800000| Untracked 
|   9|0x0000000080900000, 0x0000000080a00000, 0x0000000080a00000|100%| O|  |TAMS 0x0000000080a00000, 0x0000000080900000| Untracked 
|  10|0x0000000080a00000, 0x0000000080b00000, 0x0000000080b00000|100%| O|  |TAMS 0x0000000080b00000, 0x0000000080a00000| Untracked 
|  11|0x0000000080b00000, 0x0000000080c00000, 0x0000000080c00000|100%| O|  |TAMS 0x0000000080c00000, 0x0000000080b00000| Untracked 
|  12|0x0000000080c00000, 0x0000000080d00000, 0x0000000080d00000|100%| O|  |TAMS 0x0000000080d00000, 0x0000000080c00000| Untracked 
|  13|0x0000000080d00000, 0x0000000080e00000, 0x0000000080e00000|100%| O|  |TAMS 0x0000000080e00000, 0x0000000080d00000| Untracked 
|  14|0x0000000080e00000, 0x0000000080f00000, 0x0000000080f00000|100%| O|  |TAMS 0x0000000080f00000, 0x0000000080e00000| Untracked 
|  15|0x0000000080f00000, 0x0000000081000000, 0x0000000081000000|100%| O|  |TAMS 0x0000000081000000, 0x0000000080f00000| Untracked 
|  16|0x0000000081000000, 0x0000000081100000, 0x0000000081100000|100%|HS|  |TAMS 0x0000000081100000, 0x0000000081000000| Complete 
|  17|0x0000000081100000, 0x0000000081200000, 0x0000000081200000|100%|HC|  |TAMS 0x0000000081200000, 0x0000000081100000| Complete 
|  18|0x0000000081200000, 0x0000000081300000, 0x0000000081300000|100%|HS|  |TAMS 0x0000000081300000, 0x0000000081200000| Complete 
|  19|0x0000000081300000, 0x0000000081400000, 0x0000000081400000|100%|HC|  |TAMS 0x0000000081400000, 0x0000000081300000| Complete 
|  20|0x0000000081400000, 0x0000000081500000, 0x0000000081500000|100%|HC|  |TAMS 0x0000000081500000, 0x0000000081400000| Complete 
|  21|0x0000000081500000, 0x0000000081600000, 0x0000000081600000|100%|HS|  |TAMS 0x0000000081600000, 0x0000000081500000| Complete 
|  22|0x0000000081600000, 0x0000000081700000, 0x0000000081700000|100%|HC|  |TAMS 0x0000000081700000, 0x0000000081600000| Complete 
|  23|0x0000000081700000, 0x0000000081800000, 0x0000000081800000|100%|HC|  |TAMS 0x0000000081800000, 0x0000000081700000| Complete 
|  24|0x0000000081800000, 0x0000000081900000, 0x0000000081900000|100%|HC|  |TAMS 0x0000000081900000, 0x0000000081800000| Complete 
|  25|0x0000000081900000, 0x0000000081a00000, 0x0000000081a00000|100%| O|  |TAMS 0x0000000081a00000, 0x0000000081900000| Untracked 
|  26|0x0000000081a00000, 0x0000000081b00000, 0x0000000081b00000|100%| O|  |TAMS 0x0000000081b00000, 0x0000000081a00000| Untracked 
|  27|0x0000000081b00000, 0x0000000081c00000, 0x0000000081c00000|100%| O|  |TAMS 0x0000000081c00000, 0x0000000081b00000| Untracked 
|  28|0x0000000081c00000, 0x0000000081d00000, 0x0000000081d00000|100%| O|  |TAMS 0x0000000081d00000, 0x0000000081c00000| Untracked 
|  29|0x0000000081d00000, 0x0000000081e00000, 0x0000000081e00000|100%| O|  |TAMS 0x0000000081e00000, 0x0000000081d00000| Untracked 
|  30|0x0000000081e00000, 0x0000000081f00000, 0x0000000081f00000|100%| O|  |TAMS 0x0000000081f00000, 0x0000000081e00000| Untracked 
|  31|0x0000000081f00000, 0x0000000082000000, 0x0000000082000000|100%| O|  |TAMS 0x0000000082000000, 0x0000000081f00000| Untracked 
|  32|0x0000000082000000, 0x0000000082100000, 0x0000000082100000|100%| O|  |TAMS 0x0000000082100000, 0x0000000082000000| Untracked 
|  33|0x0000000082100000, 0x0000000082200000, 0x0000000082200000|100%| O|  |TAMS 0x0000000082200000, 0x0000000082100000| Untracked 
|  34|0x0000000082200000, 0x0000000082300000, 0x0000000082300000|100%| O|  |TAMS 0x0000000082300000, 0x0000000082200000| Untracked 
|  35|0x0000000082300000, 0x0000000082400000, 0x0000000082400000|100%| O|  |TAMS 0x0000000082400000, 0x0000000082300000| Untracked 
|  36|0x0000000082400000, 0x0000000082500000, 0x0000000082500000|100%| O|  |TAMS 0x0000000082500000, 0x0000000082400000| Untracked 
|  37|0x0000000082500000, 0x0000000082600000, 0x0000000082600000|100%| O|  |TAMS 0x0000000082600000, 0x0000000082500000| Untracked 
|  38|0x0000000082600000, 0x0000000082700000, 0x0000000082700000|100%| O|  |TAMS 0x0000000082700000, 0x0000000082600000| Untracked 
|  39|0x0000000082700000, 0x0000000082800000, 0x0000000082800000|100%|HS|  |TAMS 0x0000000082800000, 0x0000000082700000| Complete 
|  40|0x0000000082800000, 0x0000000082900000, 0x0000000082900000|100%|HC|  |TAMS 0x0000000082900000, 0x0000000082800000| Complete 
|  41|0x0000000082900000, 0x0000000082a00000, 0x0000000082a00000|100%|HC|  |TAMS 0x0000000082a00000, 0x0000000082900000| Complete 
|  42|0x0000000082a00000, 0x0000000082b00000, 0x0000000082b00000|100%| O|  |TAMS 0x0000000082b00000, 0x0000000082a00000| Untracked 
|  43|0x0000000082b00000, 0x0000000082c00000, 0x0000000082c00000|100%| O|  |TAMS 0x0000000082c00000, 0x0000000082b00000| Untracked 
|  44|0x0000000082c00000, 0x0000000082d00000, 0x0000000082d00000|100%| O|  |TAMS 0x0000000082d00000, 0x0000000082c00000| Untracked 
|  45|0x0000000082d00000, 0x0000000082e00000, 0x0000000082e00000|100%| O|  |TAMS 0x0000000082e00000, 0x0000000082d00000| Untracked 
|  46|0x0000000082e00000, 0x0000000082f00000, 0x0000000082f00000|100%|HS|  |TAMS 0x0000000082f00000, 0x0000000082e00000| Complete 
|  47|0x0000000082f00000, 0x0000000083000000, 0x0000000083000000|100%|HC|  |TAMS 0x0000000083000000, 0x0000000082f00000| Complete 
|  48|0x0000000083000000, 0x0000000083100000, 0x0000000083100000|100%|HC|  |TAMS 0x0000000083100000, 0x0000000083000000| Complete 
|  49|0x0000000083100000, 0x0000000083200000, 0x0000000083200000|100%|HC|  |TAMS 0x0000000083200000, 0x0000000083100000| Complete 
|  50|0x0000000083200000, 0x0000000083300000, 0x0000000083300000|100%| O|  |TAMS 0x0000000083300000, 0x0000000083200000| Untracked 
|  51|0x0000000083300000, 0x0000000083400000, 0x0000000083400000|100%| O|  |TAMS 0x0000000083400000, 0x0000000083300000| Untracked 
|  52|0x0000000083400000, 0x0000000083500000, 0x0000000083500000|100%| O|  |TAMS 0x0000000083500000, 0x0000000083400000| Untracked 
|  53|0x0000000083500000, 0x0000000083600000, 0x0000000083600000|100%| O|  |TAMS 0x0000000083600000, 0x0000000083500000| Untracked 
|  54|0x0000000083600000, 0x0000000083700000, 0x0000000083700000|100%| O|  |TAMS 0x0000000083700000, 0x0000000083600000| Untracked 
|  55|0x0000000083700000, 0x0000000083800000, 0x0000000083800000|100%| O|  |TAMS 0x0000000083800000, 0x0000000083700000| Untracked 
|  56|0x0000000083800000, 0x0000000083900000, 0x0000000083900000|100%| O|  |TAMS 0x0000000083900000, 0x0000000083800000| Untracked 
|  57|0x0000000083900000, 0x0000000083a00000, 0x0000000083a00000|100%|HS|  |TAMS 0x0000000083a00000, 0x0000000083900000| Complete 
|  58|0x0000000083a00000, 0x0000000083b00000, 0x0000000083b00000|100%| O|  |TAMS 0x0000000083b00000, 0x0000000083a00000| Untracked 
|  59|0x0000000083b00000, 0x0000000083c00000, 0x0000000083c00000|100%| O|  |TAMS 0x0000000083c00000, 0x0000000083b00000| Untracked 
|  60|0x0000000083c00000, 0x0000000083d00000, 0x0000000083d00000|100%|HS|  |TAMS 0x0000000083d00000, 0x0000000083c00000| Complete 
|  61|0x0000000083d00000, 0x0000000083e00000, 0x0000000083e00000|100%|HS|  |TAMS 0x0000000083e00000, 0x0000000083d00000| Complete 
|  62|0x0000000083e00000, 0x0000000083f00000, 0x0000000083f00000|100%|HS|  |TAMS 0x0000000083f00000, 0x0000000083e00000| Complete 
|  63|0x0000000083f00000, 0x0000000084000000, 0x0000000084000000|100%|HC|  |TAMS 0x0000000084000000, 0x0000000083f00000| Complete 
|  64|0x0000000084000000, 0x0000000084100000, 0x0000000084100000|100%| O|  |TAMS 0x0000000084100000, 0x0000000084000000| Untracked 
|  65|0x0000000084100000, 0x0000000084200000, 0x0000000084200000|100%| O|  |TAMS 0x0000000084200000, 0x0000000084100000| Untracked 
|  66|0x0000000084200000, 0x0000000084300000, 0x0000000084300000|100%| O|  |TAMS 0x0000000084300000, 0x0000000084200000| Untracked 
|  67|0x0000000084300000, 0x0000000084400000, 0x0000000084400000|100%| O|  |TAMS 0x0000000084400000, 0x0000000084300000| Untracked 
|  68|0x0000000084400000, 0x0000000084500000, 0x0000000084500000|100%|HS|  |TAMS 0x0000000084500000, 0x0000000084400000| Complete 
|  69|0x0000000084500000, 0x0000000084600000, 0x0000000084600000|100%|HC|  |TAMS 0x0000000084600000, 0x0000000084500000| Complete 
|  70|0x0000000084600000, 0x0000000084700000, 0x0000000084700000|100%|HS|  |TAMS 0x0000000084700000, 0x0000000084600000| Complete 
|  71|0x0000000084700000, 0x0000000084800000, 0x0000000084800000|100%|HC|  |TAMS 0x0000000084800000, 0x0000000084700000| Complete 
|  72|0x0000000084800000, 0x0000000084900000, 0x0000000084900000|100%|HC|  |TAMS 0x0000000084900000, 0x0000000084800000| Complete 
|  73|0x0000000084900000, 0x0000000084a00000, 0x0000000084a00000|100%|HS|  |TAMS 0x0000000084a00000, 0x0000000084900000| Complete 
|  74|0x0000000084a00000, 0x0000000084b00000, 0x0000000084b00000|100%|HC|  |TAMS 0x0000000084b00000, 0x0000000084a00000| Complete 
|  75|0x0000000084b00000, 0x0000000084c00000, 0x0000000084c00000|100%|HC|  |TAMS 0x0000000084c00000, 0x0000000084b00000| Complete 
|  76|0x0000000084c00000, 0x0000000084d00000, 0x0000000084d00000|100%|HC|  |TAMS 0x0000000084d00000, 0x0000000084c00000| Complete 
|  77|0x0000000084d00000, 0x0000000084e00000, 0x0000000084e00000|100%| O|  |TAMS 0x0000000084e00000, 0x0000000084d00000| Untracked 
|  78|0x0000000084e00000, 0x0000000084f00000, 0x0000000084f00000|100%| O|  |TAMS 0x0000000084f00000, 0x0000000084e00000| Untracked 
|  79|0x0000000084f00000, 0x0000000085000000, 0x0000000085000000|100%| O|  |TAMS 0x0000000085000000, 0x0000000084f00000| Untracked 
|  80|0x0000000085000000, 0x0000000085100000, 0x0000000085100000|100%| O|  |TAMS 0x0000000085100000, 0x0000000085000000| Untracked 
|  81|0x0000000085100000, 0x0000000085200000, 0x0000000085200000|100%| O|  |TAMS 0x0000000085200000, 0x0000000085100000| Untracked 
|  82|0x0000000085200000, 0x0000000085300000, 0x0000000085300000|100%| O|  |TAMS 0x0000000085300000, 0x0000000085200000| Untracked 
|  83|0x0000000085300000, 0x0000000085400000, 0x0000000085400000|100%| O|  |TAMS 0x0000000085400000, 0x0000000085300000| Untracked 
|  84|0x0000000085400000, 0x0000000085500000, 0x0000000085500000|100%| O|  |TAMS 0x0000000085500000, 0x0000000085400000| Untracked 
|  85|0x0000000085500000, 0x0000000085600000, 0x0000000085600000|100%| O|  |TAMS 0x0000000085600000, 0x0000000085500000| Untracked 
|  86|0x0000000085600000, 0x0000000085700000, 0x0000000085700000|100%| O|  |TAMS 0x0000000085700000, 0x0000000085600000| Untracked 
|  87|0x0000000085700000, 0x0000000085800000, 0x0000000085800000|100%| O|  |TAMS 0x0000000085800000, 0x0000000085700000| Untracked 
|  88|0x0000000085800000, 0x0000000085900000, 0x0000000085900000|100%| O|  |TAMS 0x0000000085900000, 0x0000000085800000| Untracked 
|  89|0x0000000085900000, 0x0000000085a00000, 0x0000000085a00000|100%| O|  |TAMS 0x0000000085a00000, 0x0000000085900000| Untracked 
|  90|0x0000000085a00000, 0x0000000085b00000, 0x0000000085b00000|100%| O|  |TAMS 0x0000000085b00000, 0x0000000085a00000| Untracked 
|  91|0x0000000085b00000, 0x0000000085c00000, 0x0000000085c00000|100%| O|  |TAMS 0x0000000085c00000, 0x0000000085b00000| Untracked 
|  92|0x0000000085c00000, 0x0000000085d00000, 0x0000000085d00000|100%| O|  |TAMS 0x0000000085d00000, 0x0000000085c00000| Untracked 
|  93|0x0000000085d00000, 0x0000000085e00000, 0x0000000085e00000|100%| O|  |TAMS 0x0000000085e00000, 0x0000000085d00000| Untracked 
|  94|0x0000000085e00000, 0x0000000085f00000, 0x0000000085f00000|100%| O|  |TAMS 0x0000000085f00000, 0x0000000085e00000| Untracked 
|  95|0x0000000085f00000, 0x0000000086000000, 0x0000000086000000|100%| O|  |TAMS 0x0000000086000000, 0x0000000085f00000| Untracked 
|  96|0x0000000086000000, 0x0000000086100000, 0x0000000086100000|100%| O|  |TAMS 0x0000000086100000, 0x0000000086000000| Untracked 
|  97|0x0000000086100000, 0x0000000086200000, 0x0000000086200000|100%| O|  |TAMS 0x0000000086200000, 0x0000000086100000| Untracked 
|  98|0x0000000086200000, 0x0000000086300000, 0x0000000086300000|100%| O|  |TAMS 0x0000000086300000, 0x0000000086200000| Untracked 
|  99|0x0000000086300000, 0x0000000086400000, 0x0000000086400000|100%| O|  |TAMS 0x0000000086400000, 0x0000000086300000| Untracked 
| 100|0x0000000086400000, 0x0000000086500000, 0x0000000086500000|100%| O|  |TAMS 0x0000000086500000, 0x0000000086400000| Untracked 
| 101|0x0000000086500000, 0x0000000086600000, 0x0000000086600000|100%| O|  |TAMS 0x0000000086600000, 0x0000000086500000| Untracked 
| 102|0x0000000086600000, 0x0000000086700000, 0x0000000086700000|100%| O|  |TAMS 0x0000000086700000, 0x0000000086600000| Untracked 
| 103|0x0000000086700000, 0x0000000086800000, 0x0000000086800000|100%| O|  |TAMS 0x0000000086800000, 0x0000000086700000| Untracked 
| 104|0x0000000086800000, 0x0000000086900000, 0x0000000086900000|100%| O|  |TAMS 0x0000000086900000, 0x0000000086800000| Untracked 
| 105|0x0000000086900000, 0x0000000086a00000, 0x0000000086a00000|100%| O|  |TAMS 0x0000000086a00000, 0x0000000086900000| Untracked 
| 106|0x0000000086a00000, 0x0000000086b00000, 0x0000000086b00000|100%| O|  |TAMS 0x0000000086b00000, 0x0000000086a00000| Untracked 
| 107|0x0000000086b00000, 0x0000000086c00000, 0x0000000086c00000|100%| O|  |TAMS 0x0000000086c00000, 0x0000000086b00000| Untracked 
| 108|0x0000000086c00000, 0x0000000086d00000, 0x0000000086d00000|100%| O|  |TAMS 0x0000000086d00000, 0x0000000086c00000| Untracked 
| 109|0x0000000086d00000, 0x0000000086e00000, 0x0000000086e00000|100%| O|  |TAMS 0x0000000086e00000, 0x0000000086d00000| Untracked 
| 110|0x0000000086e00000, 0x0000000086f00000, 0x0000000086f00000|100%| O|  |TAMS 0x0000000086f00000, 0x0000000086e00000| Untracked 
| 111|0x0000000086f00000, 0x0000000087000000, 0x0000000087000000|100%| O|  |TAMS 0x0000000087000000, 0x0000000086f00000| Untracked 
| 112|0x0000000087000000, 0x0000000087100000, 0x0000000087100000|100%| O|  |TAMS 0x0000000087100000, 0x0000000087000000| Untracked 
| 113|0x0000000087100000, 0x0000000087200000, 0x0000000087200000|100%| O|  |TAMS 0x0000000087200000, 0x0000000087100000| Untracked 
| 114|0x0000000087200000, 0x0000000087300000, 0x0000000087300000|100%|HS|  |TAMS 0x0000000087300000, 0x0000000087200000| Complete 
| 115|0x0000000087300000, 0x0000000087400000, 0x0000000087400000|100%|HC|  |TAMS 0x0000000087400000, 0x0000000087300000| Complete 
| 116|0x0000000087400000, 0x0000000087500000, 0x0000000087500000|100%| O|  |TAMS 0x0000000087500000, 0x0000000087400000| Untracked 
| 117|0x0000000087500000, 0x0000000087600000, 0x0000000087600000|100%| O|  |TAMS 0x0000000087600000, 0x0000000087500000| Untracked 
| 118|0x0000000087600000, 0x0000000087700000, 0x0000000087700000|100%| O|  |TAMS 0x0000000087700000, 0x0000000087600000| Untracked 
| 119|0x0000000087700000, 0x00000000877bda00, 0x0000000087800000| 74%| O|  |TAMS 0x00000000877bda00, 0x0000000087700000| Untracked 
| 120|0x0000000087800000, 0x0000000087800000, 0x0000000087900000|  0%| F|  |TAMS 0x0000000087800000, 0x0000000087800000| Untracked 
| 121|0x0000000087900000, 0x0000000087900000, 0x0000000087a00000|  0%| F|  |TAMS 0x0000000087900000, 0x0000000087900000| Untracked 
| 122|0x0000000087a00000, 0x0000000087a00000, 0x0000000087b00000|  0%| F|  |TAMS 0x0000000087a00000, 0x0000000087a00000| Untracked 
| 123|0x0000000087b00000, 0x0000000087b00000, 0x0000000087c00000|  0%| F|  |TAMS 0x0000000087b00000, 0x0000000087b00000| Untracked 
| 124|0x0000000087c00000, 0x0000000087c00000, 0x0000000087d00000|  0%| F|  |TAMS 0x0000000087c00000, 0x0000000087c00000| Untracked 
| 125|0x0000000087d00000, 0x0000000087d00000, 0x0000000087e00000|  0%| F|  |TAMS 0x0000000087d00000, 0x0000000087d00000| Untracked 
| 126|0x0000000087e00000, 0x0000000087e00000, 0x0000000087f00000|  0%| F|  |TAMS 0x0000000087e00000, 0x0000000087e00000| Untracked 
| 127|0x0000000087f00000, 0x0000000087f00000, 0x0000000088000000|  0%| F|  |TAMS 0x0000000087f00000, 0x0000000087f00000| Untracked 
| 128|0x0000000088000000, 0x0000000088000000, 0x0000000088100000|  0%| F|  |TAMS 0x0000000088000000, 0x0000000088000000| Untracked 
| 129|0x0000000088100000, 0x0000000088100000, 0x0000000088200000|  0%| F|  |TAMS 0x0000000088100000, 0x0000000088100000| Untracked 
| 130|0x0000000088200000, 0x0000000088200000, 0x0000000088300000|  0%| F|  |TAMS 0x0000000088200000, 0x0000000088200000| Untracked 
| 131|0x0000000088300000, 0x0000000088300000, 0x0000000088400000|  0%| F|  |TAMS 0x0000000088300000, 0x0000000088300000| Untracked 
| 132|0x0000000088400000, 0x0000000088400000, 0x0000000088500000|  0%| F|  |TAMS 0x0000000088400000, 0x0000000088400000| Untracked 
| 133|0x0000000088500000, 0x0000000088500000, 0x0000000088600000|  0%| F|  |TAMS 0x0000000088500000, 0x0000000088500000| Untracked 
| 134|0x0000000088600000, 0x0000000088600000, 0x0000000088700000|  0%| F|  |TAMS 0x0000000088600000, 0x0000000088600000| Untracked 
| 135|0x0000000088700000, 0x0000000088700000, 0x0000000088800000|  0%| F|  |TAMS 0x0000000088700000, 0x0000000088700000| Untracked 
| 136|0x0000000088800000, 0x0000000088800000, 0x0000000088900000|  0%| F|  |TAMS 0x0000000088800000, 0x0000000088800000| Untracked 
| 137|0x0000000088900000, 0x0000000088900000, 0x0000000088a00000|  0%| F|  |TAMS 0x0000000088900000, 0x0000000088900000| Untracked 
| 138|0x0000000088a00000, 0x0000000088a00000, 0x0000000088b00000|  0%| F|  |TAMS 0x0000000088a00000, 0x0000000088a00000| Untracked 
| 139|0x0000000088b00000, 0x0000000088b00000, 0x0000000088c00000|  0%| F|  |TAMS 0x0000000088b00000, 0x0000000088b00000| Untracked 
| 140|0x0000000088c00000, 0x0000000088c00000, 0x0000000088d00000|  0%| F|  |TAMS 0x0000000088c00000, 0x0000000088c00000| Untracked 
| 141|0x0000000088d00000, 0x0000000088d00000, 0x0000000088e00000|  0%| F|  |TAMS 0x0000000088d00000, 0x0000000088d00000| Untracked 
| 142|0x0000000088e00000, 0x0000000088e00000, 0x0000000088f00000|  0%| F|  |TAMS 0x0000000088e00000, 0x0000000088e00000| Untracked 
| 143|0x0000000088f00000, 0x0000000088f00000, 0x0000000089000000|  0%| F|  |TAMS 0x0000000088f00000, 0x0000000088f00000| Untracked 
| 144|0x0000000089000000, 0x0000000089000000, 0x0000000089100000|  0%| F|  |TAMS 0x0000000089000000, 0x0000000089000000| Untracked 
| 145|0x0000000089100000, 0x0000000089100000, 0x0000000089200000|  0%| F|  |TAMS 0x0000000089100000, 0x0000000089100000| Untracked 
| 146|0x0000000089200000, 0x00000000892fc6e0, 0x0000000089300000| 98%| S|CS|TAMS 0x0000000089200000, 0x0000000089200000| Complete 
| 147|0x0000000089300000, 0x0000000089400000, 0x0000000089400000|100%| S|CS|TAMS 0x0000000089300000, 0x0000000089300000| Complete 
| 148|0x0000000089400000, 0x0000000089500000, 0x0000000089500000|100%| S|CS|TAMS 0x0000000089400000, 0x0000000089400000| Complete 
| 149|0x0000000089500000, 0x0000000089600000, 0x0000000089600000|100%| S|CS|TAMS 0x0000000089500000, 0x0000000089500000| Complete 
| 150|0x0000000089600000, 0x0000000089700000, 0x0000000089700000|100%| S|CS|TAMS 0x0000000089600000, 0x0000000089600000| Complete 
| 151|0x0000000089700000, 0x0000000089700000, 0x0000000089800000|  0%| F|  |TAMS 0x0000000089700000, 0x0000000089700000| Untracked 
| 152|0x0000000089800000, 0x0000000089800000, 0x0000000089900000|  0%| F|  |TAMS 0x0000000089800000, 0x0000000089800000| Untracked 
| 153|0x0000000089900000, 0x0000000089900000, 0x0000000089a00000|  0%| F|  |TAMS 0x0000000089900000, 0x0000000089900000| Untracked 
| 154|0x0000000089a00000, 0x0000000089a00000, 0x0000000089b00000|  0%| F|  |TAMS 0x0000000089a00000, 0x0000000089a00000| Untracked 
| 155|0x0000000089b00000, 0x0000000089b00000, 0x0000000089c00000|  0%| F|  |TAMS 0x0000000089b00000, 0x0000000089b00000| Untracked 
| 156|0x0000000089c00000, 0x0000000089c00000, 0x0000000089d00000|  0%| F|  |TAMS 0x0000000089c00000, 0x0000000089c00000| Untracked 
| 157|0x0000000089d00000, 0x0000000089d00000, 0x0000000089e00000|  0%| F|  |TAMS 0x0000000089d00000, 0x0000000089d00000| Untracked 
| 158|0x0000000089e00000, 0x0000000089e00000, 0x0000000089f00000|  0%| F|  |TAMS 0x0000000089e00000, 0x0000000089e00000| Untracked 
| 159|0x0000000089f00000, 0x0000000089f00000, 0x000000008a000000|  0%| F|  |TAMS 0x0000000089f00000, 0x0000000089f00000| Untracked 
| 160|0x000000008a000000, 0x000000008a000000, 0x000000008a100000|  0%| F|  |TAMS 0x000000008a000000, 0x000000008a000000| Untracked 
| 161|0x000000008a100000, 0x000000008a100000, 0x000000008a200000|  0%| F|  |TAMS 0x000000008a100000, 0x000000008a100000| Untracked 
| 162|0x000000008a200000, 0x000000008a200000, 0x000000008a300000|  0%| F|  |TAMS 0x000000008a200000, 0x000000008a200000| Untracked 
| 163|0x000000008a300000, 0x000000008a300000, 0x000000008a400000|  0%| F|  |TAMS 0x000000008a300000, 0x000000008a300000| Untracked 
| 164|0x000000008a400000, 0x000000008a400000, 0x000000008a500000|  0%| F|  |TAMS 0x000000008a400000, 0x000000008a400000| Untracked 
| 165|0x000000008a500000, 0x000000008a500000, 0x000000008a600000|  0%| F|  |TAMS 0x000000008a500000, 0x000000008a500000| Untracked 
| 166|0x000000008a600000, 0x000000008a600000, 0x000000008a700000|  0%| F|  |TAMS 0x000000008a600000, 0x000000008a600000| Untracked 
| 167|0x000000008a700000, 0x000000008a700000, 0x000000008a800000|  0%| F|  |TAMS 0x000000008a700000, 0x000000008a700000| Untracked 
| 168|0x000000008a800000, 0x000000008a800000, 0x000000008a900000|  0%| F|  |TAMS 0x000000008a800000, 0x000000008a800000| Untracked 
| 169|0x000000008a900000, 0x000000008a900000, 0x000000008aa00000|  0%| F|  |TAMS 0x000000008a900000, 0x000000008a900000| Untracked 
| 170|0x000000008aa00000, 0x000000008aa00000, 0x000000008ab00000|  0%| F|  |TAMS 0x000000008aa00000, 0x000000008aa00000| Untracked 
| 171|0x000000008ab00000, 0x000000008ab00000, 0x000000008ac00000|  0%| F|  |TAMS 0x000000008ab00000, 0x000000008ab00000| Untracked 
| 172|0x000000008ac00000, 0x000000008ac00000, 0x000000008ad00000|  0%| F|  |TAMS 0x000000008ac00000, 0x000000008ac00000| Untracked 
| 173|0x000000008ad00000, 0x000000008ad00000, 0x000000008ae00000|  0%| F|  |TAMS 0x000000008ad00000, 0x000000008ad00000| Untracked 
| 174|0x000000008ae00000, 0x000000008ae00000, 0x000000008af00000|  0%| F|  |TAMS 0x000000008ae00000, 0x000000008ae00000| Untracked 
| 175|0x000000008af00000, 0x000000008b000000, 0x000000008b000000|100%| E|  |TAMS 0x000000008af00000, 0x000000008af00000| Complete 
| 176|0x000000008b000000, 0x000000008b100000, 0x000000008b100000|100%| E|CS|TAMS 0x000000008b000000, 0x000000008b000000| Complete 
| 177|0x000000008b100000, 0x000000008b200000, 0x000000008b200000|100%| E|CS|TAMS 0x000000008b100000, 0x000000008b100000| Complete 
| 178|0x000000008b200000, 0x000000008b300000, 0x000000008b300000|100%| E|CS|TAMS 0x000000008b200000, 0x000000008b200000| Complete 
| 179|0x000000008b300000, 0x000000008b400000, 0x000000008b400000|100%| E|CS|TAMS 0x000000008b300000, 0x000000008b300000| Complete 
| 180|0x000000008b400000, 0x000000008b500000, 0x000000008b500000|100%| E|CS|TAMS 0x000000008b400000, 0x000000008b400000| Complete 
| 181|0x000000008b500000, 0x000000008b600000, 0x000000008b600000|100%| E|CS|TAMS 0x000000008b500000, 0x000000008b500000| Complete 
| 182|0x000000008b600000, 0x000000008b700000, 0x000000008b700000|100%| E|CS|TAMS 0x000000008b600000, 0x000000008b600000| Complete 
| 183|0x000000008b700000, 0x000000008b800000, 0x000000008b800000|100%| E|CS|TAMS 0x000000008b700000, 0x000000008b700000| Complete 
| 184|0x000000008b800000, 0x000000008b900000, 0x000000008b900000|100%| E|CS|TAMS 0x000000008b800000, 0x000000008b800000| Complete 
| 185|0x000000008b900000, 0x000000008ba00000, 0x000000008ba00000|100%| E|CS|TAMS 0x000000008b900000, 0x000000008b900000| Complete 
| 186|0x000000008ba00000, 0x000000008bb00000, 0x000000008bb00000|100%| E|CS|TAMS 0x000000008ba00000, 0x000000008ba00000| Complete 
| 187|0x000000008bb00000, 0x000000008bc00000, 0x000000008bc00000|100%| E|CS|TAMS 0x000000008bb00000, 0x000000008bb00000| Complete 
| 188|0x000000008bc00000, 0x000000008bd00000, 0x000000008bd00000|100%| E|CS|TAMS 0x000000008bc00000, 0x000000008bc00000| Complete 
| 189|0x000000008bd00000, 0x000000008be00000, 0x000000008be00000|100%| E|CS|TAMS 0x000000008bd00000, 0x000000008bd00000| Complete 
| 190|0x000000008be00000, 0x000000008bf00000, 0x000000008bf00000|100%| E|CS|TAMS 0x000000008be00000, 0x000000008be00000| Complete 
| 191|0x000000008bf00000, 0x000000008c000000, 0x000000008c000000|100%| E|CS|TAMS 0x000000008bf00000, 0x000000008bf00000| Complete 
| 192|0x000000008c000000, 0x000000008c100000, 0x000000008c100000|100%| E|CS|TAMS 0x000000008c000000, 0x000000008c000000| Complete 
| 193|0x000000008c100000, 0x000000008c200000, 0x000000008c200000|100%| E|CS|TAMS 0x000000008c100000, 0x000000008c100000| Complete 
| 194|0x000000008c200000, 0x000000008c300000, 0x000000008c300000|100%| E|CS|TAMS 0x000000008c200000, 0x000000008c200000| Complete 
| 195|0x000000008c300000, 0x000000008c400000, 0x000000008c400000|100%| E|CS|TAMS 0x000000008c300000, 0x000000008c300000| Complete 
| 196|0x000000008c400000, 0x000000008c500000, 0x000000008c500000|100%| E|CS|TAMS 0x000000008c400000, 0x000000008c400000| Complete 
| 197|0x000000008c500000, 0x000000008c600000, 0x000000008c600000|100%| E|CS|TAMS 0x000000008c500000, 0x000000008c500000| Complete 
| 198|0x000000008c600000, 0x000000008c700000, 0x000000008c700000|100%| E|CS|TAMS 0x000000008c600000, 0x000000008c600000| Complete 
| 199|0x000000008c700000, 0x000000008c800000, 0x000000008c800000|100%| E|CS|TAMS 0x000000008c700000, 0x000000008c700000| Complete 
| 200|0x000000008c800000, 0x000000008c900000, 0x000000008c900000|100%| E|CS|TAMS 0x000000008c800000, 0x000000008c800000| Complete 
| 201|0x000000008c900000, 0x000000008ca00000, 0x000000008ca00000|100%| E|CS|TAMS 0x000000008c900000, 0x000000008c900000| Complete 
| 202|0x000000008ca00000, 0x000000008cb00000, 0x000000008cb00000|100%| E|CS|TAMS 0x000000008ca00000, 0x000000008ca00000| Complete 
| 203|0x000000008cb00000, 0x000000008cc00000, 0x000000008cc00000|100%| E|CS|TAMS 0x000000008cb00000, 0x000000008cb00000| Complete 
| 204|0x000000008cc00000, 0x000000008cd00000, 0x000000008cd00000|100%| E|CS|TAMS 0x000000008cc00000, 0x000000008cc00000| Complete 
| 205|0x000000008cd00000, 0x000000008ce00000, 0x000000008ce00000|100%| E|CS|TAMS 0x000000008cd00000, 0x000000008cd00000| Complete 
| 206|0x000000008ce00000, 0x000000008cf00000, 0x000000008cf00000|100%| E|CS|TAMS 0x000000008ce00000, 0x000000008ce00000| Complete 
| 207|0x000000008cf00000, 0x000000008d000000, 0x000000008d000000|100%| E|CS|TAMS 0x000000008cf00000, 0x000000008cf00000| Complete 
| 208|0x000000008d000000, 0x000000008d100000, 0x000000008d100000|100%| E|CS|TAMS 0x000000008d000000, 0x000000008d000000| Complete 
| 209|0x000000008d100000, 0x000000008d200000, 0x000000008d200000|100%| E|CS|TAMS 0x000000008d100000, 0x000000008d100000| Complete 
| 210|0x000000008d200000, 0x000000008d300000, 0x000000008d300000|100%| E|CS|TAMS 0x000000008d200000, 0x000000008d200000| Complete 
| 211|0x000000008d300000, 0x000000008d400000, 0x000000008d400000|100%| E|CS|TAMS 0x000000008d300000, 0x000000008d300000| Complete 
| 212|0x000000008d400000, 0x000000008d500000, 0x000000008d500000|100%| E|CS|TAMS 0x000000008d400000, 0x000000008d400000| Complete 
| 213|0x000000008d500000, 0x000000008d600000, 0x000000008d600000|100%| E|CS|TAMS 0x000000008d500000, 0x000000008d500000| Complete 
| 214|0x000000008d600000, 0x000000008d700000, 0x000000008d700000|100%| E|CS|TAMS 0x000000008d600000, 0x000000008d600000| Complete 
| 215|0x000000008d700000, 0x000000008d800000, 0x000000008d800000|100%| E|CS|TAMS 0x000000008d700000, 0x000000008d700000| Complete 
| 216|0x000000008d800000, 0x000000008d900000, 0x000000008d900000|100%| E|CS|TAMS 0x000000008d800000, 0x000000008d800000| Complete 
| 217|0x000000008d900000, 0x000000008da00000, 0x000000008da00000|100%| E|CS|TAMS 0x000000008d900000, 0x000000008d900000| Complete 
| 218|0x000000008da00000, 0x000000008db00000, 0x000000008db00000|100%| E|CS|TAMS 0x000000008da00000, 0x000000008da00000| Complete 
| 219|0x000000008db00000, 0x000000008dc00000, 0x000000008dc00000|100%| E|CS|TAMS 0x000000008db00000, 0x000000008db00000| Complete 
| 220|0x000000008dc00000, 0x000000008dd00000, 0x000000008dd00000|100%| E|CS|TAMS 0x000000008dc00000, 0x000000008dc00000| Complete 
| 221|0x000000008dd00000, 0x000000008de00000, 0x000000008de00000|100%| E|CS|TAMS 0x000000008dd00000, 0x000000008dd00000| Complete 
| 222|0x000000008de00000, 0x000000008df00000, 0x000000008df00000|100%| E|CS|TAMS 0x000000008de00000, 0x000000008de00000| Complete 
| 223|0x000000008df00000, 0x000000008e000000, 0x000000008e000000|100%| E|CS|TAMS 0x000000008df00000, 0x000000008df00000| Complete 
| 224|0x000000008e000000, 0x000000008e100000, 0x000000008e100000|100%| E|CS|TAMS 0x000000008e000000, 0x000000008e000000| Complete 
| 225|0x000000008e100000, 0x000000008e200000, 0x000000008e200000|100%| E|CS|TAMS 0x000000008e100000, 0x000000008e100000| Complete 

Card table byte_map: [0x0000021ca3380000,0x0000021ca3780000] _byte_map_base: 0x0000021ca2f80000

Marking Bits (Prev, Next): (CMBitMap*) 0x0000021c8e657880, (CMBitMap*) 0x0000021c8e657848
 Prev Bits: [0x0000021ca5b80000, 0x0000021ca7b80000)
 Next Bits: [0x0000021ca3b80000, 0x0000021ca5b80000)

Polling page: 0x0000021c8e4e0000

Metaspace:

Usage:
  Non-class:     99.69 MB capacity,    97.89 MB ( 98%) used,     1.48 MB (  1%) free+waste,   318.38 KB ( <1%) overhead. 
      Class:     14.93 MB capacity,    13.91 MB ( 93%) used,   904.83 KB (  6%) free+waste,   144.63 KB ( <1%) overhead. 
       Both:    114.62 MB capacity,   111.80 MB ( 98%) used,     2.36 MB (  2%) free+waste,   463.00 KB ( <1%) overhead. 

Virtual space:
  Non-class space:      100.00 MB reserved,      99.79 MB (>99%) committed 
      Class space:        1.00 GB reserved,      14.95 MB (  1%) committed 
             Both:        1.10 GB reserved,     114.74 MB ( 10%) committed 

Chunk freelists:
   Non-Class:  0 bytes
       Class:  0 bytes
        Both:  0 bytes

MaxMetaspaceSize: 17179869184.00 GB
CompressedClassSpaceSize: 1.00 GB

CodeHeap 'non-profiled nmethods': size=120064Kb used=11444Kb max_used=11632Kb free=108619Kb
 bounds [0x0000021c9b410000, 0x0000021c9bf70000, 0x0000021ca2950000]
CodeHeap 'profiled nmethods': size=120000Kb used=35261Kb max_used=35261Kb free=84738Kb
 bounds [0x0000021c93ee0000, 0x0000021c96160000, 0x0000021c9b410000]
CodeHeap 'non-nmethods': size=5696Kb used=2353Kb max_used=2394Kb free=3342Kb
 bounds [0x0000021c93950000, 0x0000021c93bc0000, 0x0000021c93ee0000]
 total_blobs=16571 nmethods=15590 adapters=892
 compilation: enabled
              stopped_count=0, restarted_count=0
 full_count=0

Compilation events (20 events):
Event: 222.787 Thread 0x0000021cade16000 nmethod 16801 0x0000021c9b832910 code [0x0000021c9b832aa0, 0x0000021c9b832d58]
Event: 222.787 Thread 0x0000021cade16000 16780       4       org.objectweb.asm.ClassReader::createDebugLabel (23 bytes)
Event: 222.787 Thread 0x0000021caab02000 16900       1       com.android.tools.r8.synthesis.r::a (5 bytes)
Event: 222.787 Thread 0x0000021caab02000 nmethod 16900 0x0000021c9b832590 code [0x0000021c9b832740, 0x0000021c9b8327d8]
Event: 222.787 Thread 0x0000021caab02000 16903       3       com.android.tools.r8.graph.k::hashCode (109 bytes)
Event: 222.787 Thread 0x0000021caab02000 nmethod 16903 0x0000021c9611d710 code [0x0000021c9611d8e0, 0x0000021c9611db48]
Event: 222.787 Thread 0x0000021caab02000 16904       3       com.google.common.collect.MapMakerInternalMap$Segment::getEntry (80 bytes)
Event: 222.790 Thread 0x0000021caab02000 nmethod 16904 0x0000021c9611dc10 code [0x0000021c9611df80, 0x0000021c9611f728]
Event: 222.790 Thread 0x0000021caab02000 16902   !   3       com.android.tools.r8.internal.MG0::b (116 bytes)
Event: 222.791 Thread 0x0000021caab02000 nmethod 16902 0x0000021c9611fe90 code [0x0000021c96120120, 0x0000021c96121028]
Event: 222.791 Thread 0x0000021caab02000 16901       1       com.android.tools.r8.synthesis.r::b (5 bytes)
Event: 222.791 Thread 0x0000021caab02000 nmethod 16901 0x0000021c9b839710 code [0x0000021c9b8398c0, 0x0000021c9b839958]
Event: 222.792 Thread 0x0000021cade16000 nmethod 16780 0x0000021c9b839210 code [0x0000021c9b8393c0, 0x0000021c9b839578]
Event: 222.792 Thread 0x0000021cade16000 16793       4       org.objectweb.asm.ClassReader::readConst (276 bytes)
Event: 222.823 Thread 0x0000021cade16000 nmethod 16793 0x0000021c9b83d490 code [0x0000021c9b83d6e0, 0x0000021c9b83e6e0]
Event: 222.823 Thread 0x0000021cade16000 16857       4       java.util.zip.ZipOutputStream::writeShort (41 bytes)
Event: 222.830 Thread 0x0000021cade16000 nmethod 16857 0x0000021c9b83ca90 code [0x0000021c9b83cc40, 0x0000021c9b83d1b8]
Event: 222.830 Thread 0x0000021cade16000 16787       4       java.lang.reflect.Constructor::copy (72 bytes)
Event: 222.833 Thread 0x0000021cade16000 nmethod 16787 0x0000021c9b844c90 code [0x0000021c9b844e40, 0x0000021c9b8450d8]
Event: 222.833 Thread 0x0000021cade16000 16795       4       org.objectweb.asm.SymbolTable::addConstant (330 bytes)

GC Heap History (20 events):
Event: 118.476 GC heap before
{Heap before GC invocations=74 (full 0):
 garbage-first heap   total 231424K, used 193257K [0x0000000080000000, 0x0000000100000000)
  region size 1024K, 88 young (90112K), 10 survivors (10240K)
 Metaspace       used 99516K, capacity 101984K, committed 102008K, reserved 1138688K
  class space    used 12542K, capacity 13375K, committed 13388K, reserved 1048576K
}
Event: 118.497 GC heap after
{Heap after GC invocations=75 (full 0):
 garbage-first heap   total 231424K, used 113767K [0x0000000080000000, 0x0000000100000000)
  region size 1024K, 4 young (4096K), 4 survivors (4096K)
 Metaspace       used 99516K, capacity 101984K, committed 102008K, reserved 1138688K
  class space    used 12542K, capacity 13375K, committed 13388K, reserved 1048576K
}
Event: 151.714 GC heap before
{Heap before GC invocations=76 (full 0):
 garbage-first heap   total 231424K, used 195687K [0x0000000080000000, 0x0000000100000000)
  region size 1024K, 85 young (87040K), 4 survivors (4096K)
 Metaspace       used 99758K, capacity 102148K, committed 102264K, reserved 1138688K
  class space    used 12568K, capacity 13383K, committed 13388K, reserved 1048576K
}
Event: 151.726 GC heap after
{Heap after GC invocations=77 (full 0):
 garbage-first heap   total 231424K, used 112958K [0x0000000080000000, 0x0000000100000000)
  region size 1024K, 3 young (3072K), 3 survivors (3072K)
 Metaspace       used 99758K, capacity 102148K, committed 102264K, reserved 1138688K
  class space    used 12568K, capacity 13383K, committed 13388K, reserved 1048576K
}
Event: 176.577 GC heap before
{Heap before GC invocations=77 (full 0):
 garbage-first heap   total 231424K, used 197950K [0x0000000080000000, 0x0000000100000000)
  region size 1024K, 86 young (88064K), 3 survivors (3072K)
 Metaspace       used 102492K, capacity 104928K, committed 105208K, reserved 1140736K
  class space    used 12857K, capacity 13691K, committed 13772K, reserved 1048576K
}
Event: 176.582 GC heap after
{Heap after GC invocations=78 (full 0):
 garbage-first heap   total 231424K, used 112885K [0x0000000080000000, 0x0000000100000000)
  region size 1024K, 3 young (3072K), 3 survivors (3072K)
 Metaspace       used 102492K, capacity 104928K, committed 105208K, reserved 1140736K
  class space    used 12857K, capacity 13691K, committed 13772K, reserved 1048576K
}
Event: 191.812 GC heap before
{Heap before GC invocations=79 (full 0):
 garbage-first heap   total 231424K, used 197877K [0x0000000080000000, 0x0000000100000000)
  region size 1024K, 87 young (89088K), 3 survivors (3072K)
 Metaspace       used 107674K, capacity 110185K, committed 110456K, reserved 1144832K
  class space    used 13419K, capacity 14297K, committed 14412K, reserved 1048576K
}
Event: 191.825 GC heap after
{Heap after GC invocations=80 (full 0):
 garbage-first heap   total 231424K, used 116840K [0x0000000080000000, 0x0000000100000000)
  region size 1024K, 7 young (7168K), 7 survivors (7168K)
 Metaspace       used 107674K, capacity 110185K, committed 110456K, reserved 1144832K
  class space    used 13419K, capacity 14297K, committed 14412K, reserved 1048576K
}
Event: 204.495 GC heap before
{Heap before GC invocations=80 (full 0):
 garbage-first heap   total 231424K, used 196712K [0x0000000080000000, 0x0000000100000000)
  region size 1024K, 86 young (88064K), 7 survivors (7168K)
 Metaspace       used 109021K, capacity 111671K, committed 111992K, reserved 1146880K
  class space    used 13612K, capacity 14561K, committed 14668K, reserved 1048576K
}
Event: 204.517 GC heap after
{Heap after GC invocations=81 (full 0):
 garbage-first heap   total 231424K, used 119041K [0x0000000080000000, 0x0000000100000000)
  region size 1024K, 8 young (8192K), 8 survivors (8192K)
 Metaspace       used 109021K, capacity 111671K, committed 111992K, reserved 1146880K
  class space    used 13612K, capacity 14561K, committed 14668K, reserved 1048576K
}
Event: 212.122 GC heap before
{Heap before GC invocations=82 (full 0):
 garbage-first heap   total 231424K, used 197889K [0x0000000080000000, 0x0000000100000000)
  region size 1024K, 86 young (88064K), 8 survivors (8192K)
 Metaspace       used 110178K, capacity 112909K, committed 113016K, reserved 1148928K
  class space    used 13716K, capacity 14661K, committed 14668K, reserved 1048576K
}
Event: 212.146 GC heap after
{Heap after GC invocations=83 (full 0):
 garbage-first heap   total 231424K, used 121539K [0x0000000080000000, 0x0000000100000000)
  region size 1024K, 6 young (6144K), 6 survivors (6144K)
 Metaspace       used 110178K, capacity 112909K, committed 113016K, reserved 1148928K
  class space    used 13716K, capacity 14661K, committed 14668K, reserved 1048576K
}
Event: 220.272 GC heap before
{Heap before GC invocations=83 (full 0):
 garbage-first heap   total 231424K, used 166595K [0x0000000080000000, 0x0000000100000000)
  region size 1024K, 52 young (53248K), 6 survivors (6144K)
 Metaspace       used 110709K, capacity 113410K, committed 113656K, reserved 1148928K
  class space    used 13737K, capacity 14705K, committed 14796K, reserved 1048576K
}
Event: 220.285 GC heap after
{Heap after GC invocations=84 (full 0):
 garbage-first heap   total 231424K, used 122480K [0x0000000080000000, 0x0000000100000000)
  region size 1024K, 7 young (7168K), 7 survivors (7168K)
 Metaspace       used 110709K, capacity 113410K, committed 113656K, reserved 1148928K
  class space    used 13737K, capacity 14705K, committed 14796K, reserved 1048576K
}
Event: 221.115 GC heap before
{Heap before GC invocations=85 (full 0):
 garbage-first heap   total 231424K, used 199280K [0x0000000080000000, 0x0000000100000000)
  region size 1024K, 80 young (81920K), 7 survivors (7168K)
 Metaspace       used 111108K, capacity 113730K, committed 113912K, reserved 1148928K
  class space    used 13756K, capacity 14705K, committed 14796K, reserved 1048576K
}
Event: 221.133 GC heap after
{Heap after GC invocations=86 (full 0):
 garbage-first heap   total 231424K, used 127475K [0x0000000080000000, 0x0000000100000000)
  region size 1024K, 7 young (7168K), 7 survivors (7168K)
 Metaspace       used 111108K, capacity 113730K, committed 113912K, reserved 1148928K
  class space    used 13756K, capacity 14705K, committed 14796K, reserved 1048576K
}
Event: 221.641 GC heap before
{Heap before GC invocations=86 (full 0):
 garbage-first heap   total 231424K, used 199155K [0x0000000080000000, 0x0000000100000000)
  region size 1024K, 77 young (78848K), 7 survivors (7168K)
 Metaspace       used 111110K, capacity 113730K, committed 113912K, reserved 1148928K
  class space    used 13756K, capacity 14705K, committed 14796K, reserved 1048576K
}
Event: 221.652 GC heap after
{Heap after GC invocations=87 (full 0):
 garbage-first heap   total 231424K, used 127734K [0x0000000080000000, 0x0000000100000000)
  region size 1024K, 5 young (5120K), 5 survivors (5120K)
 Metaspace       used 111110K, capacity 113730K, committed 113912K, reserved 1148928K
  class space    used 13756K, capacity 14705K, committed 14796K, reserved 1048576K
}
Event: 222.215 GC heap before
{Heap before GC invocations=88 (full 0):
 garbage-first heap   total 231424K, used 199414K [0x0000000080000000, 0x0000000100000000)
  region size 1024K, 75 young (76800K), 5 survivors (5120K)
 Metaspace       used 111122K, capacity 113750K, committed 113912K, reserved 1148928K
  class space    used 13757K, capacity 14735K, committed 14796K, reserved 1048576K
}
Event: 222.226 GC heap after
{Heap after GC invocations=89 (full 0):
 garbage-first heap   total 231424K, used 127720K [0x0000000080000000, 0x0000000100000000)
  region size 1024K, 5 young (5120K), 5 survivors (5120K)
 Metaspace       used 111122K, capacity 113750K, committed 113912K, reserved 1148928K
  class space    used 13757K, capacity 14735K, committed 14796K, reserved 1048576K
}

Deoptimization events (20 events):
Event: 222.618 Thread 0x0000021cacb3e000 Uncommon trap: trap_request=0xffffff4d fr.pc=0x0000021c9b9dd62c relative=0x000000000000038c
Event: 222.618 Thread 0x0000021cacb3e000 Uncommon trap: reason=unstable_if action=reinterpret pc=0x0000021c9b9dd62c method=java.util.stream.StreamOpFlag.getMask(I)I @ 1 c2
Event: 222.618 Thread 0x0000021cacb3e000 DEOPT PACKING pc=0x0000021c9b9dd62c sp=0x0000009b1a9fa8b0
Event: 222.618 Thread 0x0000021cacb3e000 DEOPT UNPACKING pc=0x0000021c939765af sp=0x0000009b1a9fa7a0 mode 2
Event: 222.670 Thread 0x0000021cacb3e000 Uncommon trap: trap_request=0xffffff4d fr.pc=0x0000021c9beee21c relative=0x000000000000175c
Event: 222.670 Thread 0x0000021cacb3e000 Uncommon trap: reason=unstable_if action=reinterpret pc=0x0000021c9beee21c method=java.util.concurrent.ConcurrentHashMap.putVal(Ljava/lang/Object;Ljava/lang/Object;Z)Ljava/lang/Object; @ 162 c2
Event: 222.670 Thread 0x0000021cacb3e000 DEOPT PACKING pc=0x0000021c9beee21c sp=0x0000009b1a9f9870
Event: 222.671 Thread 0x0000021cacb3e000 DEOPT UNPACKING pc=0x0000021c939765af sp=0x0000009b1a9f9818 mode 2
Event: 222.671 Thread 0x0000021cacb3e000 Uncommon trap: trap_request=0xffffff4d fr.pc=0x0000021c9b556f44 relative=0x00000000000001c4
Event: 222.671 Thread 0x0000021cacb3e000 Uncommon trap: reason=unstable_if action=reinterpret pc=0x0000021c9b556f44 method=com.google.common.collect.MapMakerInternalMap$Segment.getEntry(Ljava/lang/Object;I)Lcom/google/common/collect/MapMakerInternalMap$InternalEntry; @ 63 c2
Event: 222.671 Thread 0x0000021cacb3e000 DEOPT PACKING pc=0x0000021c9b556f44 sp=0x0000009b1a9f97d0
Event: 222.671 Thread 0x0000021cacb3e000 DEOPT UNPACKING pc=0x0000021c939765af sp=0x0000009b1a9f9698 mode 2
Event: 222.671 Thread 0x0000021cacb3e000 Uncommon trap: trap_request=0xffffff4d fr.pc=0x0000021c9be5f1b8 relative=0x0000000000001998
Event: 222.671 Thread 0x0000021cacb3e000 Uncommon trap: reason=unstable_if action=reinterpret pc=0x0000021c9be5f1b8 method=com.google.common.collect.MapMakerInternalMap$Segment.put(Ljava/lang/Object;ILjava/lang/Object;Z)Ljava/lang/Object; @ 92 c2
Event: 222.671 Thread 0x0000021cacb3e000 DEOPT PACKING pc=0x0000021c9be5f1b8 sp=0x0000009b1a9f9790
Event: 222.671 Thread 0x0000021cacb3e000 DEOPT UNPACKING pc=0x0000021c939765af sp=0x0000009b1a9f9728 mode 2
Event: 222.779 Thread 0x0000021cacb3e000 Uncommon trap: trap_request=0xffffff4d fr.pc=0x0000021c9beb1874 relative=0x0000000000000194
Event: 222.779 Thread 0x0000021cacb3e000 Uncommon trap: reason=unstable_if action=reinterpret pc=0x0000021c9beb1874 method=com.google.common.collect.MapMakerInternalMap$Segment.getEntry(Ljava/lang/Object;I)Lcom/google/common/collect/MapMakerInternalMap$InternalEntry; @ 63 c2
Event: 222.779 Thread 0x0000021cacb3e000 DEOPT PACKING pc=0x0000021c9beb1874 sp=0x0000009b1a9f8c50
Event: 222.779 Thread 0x0000021cacb3e000 DEOPT UNPACKING pc=0x0000021c939765af sp=0x0000009b1a9f8c08 mode 2

Classes redefined (0 events):
No events

Internal exceptions (20 events):
Event: 198.446 Thread 0x0000021cadb6a000 Exception <a 'java/lang/IncompatibleClassChangeError'{0x000000008cd71120}: Found class java.lang.Object, but interface was expected> (0x000000008cd71120) thrown at [./src/hotspot/share/interpreter/linkResolver.cpp, line 839]
Event: 198.522 Thread 0x0000021cadb6a000 Exception <a 'java/lang/NoSuchMethodError'{0x000000008c955178}: 'void java.lang.invoke.DirectMethodHandle$Holder.invokeStatic(java.lang.Object, java.lang.Object, java.lang.Object, java.lang.Object, java.lang.Object, java.lang.Object, java.lang.Object)'> (0x000000008c955178) thrown at [./src/hotspot/share/interpreter/linkResolver.cpp, line 773]
Event: 203.169 Thread 0x0000021cabb9e800 Exception <a 'java/net/SocketTimeoutException'{0x000000008a0d4490}: Read timed out> (0x000000008a0d4490) thrown at [./src/hotspot/share/prims/jni.cpp, line 636]
Event: 203.169 Thread 0x0000021cadb6d800 Exception <a 'java/net/SocketTimeoutException'{0x000000008bf15dd0}: Read timed out> (0x000000008bf15dd0) thrown at [./src/hotspot/share/prims/jni.cpp, line 636]
Event: 203.169 Thread 0x0000021cadb6f000 Exception <a 'java/net/SocketTimeoutException'{0x000000008a5f10f0}: Read timed out> (0x000000008a5f10f0) thrown at [./src/hotspot/share/prims/jni.cpp, line 636]
Event: 203.607 Thread 0x0000021cadb6f000 Exception <a 'java/net/SocketTimeoutException'{0x0000000089d5cf20}: Read timed out> (0x0000000089d5cf20) thrown at [./src/hotspot/share/prims/jni.cpp, line 636]
Event: 206.888 Thread 0x0000021cabb9c000 Exception <a 'java/net/SocketTimeoutException'{0x000000008dcde1d8}: Read timed out> (0x000000008dcde1d8) thrown at [./src/hotspot/share/prims/jni.cpp, line 636]
Event: 207.216 Thread 0x0000021cae9cb800 Exception <a 'java/net/SocketTimeoutException'{0x000000008c860888}: Read timed out> (0x000000008c860888) thrown at [./src/hotspot/share/prims/jni.cpp, line 636]
Event: 208.153 Thread 0x0000021cabba7800 Exception <a 'java/net/SocketTimeoutException'{0x000000008db144b0}: Read timed out> (0x000000008db144b0) thrown at [./src/hotspot/share/prims/jni.cpp, line 636]
Event: 209.232 Thread 0x0000021cadb6d800 Exception <a 'java/net/SocketTimeoutException'{0x000000008d9dfa58}: Read timed out> (0x000000008d9dfa58) thrown at [./src/hotspot/share/prims/jni.cpp, line 636]
Event: 210.514 Thread 0x0000021cacb3e000 Exception <a 'java/lang/NoSuchMethodError'{0x000000008a198850}: 'void java.lang.invoke.DirectMethodHandle$Holder.invokeSpecial(java.lang.Object, java.lang.Object, java.lang.Object, java.lang.Object, int, java.lang.Object, java.lang.Object)'> (0x000000008a198850) thrown at [./src/hotspot/share/interpreter/linkResolver.cpp, line 773]
Event: 216.200 Thread 0x0000021cabb9d800 Exception <a 'java/net/SocketTimeoutException'{0x000000008d28a1d8}: Read timed out> (0x000000008d28a1d8) thrown at [./src/hotspot/share/prims/jni.cpp, line 636]
Event: 216.200 Thread 0x0000021cadb69800 Exception <a 'java/net/SocketTimeoutException'{0x000000008d2ac8c8}: Read timed out> (0x000000008d2ac8c8) thrown at [./src/hotspot/share/prims/jni.cpp, line 636]
Event: 216.201 Thread 0x0000021cabb9d000 Exception <a 'java/net/SocketTimeoutException'{0x000000008d2a4a30}: Read timed out> (0x000000008d2a4a30) thrown at [./src/hotspot/share/prims/jni.cpp, line 636]
Event: 217.606 Thread 0x0000021cae9d5000 Exception <a 'java/net/SocketTimeoutException'{0x000000008c8a0430}: Read timed out> (0x000000008c8a0430) thrown at [./src/hotspot/share/prims/jni.cpp, line 636]
Event: 217.622 Thread 0x0000021cabb9c000 Exception <a 'java/net/SocketTimeoutException'{0x000000008c8aa140}: Read timed out> (0x000000008c8aa140) thrown at [./src/hotspot/share/prims/jni.cpp, line 636]
Event: 217.622 Thread 0x0000021cacb3e000 Exception <a 'java/net/SocketTimeoutException'{0x000000008c777528}: Read timed out> (0x000000008c777528) thrown at [./src/hotspot/share/prims/jni.cpp, line 636]
Event: 218.381 Thread 0x0000021cacb3e000 Exception <a 'java/lang/NoSuchMethodError'{0x000000008c09ab10}: 'int java.lang.invoke.DirectMethodHandle$Holder.invokeSpecialIFC(java.lang.Object, java.lang.Object, java.lang.Object)'> (0x000000008c09ab10) thrown at [./src/hotspot/share/interpreter/linkResolver.cpp, line 773]
Event: 222.692 Thread 0x0000021cacb3e000 Exception <a 'java/lang/NoSuchMethodError'{0x000000008b71c2a0}: 'java.lang.Object java.lang.invoke.DirectMethodHandle$Holder.invokeStaticInit(java.lang.Object, java.lang.Object, java.lang.Object, java.lang.Object, java.lang.Object, java.lang.Object, java.lang.Object, java.lang.Object, java.lang.Object, java.lang.Object, java.lang.Object, java.lang.Object, java.lang.Object, java.lang.Object, java.lang.Object, java.lang.Object, java.lang.Object, java.lang.Object, int, java.lang.Object, java.lang.Object)'> (0
Event: 222.760 Thread 0x0000021cacb3e000 Exception <a 'java/lang/NoSuchMethodError'{0x000000008b553eb0}: 'int java.lang.invoke.DirectMethodHandle$Holder.invokeVirtual(java.lang.Object, java.lang.Object, java.lang.Object, java.lang.Object)'> (0x000000008b553eb0) thrown at [./src/hotspot/share/interpreter/linkResolver.cpp, line 773]

Events (20 events):
Event: 222.833 loading class com/android/tools/r8/internal/CX0
Event: 222.833 loading class com/android/tools/r8/internal/CX0 done
Event: 222.833 loading class com/android/tools/r8/internal/PA0
Event: 222.833 loading class com/android/tools/r8/internal/PA0 done
Event: 222.833 loading class com/android/tools/r8/internal/CX0
Event: 222.833 loading class com/android/tools/r8/internal/CX0 done
Event: 222.833 loading class com/android/tools/r8/internal/PA0
Event: 222.833 loading class com/android/tools/r8/internal/PA0 done
Event: 222.833 loading class com/android/tools/r8/internal/FP0
Event: 222.833 loading class com/android/tools/r8/internal/FP0 done
Event: 222.834 loading class com/android/tools/r8/internal/YD0
Event: 222.834 loading class com/android/tools/r8/internal/YD0 done
Event: 222.834 loading class com/android/tools/r8/internal/YD0
Event: 222.834 loading class com/android/tools/r8/internal/YD0 done
Event: 222.834 loading class com/android/tools/r8/internal/LA0
Event: 222.834 loading class com/android/tools/r8/internal/LA0 done
Event: 222.834 loading class com/android/tools/r8/internal/CX0
Event: 222.834 loading class com/android/tools/r8/internal/CX0 done
Event: 222.834 loading class com/android/tools/r8/internal/PA0
Event: 222.834 loading class com/android/tools/r8/internal/PA0 done


Dynamic libraries:
0x00007ff68a6d0000 - 0x00007ff68a6da000 	C:\Program Files\Android\Android Studio\jre\bin\java.exe
0x00007ffebf8b0000 - 0x00007ffebfaa5000 	C:\Windows\SYSTEM32\ntdll.dll
0x00007ffebf6d0000 - 0x00007ffebf78e000 	C:\Windows\System32\KERNEL32.DLL
0x00007ffebd630000 - 0x00007ffebd8f8000 	C:\Windows\System32\KERNELBASE.dll
0x00007ffebcfc0000 - 0x00007ffebd0c0000 	C:\Windows\System32\ucrtbase.dll
0x00007ffeb7a00000 - 0x00007ffeb7a19000 	C:\Program Files\Android\Android Studio\jre\bin\jli.dll
0x00007ffebdf20000 - 0x00007ffebe0c0000 	C:\Windows\System32\USER32.dll
0x00007ffebd600000 - 0x00007ffebd622000 	C:\Windows\System32\win32u.dll
0x00007ffebed00000 - 0x00007ffebed2b000 	C:\Windows\System32\GDI32.dll
0x00007ffebd280000 - 0x00007ffebd38d000 	C:\Windows\System32\gdi32full.dll
0x00007ffebd0c0000 - 0x00007ffebd15d000 	C:\Windows\System32\msvcp_win.dll
0x00007ffeb2480000 - 0x00007ffeb2497000 	C:\Program Files\Android\Android Studio\jre\bin\VCRUNTIME140.dll
0x00007ffebc390000 - 0x00007ffebc62a000 	C:\Windows\WinSxS\amd64_microsoft.windows.common-controls_6595b64144ccf1df_6.0.19041.1110_none_60b5254171f9507e\COMCTL32.dll
0x00007ffebe3c0000 - 0x00007ffebe45e000 	C:\Windows\System32\msvcrt.dll
0x00007ffebf6a0000 - 0x00007ffebf6d0000 	C:\Windows\System32\IMM32.DLL
0x00007ffe927d0000 - 0x00007ffe9286d000 	C:\Program Files\Android\Android Studio\jre\bin\msvcp140.dll
0x00007ffe91330000 - 0x00007ffe91e05000 	C:\Program Files\Android\Android Studio\jre\bin\server\jvm.dll
0x00007ffebf3f0000 - 0x00007ffebf49e000 	C:\Windows\System32\ADVAPI32.dll
0x00007ffebec60000 - 0x00007ffebecfc000 	C:\Windows\System32\sechost.dll
0x00007ffebee90000 - 0x00007ffebefb5000 	C:\Windows\System32\RPCRT4.dll
0x00007ffebf4a0000 - 0x00007ffebf4a8000 	C:\Windows\System32\PSAPI.DLL
0x00007ffebadf0000 - 0x00007ffebadf9000 	C:\Windows\SYSTEM32\WSOCK32.dll
0x00007ffebe2d0000 - 0x00007ffebe33b000 	C:\Windows\System32\WS2_32.dll
0x00007ffead170000 - 0x00007ffead197000 	C:\Windows\SYSTEM32\WINMM.dll
0x00007ffeb9d40000 - 0x00007ffeb9d4a000 	C:\Windows\SYSTEM32\VERSION.dll
0x00007ffeba1d0000 - 0x00007ffeba1e2000 	C:\Windows\SYSTEM32\kernel.appcore.dll
0x00007ffebadd0000 - 0x00007ffebade1000 	C:\Program Files\Android\Android Studio\jre\bin\verify.dll
0x00007ffebc9e0000 - 0x00007ffebcbc4000 	C:\Windows\SYSTEM32\DBGHELP.DLL
0x00007ffebc790000 - 0x00007ffebc7bc000 	C:\Windows\SYSTEM32\dbgcore.DLL
0x00007ffebd520000 - 0x00007ffebd5a2000 	C:\Windows\System32\bcryptPrimitives.dll
0x00007ffebada0000 - 0x00007ffebadc9000 	C:\Program Files\Android\Android Studio\jre\bin\java.dll
0x00007ffebad90000 - 0x00007ffebad9b000 	C:\Program Files\Android\Android Studio\jre\bin\jimage.dll
0x00007ffebad70000 - 0x00007ffebad88000 	C:\Program Files\Android\Android Studio\jre\bin\zip.dll
0x00007ffebe460000 - 0x00007ffebeba4000 	C:\Windows\System32\SHELL32.dll
0x00007ffeba3d0000 - 0x00007ffebab64000 	C:\Windows\SYSTEM32\windows.storage.dll
0x00007ffebefc0000 - 0x00007ffebf315000 	C:\Windows\System32\combase.dll
0x00007ffebc320000 - 0x00007ffebc34e000 	C:\Windows\SYSTEM32\Wldp.dll
0x00007ffebdd80000 - 0x00007ffebde2d000 	C:\Windows\System32\SHCORE.dll
0x00007ffebde30000 - 0x00007ffebde85000 	C:\Windows\System32\shlwapi.dll
0x00007ffebcf00000 - 0x00007ffebcf1f000 	C:\Windows\SYSTEM32\profapi.dll
0x00007ffebad50000 - 0x00007ffebad6a000 	C:\Program Files\Android\Android Studio\jre\bin\net.dll
0x00007ffeb1da0000 - 0x00007ffeb1eac000 	C:\Windows\SYSTEM32\WINHTTP.dll
0x00007ffebc1f0000 - 0x00007ffebc25a000 	C:\Windows\system32\mswsock.dll
0x00007ffebad30000 - 0x00007ffebad44000 	C:\Program Files\Android\Android Studio\jre\bin\nio.dll
0x00007ffeb1250000 - 0x00007ffeb1277000 	C:\Users\kamra\.gradle\native\e1d6ef7f7dcc3fd88c89a11ec53ec762bb8ba0a96d01ffa2cd45eb1d1d8dd5c5\windows-amd64\native-platform.dll
0x00007ffe8ea10000 - 0x00007ffe8eb54000 	C:\Users\kamra\.gradle\native\5664cfc778a61ccfe75a443a1ab52a65af34e5dc3c78e0209fed803814484fcb\windows-amd64\native-platform-file-events.dll
0x00007ffebad20000 - 0x00007ffebad2a000 	C:\Program Files\Android\Android Studio\jre\bin\management.dll
0x00007ffebad10000 - 0x00007ffebad1d000 	C:\Program Files\Android\Android Studio\jre\bin\management_ext.dll
0x00007ffebcd40000 - 0x00007ffebcd58000 	C:\Windows\SYSTEM32\CRYPTSP.dll
0x00007ffebba20000 - 0x00007ffebba54000 	C:\Windows\system32\rsaenh.dll
0x00007ffebd390000 - 0x00007ffebd3b7000 	C:\Windows\System32\bcrypt.dll
0x00007ffebce80000 - 0x00007ffebceae000 	C:\Windows\SYSTEM32\USERENV.dll
0x00007ffebc2e0000 - 0x00007ffebc2ec000 	C:\Windows\SYSTEM32\CRYPTBASE.dll
0x00007ffebbd70000 - 0x00007ffebbdab000 	C:\Windows\SYSTEM32\IPHLPAPI.DLL
0x00007ffebee80000 - 0x00007ffebee88000 	C:\Windows\System32\NSI.dll
0x00007ffeb49f0000 - 0x00007ffeb4a07000 	C:\Windows\SYSTEM32\dhcpcsvc6.DLL
0x00007ffeb5c70000 - 0x00007ffeb5c8d000 	C:\Windows\SYSTEM32\dhcpcsvc.DLL
0x00007ffebbdb0000 - 0x00007ffebbe7b000 	C:\Windows\SYSTEM32\DNSAPI.dll
0x00007ffeab1e0000 - 0x00007ffeab207000 	C:\Program Files\Android\Android Studio\jre\bin\sunec.dll
0x00007ffeb0840000 - 0x00007ffeb084a000 	C:\Windows\System32\rasadhlp.dll
0x00007ffeb1d20000 - 0x00007ffeb1d9f000 	C:\Windows\System32\fwpuclnt.dll

dbghelp: loaded successfully - version: 4.0.5 - missing functions: none
symbol engine: initialized successfully - sym options: 0x614 - pdb path: .;C:\Program Files\Android\Android Studio\jre\bin;C:\Windows\SYSTEM32;C:\Windows\WinSxS\amd64_microsoft.windows.common-controls_6595b64144ccf1df_6.0.19041.1110_none_60b5254171f9507e;C:\Program Files\Android\Android Studio\jre\bin\server;C:\Users\kamra\.gradle\native\e1d6ef7f7dcc3fd88c89a11ec53ec762bb8ba0a96d01ffa2cd45eb1d1d8dd5c5\windows-amd64;C:\Users\kamra\.gradle\native\5664cfc778a61ccfe75a443a1ab52a65af34e5dc3c78e0209fed803814484fcb\windows-amd64

VM Arguments:
jvm_args: --add-opens=java.base/java.util=ALL-UNNAMED --add-opens=java.base/java.lang=ALL-UNNAMED --add-opens=java.base/java.lang.invoke=ALL-UNNAMED --add-opens=java.base/java.util=ALL-UNNAMED --add-opens=java.prefs/java.util.prefs=ALL-UNNAMED --add-opens=java.prefs/java.util.prefs=ALL-UNNAMED --add-opens=java.base/java.nio.charset=ALL-UNNAMED --add-opens=java.base/java.net=ALL-UNNAMED --add-opens=java.base/java.util.concurrent.atomic=ALL-UNNAMED -Xmx2048m -Dfile.encoding=UTF-8 -Duser.country=US -Duser.language=en -Duser.variant 
java_command: org.gradle.launcher.daemon.bootstrap.GradleDaemon 7.2
java_class_path (initial): C:\Users\kamra\.gradle\wrapper\dists\gradle-7.2-bin\2dnblmf4td7x66yl1d74lt32g\gradle-7.2\lib\gradle-launcher-7.2.jar
Launcher Type: SUN_STANDARD

[Global flags]
     intx CICompilerCount                          = 3                                         {product} {ergonomic}
     uint ConcGCThreads                            = 1                                         {product} {ergonomic}
     uint G1ConcRefinementThreads                  = 4                                         {product} {ergonomic}
   size_t G1HeapRegionSize                         = 1048576                                   {product} {ergonomic}
    uintx GCDrainStackTargetSize                   = 64                                        {product} {ergonomic}
   size_t InitialHeapSize                          = 65011712                                  {product} {ergonomic}
   size_t MarkStackSize                            = 4194304                                   {product} {ergonomic}
   size_t MaxHeapSize                              = 2147483648                                {product} {command line}
   size_t MaxNewSize                               = 1287651328                                {product} {ergonomic}
   size_t MinHeapDeltaBytes                        = 1048576                                   {product} {ergonomic}
    uintx NonNMethodCodeHeapSize                   = 5830732                                {pd product} {ergonomic}
    uintx NonProfiledCodeHeapSize                  = 122913754                              {pd product} {ergonomic}
    uintx ProfiledCodeHeapSize                     = 122913754                              {pd product} {ergonomic}
    uintx ReservedCodeCacheSize                    = 251658240                              {pd product} {ergonomic}
     bool SegmentedCodeCache                       = true                                      {product} {ergonomic}
     bool UseCompressedClassPointers               = true                                 {lp64_product} {ergonomic}
     bool UseCompressedOops                        = true                                 {lp64_product} {ergonomic}
     bool UseG1GC                                  = true                                      {product} {ergonomic}
     bool UseLargePagesIndividualAllocation        = false                                  {pd product} {ergonomic}

Logging:
Log output configuration:
 #0: stdout all=warning uptime,level,tags
 #1: stderr all=off uptime,level,tags

Environment Variables:
JAVA_HOME=C:\Program Files\Java\jdk-11
PATH=C:\Windows\system32;C:\Windows;C:\Windows\System32\Wbem;C:\Windows\System32\WindowsPowerShell\v1.0\;C:\Windows\System32\OpenSSH\;C:\Program Files\Java\jdk-11\bin;C:\Users\kamra\AppData\Local\Microsoft\WindowsApps;
USERNAME=kamra
OS=Windows_NT
PROCESSOR_IDENTIFIER=Intel64 Family 6 Model 58 Stepping 9, GenuineIntel



---------------  S Y S T E M  ---------------

OS: Windows 10 , 64 bit Build 19041 (10.0.19041.1503)
OS uptime: 0 days 0:22 hours

CPU:total 4 (initial active 4) (2 cores per cpu, 2 threads per core) family 6 model 58 stepping 9 microcode 0x21, cmov, cx8, fxsr, mmx, sse, sse2, sse3, ssse3, sse4.1, sse4.2, popcnt, avx, aes, clmul, erms, ht, tsc, tscinvbit, tscinv

Memory: 4k page, system-wide physical 3959M (809M free)
TotalPageFile size 5367M (AvailPageFile size 1047M)
current process WorkingSet (physical memory assigned to process): 548M, peak: 548M
current process commit charge ("private bytes"): 575M, peak: 576M

vm_info: OpenJDK 64-Bit Server VM (11.0.11+9-b60-7590822) for windows-amd64 JRE (11.0.11+9-b60-7590822), built on Jul 29 2021 21:43:44 by "builder" with MS VC++ 14.0 (VS2015)

END.
