#
# A fatal error has been detected by the Java Runtime Environment:
#
#  EXCEPTION_ACCESS_VIOLATION (0xc0000005) at pc=0x00007ffe914cafa8, pid=3724, tid=7092
#
# JRE version: OpenJDK Runtime Environment (11.0.11+9) (build 11.0.11+9-b60-7590822)
# Java VM: OpenJDK 64-Bit Server VM (11.0.11+9-b60-7590822, mixed mode, tiered, compressed oops, g1 gc, windows-amd64)
# Problematic frame:
# V  [jvm.dll+0x19afa8]
#
# No core dump will be written. Minidumps are not enabled by default on client versions of Windows
#
# If you would like to submit a bug report, please visit:
#   https://bugreport.java.com/bugreport/crash.jsp
#

---------------  S U M M A R Y ------------

Command Line: --add-opens=java.base/java.util=ALL-UNNAMED --add-opens=java.base/java.lang=ALL-UNNAMED --add-opens=java.base/java.lang.invoke=ALL-UNNAMED --add-opens=java.base/java.util=ALL-UNNAMED --add-opens=java.prefs/java.util.prefs=ALL-UNNAMED --add-opens=java.prefs/java.util.prefs=ALL-UNNAMED --add-opens=java.base/java.nio.charset=ALL-UNNAMED --add-opens=java.base/java.net=ALL-UNNAMED --add-opens=java.base/java.util.concurrent.atomic=ALL-UNNAMED -Xmx2048m -Dfile.encoding=UTF-8 -Duser.country=US -Duser.language=en -Duser.variant org.gradle.launcher.daemon.bootstrap.GradleDaemon 7.2

Host: Intel(R) Core(TM) i5-3340M CPU @ 2.70GHz, 4 cores, 3G,  Windows 10 , 64 bit Build 19041 (10.0.19041.1503)
Time: Mon Feb 14 01:21:09 2022 Pakistan Standard Time elapsed time: 30.873283 seconds (0d 0h 0m 30s)

---------------  T H R E A D  ---------------

Current thread (0x00000173f442c800):  JavaThread "C2 CompilerThread0" daemon [_thread_in_native, id=7092, stack(0x000000394c400000,0x000000394c500000)]


Current CompileTask:
C2:  30873 6327 %     4       org.objectweb.asm.ClassReader::readCode @ 2035 (5109 bytes)

Stack: [0x000000394c400000,0x000000394c500000],  sp=0x000000394c4fbee0,  free space=1007k
Native frames: (J=compiled Java code, j=interpreted, Vv=VM code, C=native code)
V  [jvm.dll+0x19afa8]
V  [jvm.dll+0x198766]
V  [jvm.dll+0x1fc2ee]
V  [jvm.dll+0x1fb3d4]
V  [jvm.dll+0x183d6c]
V  [jvm.dll+0x209a57]
V  [jvm.dll+0x2082a1]
V  [jvm.dll+0x6ef58f]
V  [jvm.dll+0x6e80b5]
V  [jvm.dll+0x5f1036]
C  [ucrtbase.dll+0x21bb2]
C  [KERNEL32.DLL+0x17034]
C  [ntdll.dll+0x52651]


siginfo: EXCEPTION_ACCESS_VIOLATION (0xc0000005), reading address 0x000000fe91b308a8


Register to memory mapping:

RIP=0x00007ffe914cafa8 jvm.dll
RAX=0x000000fe91b307e8 is an unknown value
RBX=0x0000000000000001 is an unknown value
RCX=0x00000173fe57b458 points into unknown readable memory: 0x000000fe91b307e8 | e8 07 b3 91 fe 00 00 00
RDX=0x0 is NULL
RSP=0x000000394c4fbee0 is pointing into the stack for thread: 0x00000173f442c800
RBP=0xffffffffffffffff is an unknown value
RSI=0x000000394c4fc3e0 is pointing into the stack for thread: 0x00000173f442c800
RDI=0x0000000000000001 is an unknown value
R8 =
[error occurred during error reporting (printing register info), id 0xc0000005, EXCEPTION_ACCESS_VIOLATION (0xc0000005) at pc=0x00007ffe9160abc7]

Registers:
RAX=0x000000fe91b307e8, RBX=0x0000000000000001, RCX=0x00000173fe57b458, RDX=0x0000000000000000
RSP=0x000000394c4fbee0, RBP=0xffffffffffffffff, RSI=0x000000394c4fc3e0, RDI=0x0000000000000001
R8 =0x00000000ffffffff, R9 =0x0000000000000000, R10=0x0000017380489360, R11=0x0000000000000001
R12=0x0000000000000001, R13=0x0000000000000001, R14=0x00000173fe57b458, R15=0x00000173fa2d2c30
RIP=0x00007ffe914cafa8, EFLAGS=0x0000000000010246

Top of Stack: (sp=0x000000394c4fbee0)
0x000000394c4fbee0:   00000173804892d0 0000017380489308
0x000000394c4fbef0:   00000173804892d0 ffffffffffffffff
0x000000394c4fbf00:   0000031b00000006 0000000000000001
0x000000394c4fbf10:   00000173fa2d2c30 0000000000000000
0x000000394c4fbf20:   0000000000000000 0000000000000000
0x000000394c4fbf30:   0000000000003902 00000173f66855a0
0x000000394c4fbf40:   00000173f66855b0 0000000000000008
0x000000394c4fbf50:   00000000000003d8 000000394c4fc080
0x000000394c4fbf60:   0000000000000000 000000394c4fc4c8
0x000000394c4fbf70:   000000394c4fc3e0 00007ffe914c8766
0x000000394c4fbf80:   000000394c4fc3e0 000000394c4fc001
0x000000394c4fbf90:   000000394c4fc401 00000173ffffffff
0x000000394c4fbfa0:   000000000000c100 0000000000000000
0x000000394c4fbfb0:   0000003900000006 00000173f66855a0
0x000000394c4fbfc0:   00000173fe3f6e10 00000173fe3fabc0
0x000000394c4fbfd0:   00000173fe3fedf8 0000000000afa5b0 

Instructions: (pc=0x00007ffe914cafa8)
0x00007ffe914caea8:   c4 b0 00 00 00 5d c3 cc 88 54 24 10 48 89 4c 24
0x00007ffe914caeb8:   08 53 56 57 48 81 ec 80 00 00 00 48 8b 41 48 48
0x00007ffe914caec8:   8b f1 48 8b 40 10 48 8b 40 08 48 8b 40 08 48 8b
0x00007ffe914caed8:   40 08 48 8b 40 18 48 63 78 28 48 8b 81 28 01 00
0x00007ffe914caee8:   00 8b 04 b8 48 8d 14 80 48 8b 41 70 48 c1 e2 05
0x00007ffe914caef8:   48 8b 48 20 f2 0f 10 04 0a f2 0f 58 05 8f 5c 66
0x00007ffe914caf08:   00 f2 0f 11 04 0a 33 c9 48 8b 46 48 89 4c 24 24
0x00007ffe914caf18:   39 48 40 0f 86 15 07 00 00 48 89 6c 24 78 48 83
0x00007ffe914caf28:   cd ff 4c 89 64 24 70 4c 89 6c 24 68 44 8d 69 01
0x00007ffe914caf38:   4c 89 74 24 60 4c 89 7c 24 58 0f 29 74 24 40 f2
0x00007ffe914caf48:   0f 10 35 e9 67 64 00 90 48 8b 40 30 4c 8b 3c c8
0x00007ffe914caf58:   41 8b c5 4c 89 7c 24 30 89 44 24 20 41 83 7f 28
0x00007ffe914caf68:   01 0f 86 92 06 00 00 90 41 3b 47 18 73 0c 8b c8
0x00007ffe914caf78:   49 8b 47 20 4c 8b 34 c8 eb 03 45 33 f6 41 8b 46
0x00007ffe914caf88:   2c 45 8b e5 24 03 c6 84 24 b0 00 00 00 00 3c 02
0x00007ffe914caf98:   75 17 49 8b 06 49 8b ce c6 84 24 b0 00 00 00 01
0x00007ffe914cafa8:   ff 90 c0 00 00 00 44 8b e0 48 8b 86 28 01 00 00
0x00007ffe914cafb8:   49 63 4e 28 41 0f b7 7e 30 83 e7 01 8b 14 88 48
0x00007ffe914cafc8:   8b 46 70 48 8d 1c 92 48 c1 e3 05 48 03 58 20 85
0x00007ffe914cafd8:   d2 0f 84 22 03 00 00 85 ff 74 3a 81 8b 98 00 00
0x00007ffe914cafe8:   00 00 10 00 00 49 8b 46 08 48 8b 0c f8 48 8b 86
0x00007ffe914caff8:   28 01 00 00 48 63 51 28 8b 0c 90 48 8b 46 70 48
0x00007ffe914cb008:   8d 14 89 48 c1 e2 05 48 03 50 20 81 8a 98 00 00
0x00007ffe914cb018:   00 00 10 00 00 49 8b 06 49 8b ce ff 50 28 4c 8b
0x00007ffe914cb028:   f8 8b 50 10 8d 4a e5 83 f9 01 76 08 8d 4a e2 83
0x00007ffe914cb038:   f9 01 77 07 83 8b 98 00 00 00 02 41 8b 4e 28 8b
0x00007ffe914cb048:   c1 c1 e8 05 3b 86 90 00 00 00 73 4f 8b f8 83 e1
0x00007ffe914cb058:   1f 48 8b 86 98 00 00 00 41 8b d5 d3 e2 8b 04 b8
0x00007ffe914cb068:   23 c2 74 37 83 8b 98 00 00 00 08 41 8b 4e 28 8b
0x00007ffe914cb078:   c1 c1 e8 05 3b 86 b0 00 00 00 73 1f 8b f8 83 e1
0x00007ffe914cb088:   1f 48 8b 86 b8 00 00 00 41 8b d5 d3 e2 8b 04 b8
0x00007ffe914cb098:   23 c2 74 07 83 8b 98 00 00 00 10 48 83 7b 18 00 


Stack slot to memory mapping:
stack at sp + 0 slots: 0x00000173804892d0 points into unknown readable memory: 0x0000000000000000 | 00 00 00 00 00 00 00 00
stack at sp + 1 slots: 0x0000017380489308 points into unknown readable memory: 0x0000000000000000 | 00 00 00 00 00 00 00 00
stack at sp + 2 slots: 0x00000173804892d0 points into unknown readable memory: 0x0000000000000000 | 00 00 00 00 00 00 00 00
stack at sp + 3 slots: 0xffffffffffffffff is an unknown value
stack at sp + 4 slots: 0x0000031b00000006 is an unknown value
stack at sp + 5 slots: 0x0000000000000001 is an unknown value
stack at sp + 6 slots: 0x00000173fa2d2c30 points into unknown readable memory: 0x00007ffe91b1c5e8 | e8 c5 b1 91 fe 7f 00 00
stack at sp + 7 slots: 0x0 is NULL


---------------  P R O C E S S  ---------------

Threads class SMR info:
_java_thread_list=0x00000173f7f4d670, length=35, elements={
0x00000173da81f000, 0x00000173f43c5800, 0x00000173f43c9800, 0x00000173f4422800,
0x00000173f4424000, 0x00000173f4428800, 0x00000173f442c800, 0x00000173f4433800,
0x00000173f4436000, 0x00000173f4e9e000, 0x00000173f714d000, 0x00000173f7149800,
0x00000173f714e000, 0x00000173f714a800, 0x00000173f714b800, 0x00000173f714c000,
0x00000173f7148000, 0x00000173f7149000, 0x00000173f714e800, 0x00000173f7914800,
0x00000173f790f800, 0x00000173f7915800, 0x00000173f7913000, 0x00000173f7916800,
0x00000173f7914000, 0x00000173f7910800, 0x00000173f7917000, 0x00000173f7911800,
0x00000173f7918000, 0x00000173f7912000, 0x00000173f791b000, 0x00000173f791d000,
0x00000173f791c000, 0x00000173f791d800, 0x00000173f791e800
}

Java Threads: ( => current thread )
  0x00000173da81f000 JavaThread "main" [_thread_blocked, id=7140, stack(0x000000394b800000,0x000000394b900000)]
  0x00000173f43c5800 JavaThread "Reference Handler" daemon [_thread_blocked, id=2640, stack(0x000000394bf00000,0x000000394c000000)]
  0x00000173f43c9800 JavaThread "Finalizer" daemon [_thread_blocked, id=7888, stack(0x000000394c000000,0x000000394c100000)]
  0x00000173f4422800 JavaThread "Signal Dispatcher" daemon [_thread_blocked, id=2768, stack(0x000000394c100000,0x000000394c200000)]
  0x00000173f4424000 JavaThread "Attach Listener" daemon [_thread_blocked, id=4360, stack(0x000000394c200000,0x000000394c300000)]
  0x00000173f4428800 JavaThread "Service Thread" daemon [_thread_blocked, id=7356, stack(0x000000394c300000,0x000000394c400000)]
=>0x00000173f442c800 JavaThread "C2 CompilerThread0" daemon [_thread_in_native, id=7092, stack(0x000000394c400000,0x000000394c500000)]
  0x00000173f4433800 JavaThread "C1 CompilerThread0" daemon [_thread_in_vm, id=7408, stack(0x000000394c500000,0x000000394c600000)]
  0x00000173f4436000 JavaThread "Sweeper thread" daemon [_thread_blocked, id=892, stack(0x000000394c600000,0x000000394c700000)]
  0x00000173f4e9e000 JavaThread "Common-Cleaner" daemon [_thread_blocked, id=2740, stack(0x000000394c700000,0x000000394c800000)]
  0x00000173f714d000 JavaThread "Daemon health stats" [_thread_blocked, id=516, stack(0x000000394cb00000,0x000000394cc00000)]
  0x00000173f7149800 JavaThread "Incoming local TCP Connector on port 49912" [_thread_in_native, id=6544, stack(0x000000394c900000,0x000000394ca00000)]
  0x00000173f714e000 JavaThread "Daemon periodic checks" [_thread_blocked, id=5480, stack(0x000000394cc00000,0x000000394cd00000)]
  0x00000173f714a800 JavaThread "Daemon" [_thread_blocked, id=5032, stack(0x000000394cd00000,0x000000394ce00000)]
  0x00000173f714b800 JavaThread "Handler for socket connection from /127.0.0.1:49912 to /127.0.0.1:49915" [_thread_in_native, id=4180, stack(0x000000394ce00000,0x000000394cf00000)]
  0x00000173f714c000 JavaThread "Cancel handler" [_thread_blocked, id=6636, stack(0x000000394cf00000,0x000000394d000000)]
  0x00000173f7148000 JavaThread "Daemon worker" [_thread_in_Java, id=3084, stack(0x000000394d000000,0x000000394d100000)]
  0x00000173f7149000 JavaThread "Asynchronous log dispatcher for DefaultDaemonConnection: socket connection from /127.0.0.1:49912 to /127.0.0.1:49915" [_thread_blocked, id=4496, stack(0x000000394d100000,0x000000394d200000)]
  0x00000173f714e800 JavaThread "Stdin handler" [_thread_blocked, id=6876, stack(0x000000394d200000,0x000000394d300000)]
  0x00000173f7914800 JavaThread "Daemon client event forwarder" [_thread_blocked, id=6176, stack(0x000000394d300000,0x000000394d400000)]
  0x00000173f790f800 JavaThread "Cache worker for journal cache (C:\Users\kamra\.gradle\caches\journal-1)" [_thread_blocked, id=6840, stack(0x000000394d600000,0x000000394d700000)]
  0x00000173f7915800 JavaThread "File lock request listener" [_thread_in_native, id=844, stack(0x000000394d700000,0x000000394d800000)]
  0x00000173f7913000 JavaThread "Cache worker for file hash cache (C:\Users\kamra\.gradle\caches\7.2\fileHashes)" [_thread_blocked, id=2892, stack(0x000000394d800000,0x000000394d900000)]
  0x00000173f7916800 JavaThread "Cache worker for file hash cache (F:\FYP\V1.1\MyApplication\.gradle\7.2\fileHashes)" [_thread_blocked, id=5004, stack(0x000000394da00000,0x000000394db00000)]
  0x00000173f7914000 JavaThread "File watcher server" daemon [_thread_in_native, id=4900, stack(0x000000394db00000,0x000000394dc00000)]
  0x00000173f7910800 JavaThread "File watcher consumer" daemon [_thread_blocked, id=4284, stack(0x000000394dc00000,0x000000394dd00000)]
  0x00000173f7917000 JavaThread "jar transforms" [_thread_blocked, id=2360, stack(0x000000394dd00000,0x000000394de00000)]
  0x00000173f7911800 JavaThread "jar transforms Thread 2" [_thread_blocked, id=2684, stack(0x000000394de00000,0x000000394df00000)]
  0x00000173f7918000 JavaThread "jar transforms Thread 3" [_thread_blocked, id=5944, stack(0x000000394df00000,0x000000394e000000)]
  0x00000173f7912000 JavaThread "jar transforms Thread 4" [_thread_blocked, id=5452, stack(0x000000394e000000,0x000000394e100000)]
  0x00000173f791b000 JavaThread "Cache worker for checksums cache (F:\FYP\V1.1\MyApplication\.gradle\checksums)" [_thread_blocked, id=696, stack(0x000000394e100000,0x000000394e200000)]
  0x00000173f791d000 JavaThread "Cache worker for cache directory md-supplier (C:\Users\kamra\.gradle\caches\7.2\md-supplier)" [_thread_blocked, id=2408, stack(0x000000394e200000,0x000000394e300000)]
  0x00000173f791c000 JavaThread "Cache worker for cache directory md-rule (C:\Users\kamra\.gradle\caches\7.2\md-rule)" [_thread_blocked, id=6164, stack(0x000000394e300000,0x000000394e400000)]
  0x00000173f791d800 JavaThread "Cache worker for execution history cache (C:\Users\kamra\.gradle\caches\7.2\executionHistory)" [_thread_blocked, id=5928, stack(0x000000394e400000,0x000000394e500000)]
  0x00000173f791e800 JavaThread "Cache worker for file content cache (C:\Users\kamra\.gradle\caches\7.2\fileContent)" [_thread_blocked, id=808, stack(0x000000394e500000,0x000000394e600000)]

Other Threads:
  0x00000173f43c1000 VMThread "VM Thread" [stack: 0x000000394be00000,0x000000394bf00000] [id=2560]
  0x00000173f4edf800 WatcherThread [stack: 0x000000394c800000,0x000000394c900000] [id=4488]
  0x00000173da833800 GCTaskThread "GC Thread#0" [stack: 0x000000394b900000,0x000000394ba00000] [id=7824]
  0x00000173f4f88000 GCTaskThread "GC Thread#1" [stack: 0x000000394ca00000,0x000000394cb00000] [id=7116]
  0x00000173f6cab000 GCTaskThread "GC Thread#2" [stack: 0x000000394d400000,0x000000394d500000] [id=3376]
  0x00000173f5aae000 GCTaskThread "GC Thread#3" [stack: 0x000000394d500000,0x000000394d600000] [id=7080]
  0x00000173da863800 ConcurrentGCThread "G1 Main Marker" [stack: 0x000000394ba00000,0x000000394bb00000] [id=3228]
  0x00000173da865000 ConcurrentGCThread "G1 Conc#0" [stack: 0x000000394bb00000,0x000000394bc00000] [id=2964]
  0x00000173da8be800 ConcurrentGCThread "G1 Refine#0" [stack: 0x000000394bc00000,0x000000394bd00000] [id=3104]
  0x00000173da8bf800 ConcurrentGCThread "G1 Young RemSet Sampling" [stack: 0x000000394bd00000,0x000000394be00000] [id=5336]

Threads with active compile tasks:
C2 CompilerThread0  30959 6327 %     4       org.objectweb.asm.ClassReader::readCode @ 2035 (5109 bytes)

VM state:not at safepoint (normal execution)

VM Mutex/Monitor currently owned by a thread: None

Heap address: 0x0000000080000000, size: 2048 MB, Compressed Oops mode: 32-bit
Narrow klass base: 0x0000000000000000, Narrow klass shift: 3
Compressed class space size: 1073741824 Address: 0x0000000100000000

Heap:
 garbage-first heap   total 278528K, used 98493K [0x0000000080000000, 0x0000000100000000)
  region size 1024K, 35 young (35840K), 2 survivors (2048K)
 Metaspace       used 51547K, capacity 53080K, committed 53376K, reserved 1095680K
  class space    used 6461K, capacity 6964K, committed 7040K, reserved 1048576K
Heap Regions: E=young(eden), S=young(survivor), O=old, HS=humongous(starts), HC=humongous(continues), CS=collection set, F=free, A=archive, TAMS=top-at-mark-start (previous, next)
|   0|0x0000000080000000, 0x0000000080100000, 0x0000000080100000|100%| O|  |TAMS 0x0000000080100000, 0x0000000080000000| Untracked 
|   1|0x0000000080100000, 0x0000000080200000, 0x0000000080200000|100%| O|  |TAMS 0x0000000080200000, 0x0000000080100000| Untracked 
|   2|0x0000000080200000, 0x0000000080300000, 0x0000000080300000|100%| O|  |TAMS 0x0000000080300000, 0x0000000080200000| Untracked 
|   3|0x0000000080300000, 0x0000000080400000, 0x0000000080400000|100%|HS|  |TAMS 0x0000000080400000, 0x0000000080300000| Complete 
|   4|0x0000000080400000, 0x0000000080500000, 0x0000000080500000|100%|HC|  |TAMS 0x0000000080500000, 0x0000000080400000| Complete 
|   5|0x0000000080500000, 0x0000000080600000, 0x0000000080600000|100%|HC|  |TAMS 0x0000000080600000, 0x0000000080500000| Complete 
|   6|0x0000000080600000, 0x0000000080700000, 0x0000000080700000|100%| O|  |TAMS 0x0000000080700000, 0x0000000080600000| Untracked 
|   7|0x0000000080700000, 0x0000000080800000, 0x0000000080800000|100%| O|  |TAMS 0x0000000080800000, 0x0000000080700000| Untracked 
|   8|0x0000000080800000, 0x0000000080900000, 0x0000000080900000|100%| O|  |TAMS 0x0000000080900000, 0x0000000080800000| Untracked 
|   9|0x0000000080900000, 0x0000000080a00000, 0x0000000080a00000|100%| O|  |TAMS 0x0000000080a00000, 0x0000000080900000| Untracked 
|  10|0x0000000080a00000, 0x0000000080b00000, 0x0000000080b00000|100%| O|  |TAMS 0x0000000080b00000, 0x0000000080a00000| Untracked 
|  11|0x0000000080b00000, 0x0000000080c00000, 0x0000000080c00000|100%| O|  |TAMS 0x0000000080c00000, 0x0000000080b00000| Untracked 
|  12|0x0000000080c00000, 0x0000000080d00000, 0x0000000080d00000|100%| O|  |TAMS 0x0000000080d00000, 0x0000000080c00000| Untracked 
|  13|0x0000000080d00000, 0x0000000080e00000, 0x0000000080e00000|100%| O|  |TAMS 0x0000000080e00000, 0x0000000080d00000| Untracked 
|  14|0x0000000080e00000, 0x0000000080f00000, 0x0000000080f00000|100%| O|  |TAMS 0x0000000080f00000, 0x0000000080e00000| Untracked 
|  15|0x0000000080f00000, 0x0000000081000000, 0x0000000081000000|100%| O|  |TAMS 0x0000000081000000, 0x0000000080f00000| Untracked 
|  16|0x0000000081000000, 0x0000000081100000, 0x0000000081100000|100%| O|  |TAMS 0x0000000081100000, 0x0000000081000000| Untracked 
|  17|0x0000000081100000, 0x0000000081200000, 0x0000000081200000|100%|HS|  |TAMS 0x0000000081200000, 0x0000000081100000| Complete 
|  18|0x0000000081200000, 0x0000000081300000, 0x0000000081300000|100%|HC|  |TAMS 0x0000000081300000, 0x0000000081200000| Complete 
|  19|0x0000000081300000, 0x0000000081400000, 0x0000000081400000|100%|HS|  |TAMS 0x0000000081400000, 0x0000000081300000| Complete 
|  20|0x0000000081400000, 0x0000000081500000, 0x0000000081500000|100%|HC|  |TAMS 0x0000000081500000, 0x0000000081400000| Complete 
|  21|0x0000000081500000, 0x0000000081600000, 0x0000000081600000|100%|HC|  |TAMS 0x0000000081600000, 0x0000000081500000| Complete 
|  22|0x0000000081600000, 0x0000000081700000, 0x0000000081700000|100%|HS|  |TAMS 0x0000000081700000, 0x0000000081600000| Complete 
|  23|0x0000000081700000, 0x0000000081800000, 0x0000000081800000|100%|HC|  |TAMS 0x0000000081800000, 0x0000000081700000| Complete 
|  24|0x0000000081800000, 0x0000000081900000, 0x0000000081900000|100%|HC|  |TAMS 0x0000000081900000, 0x0000000081800000| Complete 
|  25|0x0000000081900000, 0x0000000081a00000, 0x0000000081a00000|100%|HC|  |TAMS 0x0000000081a00000, 0x0000000081900000| Complete 
|  26|0x0000000081a00000, 0x0000000081b00000, 0x0000000081b00000|100%| O|  |TAMS 0x0000000081b00000, 0x0000000081a00000| Untracked 
|  27|0x0000000081b00000, 0x0000000081c00000, 0x0000000081c00000|100%| O|  |TAMS 0x0000000081c00000, 0x0000000081b00000| Untracked 
|  28|0x0000000081c00000, 0x0000000081d00000, 0x0000000081d00000|100%| O|  |TAMS 0x0000000081d00000, 0x0000000081c00000| Untracked 
|  29|0x0000000081d00000, 0x0000000081e00000, 0x0000000081e00000|100%| O|  |TAMS 0x0000000081e00000, 0x0000000081d00000| Untracked 
|  30|0x0000000081e00000, 0x0000000081f00000, 0x0000000081f00000|100%| O|  |TAMS 0x0000000081f00000, 0x0000000081e00000| Untracked 
|  31|0x0000000081f00000, 0x0000000082000000, 0x0000000082000000|100%| O|  |TAMS 0x0000000082000000, 0x0000000081f00000| Untracked 
|  32|0x0000000082000000, 0x0000000082100000, 0x0000000082100000|100%| O|  |TAMS 0x0000000082100000, 0x0000000082000000| Untracked 
|  33|0x0000000082100000, 0x0000000082200000, 0x0000000082200000|100%| O|  |TAMS 0x0000000082200000, 0x0000000082100000| Untracked 
|  34|0x0000000082200000, 0x0000000082300000, 0x0000000082300000|100%| O|  |TAMS 0x0000000082300000, 0x0000000082200000| Untracked 
|  35|0x0000000082300000, 0x0000000082400000, 0x0000000082400000|100%| O|  |TAMS 0x0000000082400000, 0x0000000082300000| Untracked 
|  36|0x0000000082400000, 0x0000000082500000, 0x0000000082500000|100%| O|  |TAMS 0x0000000082500000, 0x0000000082400000| Untracked 
|  37|0x0000000082500000, 0x0000000082600000, 0x0000000082600000|100%| O|  |TAMS 0x0000000082600000, 0x0000000082500000| Untracked 
|  38|0x0000000082600000, 0x0000000082700000, 0x0000000082700000|100%| O|  |TAMS 0x0000000082700000, 0x0000000082600000| Untracked 
|  39|0x0000000082700000, 0x0000000082800000, 0x0000000082800000|100%| O|  |TAMS 0x0000000082800000, 0x0000000082700000| Untracked 
|  40|0x0000000082800000, 0x0000000082900000, 0x0000000082900000|100%| O|  |TAMS 0x0000000082900000, 0x0000000082800000| Untracked 
|  41|0x0000000082900000, 0x0000000082a00000, 0x0000000082a00000|100%| O|  |TAMS 0x0000000082a00000, 0x0000000082900000| Untracked 
|  42|0x0000000082a00000, 0x0000000082b00000, 0x0000000082b00000|100%| O|  |TAMS 0x0000000082b00000, 0x0000000082a00000| Untracked 
|  43|0x0000000082b00000, 0x0000000082c00000, 0x0000000082c00000|100%| O|  |TAMS 0x0000000082c00000, 0x0000000082b00000| Untracked 
|  44|0x0000000082c00000, 0x0000000082d00000, 0x0000000082d00000|100%| O|  |TAMS 0x0000000082d00000, 0x0000000082c00000| Untracked 
|  45|0x0000000082d00000, 0x0000000082e00000, 0x0000000082e00000|100%|HS|  |TAMS 0x0000000082d00000, 0x0000000082d00000| Complete 
|  46|0x0000000082e00000, 0x0000000082f00000, 0x0000000082f00000|100%|HC|  |TAMS 0x0000000082e00000, 0x0000000082e00000| Complete 
|  47|0x0000000082f00000, 0x0000000083000000, 0x0000000083000000|100%|HC|  |TAMS 0x0000000082f00000, 0x0000000082f00000| Complete 
|  48|0x0000000083000000, 0x0000000083100000, 0x0000000083100000|100%| O|  |TAMS 0x0000000083000000, 0x0000000083000000| Untracked 
|  49|0x0000000083100000, 0x0000000083200000, 0x0000000083200000|100%| O|  |TAMS 0x0000000083200000, 0x0000000083100000| Untracked 
|  50|0x0000000083200000, 0x0000000083300000, 0x0000000083300000|100%| O|  |TAMS 0x0000000083300000, 0x0000000083200000| Untracked 
|  51|0x0000000083300000, 0x0000000083400000, 0x0000000083400000|100%| O|  |TAMS 0x0000000083400000, 0x0000000083300000| Untracked 
|  52|0x0000000083400000, 0x0000000083500000, 0x0000000083500000|100%| O|  |TAMS 0x0000000083423600, 0x0000000083400000| Untracked 
|  53|0x0000000083500000, 0x0000000083600000, 0x0000000083600000|100%|HS|  |TAMS 0x0000000083500000, 0x0000000083500000| Complete 
|  54|0x0000000083600000, 0x0000000083700000, 0x0000000083700000|100%|HC|  |TAMS 0x0000000083600000, 0x0000000083600000| Complete 
|  55|0x0000000083700000, 0x0000000083800000, 0x0000000083800000|100%|HC|  |TAMS 0x0000000083700000, 0x0000000083700000| Complete 
|  56|0x0000000083800000, 0x0000000083900000, 0x0000000083900000|100%|HC|  |TAMS 0x0000000083800000, 0x0000000083800000| Complete 
|  57|0x0000000083900000, 0x0000000083a00000, 0x0000000083a00000|100%| O|  |TAMS 0x0000000083900000, 0x0000000083900000| Untracked 
|  58|0x0000000083a00000, 0x0000000083b00000, 0x0000000083b00000|100%| O|  |TAMS 0x0000000083a00000, 0x0000000083a00000| Untracked 
|  59|0x0000000083b00000, 0x0000000083c00000, 0x0000000083c00000|100%|HS|  |TAMS 0x0000000083b00000, 0x0000000083b00000| Complete 
|  60|0x0000000083c00000, 0x0000000083c00000, 0x0000000083d00000|  0%| F|  |TAMS 0x0000000083c00000, 0x0000000083c00000| Untracked 
|  61|0x0000000083d00000, 0x0000000083d00000, 0x0000000083e00000|  0%| F|  |TAMS 0x0000000083d00000, 0x0000000083d00000| Untracked 
|  62|0x0000000083e00000, 0x0000000083f00000, 0x0000000083f00000|100%| O|  |TAMS 0x0000000083e00000, 0x0000000083e00000| Untracked 
|  63|0x0000000083f00000, 0x0000000084000000, 0x0000000084000000|100%| O|  |TAMS 0x0000000083f00000, 0x0000000083f00000| Untracked 
|  64|0x0000000084000000, 0x0000000084100000, 0x0000000084100000|100%| O|  |TAMS 0x0000000084000000, 0x0000000084000000| Untracked 
|  65|0x0000000084100000, 0x000000008413e400, 0x0000000084200000| 24%| O|  |TAMS 0x0000000084100000, 0x0000000084100000| Untracked 
|  66|0x0000000084200000, 0x0000000084200000, 0x0000000084300000|  0%| F|  |TAMS 0x0000000084200000, 0x0000000084200000| Untracked 
|  67|0x0000000084300000, 0x0000000084300000, 0x0000000084400000|  0%| F|  |TAMS 0x0000000084300000, 0x0000000084300000| Untracked 
|  68|0x0000000084400000, 0x0000000084400000, 0x0000000084500000|  0%| F|  |TAMS 0x0000000084400000, 0x0000000084400000| Untracked 
|  69|0x0000000084500000, 0x0000000084500000, 0x0000000084600000|  0%| F|  |TAMS 0x0000000084500000, 0x0000000084500000| Untracked 
|  70|0x0000000084600000, 0x0000000084600000, 0x0000000084700000|  0%| F|  |TAMS 0x0000000084600000, 0x0000000084600000| Untracked 
|  71|0x0000000084700000, 0x0000000084700000, 0x0000000084800000|  0%| F|  |TAMS 0x0000000084700000, 0x0000000084700000| Untracked 
|  72|0x0000000084800000, 0x0000000084800000, 0x0000000084900000|  0%| F|  |TAMS 0x0000000084800000, 0x0000000084800000| Untracked 
|  73|0x0000000084900000, 0x0000000084900000, 0x0000000084a00000|  0%| F|  |TAMS 0x0000000084900000, 0x0000000084900000| Untracked 
|  74|0x0000000084a00000, 0x0000000084a00000, 0x0000000084b00000|  0%| F|  |TAMS 0x0000000084a00000, 0x0000000084a00000| Untracked 
|  75|0x0000000084b00000, 0x0000000084b00000, 0x0000000084c00000|  0%| F|  |TAMS 0x0000000084b00000, 0x0000000084b00000| Untracked 
|  76|0x0000000084c00000, 0x0000000084c00000, 0x0000000084d00000|  0%| F|  |TAMS 0x0000000084c00000, 0x0000000084c00000| Untracked 
|  77|0x0000000084d00000, 0x0000000084d00000, 0x0000000084e00000|  0%| F|  |TAMS 0x0000000084d00000, 0x0000000084d00000| Untracked 
|  78|0x0000000084e00000, 0x0000000084e00000, 0x0000000084f00000|  0%| F|  |TAMS 0x0000000084e00000, 0x0000000084e00000| Untracked 
|  79|0x0000000084f00000, 0x0000000084f00000, 0x0000000085000000|  0%| F|  |TAMS 0x0000000084f00000, 0x0000000084f00000| Untracked 
|  80|0x0000000085000000, 0x0000000085000000, 0x0000000085100000|  0%| F|  |TAMS 0x0000000085000000, 0x0000000085000000| Untracked 
|  81|0x0000000085100000, 0x0000000085100000, 0x0000000085200000|  0%| F|  |TAMS 0x0000000085100000, 0x0000000085100000| Untracked 
|  82|0x0000000085200000, 0x0000000085200000, 0x0000000085300000|  0%| F|  |TAMS 0x0000000085200000, 0x0000000085200000| Untracked 
|  83|0x0000000085300000, 0x0000000085300000, 0x0000000085400000|  0%| F|  |TAMS 0x0000000085300000, 0x0000000085300000| Untracked 
|  84|0x0000000085400000, 0x0000000085400000, 0x0000000085500000|  0%| F|  |TAMS 0x0000000085400000, 0x0000000085400000| Untracked 
|  85|0x0000000085500000, 0x0000000085500000, 0x0000000085600000|  0%| F|  |TAMS 0x0000000085500000, 0x0000000085500000| Untracked 
|  86|0x0000000085600000, 0x0000000085600000, 0x0000000085700000|  0%| F|  |TAMS 0x0000000085600000, 0x0000000085600000| Untracked 
|  87|0x0000000085700000, 0x0000000085700000, 0x0000000085800000|  0%| F|  |TAMS 0x0000000085700000, 0x0000000085700000| Untracked 
|  88|0x0000000085800000, 0x0000000085800000, 0x0000000085900000|  0%| F|  |TAMS 0x0000000085800000, 0x0000000085800000| Untracked 
|  89|0x0000000085900000, 0x0000000085900000, 0x0000000085a00000|  0%| F|  |TAMS 0x0000000085900000, 0x0000000085900000| Untracked 
|  90|0x0000000085a00000, 0x0000000085a00000, 0x0000000085b00000|  0%| F|  |TAMS 0x0000000085a00000, 0x0000000085a00000| Untracked 
|  91|0x0000000085b00000, 0x0000000085b00000, 0x0000000085c00000|  0%| F|  |TAMS 0x0000000085b00000, 0x0000000085b00000| Untracked 
|  92|0x0000000085c00000, 0x0000000085c00000, 0x0000000085d00000|  0%| F|  |TAMS 0x0000000085c00000, 0x0000000085c00000| Untracked 
|  93|0x0000000085d00000, 0x0000000085d00000, 0x0000000085e00000|  0%| F|  |TAMS 0x0000000085d00000, 0x0000000085d00000| Untracked 
|  94|0x0000000085e00000, 0x0000000085e00000, 0x0000000085f00000|  0%| F|  |TAMS 0x0000000085e00000, 0x0000000085e00000| Untracked 
|  95|0x0000000085f00000, 0x0000000085f00000, 0x0000000086000000|  0%| F|  |TAMS 0x0000000085f00000, 0x0000000085f00000| Untracked 
|  96|0x0000000086000000, 0x0000000086000000, 0x0000000086100000|  0%| F|  |TAMS 0x0000000086000000, 0x0000000086000000| Untracked 
|  97|0x0000000086100000, 0x0000000086100000, 0x0000000086200000|  0%| F|  |TAMS 0x0000000086100000, 0x0000000086100000| Untracked 
|  98|0x0000000086200000, 0x0000000086200000, 0x0000000086300000|  0%| F|  |TAMS 0x0000000086200000, 0x0000000086200000| Untracked 
|  99|0x0000000086300000, 0x0000000086300000, 0x0000000086400000|  0%| F|  |TAMS 0x0000000086300000, 0x0000000086300000| Untracked 
| 100|0x0000000086400000, 0x0000000086400000, 0x0000000086500000|  0%| F|  |TAMS 0x0000000086400000, 0x0000000086400000| Untracked 
| 101|0x0000000086500000, 0x0000000086500000, 0x0000000086600000|  0%| F|  |TAMS 0x0000000086500000, 0x0000000086500000| Untracked 
| 102|0x0000000086600000, 0x0000000086600000, 0x0000000086700000|  0%| F|  |TAMS 0x0000000086600000, 0x0000000086600000| Untracked 
| 103|0x0000000086700000, 0x0000000086700000, 0x0000000086800000|  0%| F|  |TAMS 0x0000000086700000, 0x0000000086700000| Untracked 
| 104|0x0000000086800000, 0x0000000086800000, 0x0000000086900000|  0%| F|  |TAMS 0x0000000086800000, 0x0000000086800000| Untracked 
| 105|0x0000000086900000, 0x0000000086900000, 0x0000000086a00000|  0%| F|  |TAMS 0x0000000086900000, 0x0000000086900000| Untracked 
| 106|0x0000000086a00000, 0x0000000086a00000, 0x0000000086b00000|  0%| F|  |TAMS 0x0000000086a00000, 0x0000000086a00000| Untracked 
| 107|0x0000000086b00000, 0x0000000086b00000, 0x0000000086c00000|  0%| F|  |TAMS 0x0000000086b00000, 0x0000000086b00000| Untracked 
| 108|0x0000000086c00000, 0x0000000086c00000, 0x0000000086d00000|  0%| F|  |TAMS 0x0000000086c00000, 0x0000000086c00000| Untracked 
| 109|0x0000000086d00000, 0x0000000086d00000, 0x0000000086e00000|  0%| F|  |TAMS 0x0000000086d00000, 0x0000000086d00000| Untracked 
| 110|0x0000000086e00000, 0x0000000086e00000, 0x0000000086f00000|  0%| F|  |TAMS 0x0000000086e00000, 0x0000000086e00000| Untracked 
| 111|0x0000000086f00000, 0x0000000086f00000, 0x0000000087000000|  0%| F|  |TAMS 0x0000000086f00000, 0x0000000086f00000| Untracked 
| 112|0x0000000087000000, 0x00000000870f11a8, 0x0000000087100000| 94%| S|CS|TAMS 0x0000000087000000, 0x0000000087000000| Complete 
| 113|0x0000000087100000, 0x0000000087200000, 0x0000000087200000|100%| S|CS|TAMS 0x0000000087100000, 0x0000000087100000| Complete 
| 114|0x0000000087200000, 0x0000000087200000, 0x0000000087300000|  0%| F|  |TAMS 0x0000000087200000, 0x0000000087200000| Untracked 
| 115|0x0000000087300000, 0x0000000087300000, 0x0000000087400000|  0%| F|  |TAMS 0x0000000087300000, 0x0000000087300000| Untracked 
| 116|0x0000000087400000, 0x0000000087400000, 0x0000000087500000|  0%| F|  |TAMS 0x0000000087400000, 0x0000000087400000| Untracked 
| 117|0x0000000087500000, 0x0000000087500000, 0x0000000087600000|  0%| F|  |TAMS 0x0000000087500000, 0x0000000087500000| Untracked 
| 118|0x0000000087600000, 0x0000000087600000, 0x0000000087700000|  0%| F|  |TAMS 0x0000000087600000, 0x0000000087600000| Untracked 
| 119|0x0000000087700000, 0x0000000087700000, 0x0000000087800000|  0%| F|  |TAMS 0x0000000087700000, 0x0000000087700000| Untracked 
| 120|0x0000000087800000, 0x0000000087800000, 0x0000000087900000|  0%| F|  |TAMS 0x0000000087800000, 0x0000000087800000| Untracked 
| 121|0x0000000087900000, 0x0000000087900000, 0x0000000087a00000|  0%| F|  |TAMS 0x0000000087900000, 0x0000000087900000| Untracked 
| 122|0x0000000087a00000, 0x0000000087a00000, 0x0000000087b00000|  0%| F|  |TAMS 0x0000000087a00000, 0x0000000087a00000| Untracked 
| 123|0x0000000087b00000, 0x0000000087b00000, 0x0000000087c00000|  0%| F|  |TAMS 0x0000000087b00000, 0x0000000087b00000| Untracked 
| 124|0x0000000087c00000, 0x0000000087c00000, 0x0000000087d00000|  0%| F|  |TAMS 0x0000000087c00000, 0x0000000087c00000| Untracked 
| 125|0x0000000087d00000, 0x0000000087d00000, 0x0000000087e00000|  0%| F|  |TAMS 0x0000000087d00000, 0x0000000087d00000| Untracked 
| 126|0x0000000087e00000, 0x0000000087e00000, 0x0000000087f00000|  0%| F|  |TAMS 0x0000000087e00000, 0x0000000087e00000| Untracked 
| 127|0x0000000087f00000, 0x0000000087f00000, 0x0000000088000000|  0%| F|  |TAMS 0x0000000087f00000, 0x0000000087f00000| Untracked 
| 128|0x0000000088000000, 0x0000000088000000, 0x0000000088100000|  0%| F|  |TAMS 0x0000000088000000, 0x0000000088000000| Untracked 
| 129|0x0000000088100000, 0x0000000088100000, 0x0000000088200000|  0%| F|  |TAMS 0x0000000088100000, 0x0000000088100000| Untracked 
| 130|0x0000000088200000, 0x0000000088200000, 0x0000000088300000|  0%| F|  |TAMS 0x0000000088200000, 0x0000000088200000| Untracked 
| 131|0x0000000088300000, 0x0000000088300000, 0x0000000088400000|  0%| F|  |TAMS 0x0000000088300000, 0x0000000088300000| Untracked 
| 132|0x0000000088400000, 0x0000000088400000, 0x0000000088500000|  0%| F|  |TAMS 0x0000000088400000, 0x0000000088400000| Untracked 
| 133|0x0000000088500000, 0x0000000088500000, 0x0000000088600000|  0%| F|  |TAMS 0x0000000088500000, 0x0000000088500000| Untracked 
| 134|0x0000000088600000, 0x0000000088600000, 0x0000000088700000|  0%| F|  |TAMS 0x0000000088600000, 0x0000000088600000| Untracked 
| 135|0x0000000088700000, 0x0000000088700000, 0x0000000088800000|  0%| F|  |TAMS 0x0000000088700000, 0x0000000088700000| Untracked 
| 136|0x0000000088800000, 0x0000000088800000, 0x0000000088900000|  0%| F|  |TAMS 0x0000000088800000, 0x0000000088800000| Untracked 
| 137|0x0000000088900000, 0x0000000088900000, 0x0000000088a00000|  0%| F|  |TAMS 0x0000000088900000, 0x0000000088900000| Untracked 
| 138|0x0000000088a00000, 0x0000000088a00000, 0x0000000088b00000|  0%| F|  |TAMS 0x0000000088a00000, 0x0000000088a00000| Untracked 
| 139|0x0000000088b00000, 0x0000000088b00000, 0x0000000088c00000|  0%| F|  |TAMS 0x0000000088b00000, 0x0000000088b00000| Untracked 
| 140|0x0000000088c00000, 0x0000000088c00000, 0x0000000088d00000|  0%| F|  |TAMS 0x0000000088c00000, 0x0000000088c00000| Untracked 
| 141|0x0000000088d00000, 0x0000000088d00000, 0x0000000088e00000|  0%| F|  |TAMS 0x0000000088d00000, 0x0000000088d00000| Untracked 
| 142|0x0000000088e00000, 0x0000000088e00000, 0x0000000088f00000|  0%| F|  |TAMS 0x0000000088e00000, 0x0000000088e00000| Untracked 
| 143|0x0000000088f00000, 0x0000000088f00000, 0x0000000089000000|  0%| F|  |TAMS 0x0000000088f00000, 0x0000000088f00000| Untracked 
| 144|0x0000000089000000, 0x0000000089000000, 0x0000000089100000|  0%| F|  |TAMS 0x0000000089000000, 0x0000000089000000| Untracked 
| 145|0x0000000089100000, 0x0000000089100000, 0x0000000089200000|  0%| F|  |TAMS 0x0000000089100000, 0x0000000089100000| Untracked 
| 146|0x0000000089200000, 0x0000000089200000, 0x0000000089300000|  0%| F|  |TAMS 0x0000000089200000, 0x0000000089200000| Untracked 
| 147|0x0000000089300000, 0x0000000089300000, 0x0000000089400000|  0%| F|  |TAMS 0x0000000089300000, 0x0000000089300000| Untracked 
| 148|0x0000000089400000, 0x0000000089400000, 0x0000000089500000|  0%| F|  |TAMS 0x0000000089400000, 0x0000000089400000| Untracked 
| 149|0x0000000089500000, 0x0000000089500000, 0x0000000089600000|  0%| F|  |TAMS 0x0000000089500000, 0x0000000089500000| Untracked 
| 150|0x0000000089600000, 0x0000000089600000, 0x0000000089700000|  0%| F|  |TAMS 0x0000000089600000, 0x0000000089600000| Untracked 
| 151|0x0000000089700000, 0x0000000089700000, 0x0000000089800000|  0%| F|  |TAMS 0x0000000089700000, 0x0000000089700000| Untracked 
| 152|0x0000000089800000, 0x0000000089800000, 0x0000000089900000|  0%| F|  |TAMS 0x0000000089800000, 0x0000000089800000| Untracked 
| 153|0x0000000089900000, 0x0000000089900000, 0x0000000089a00000|  0%| F|  |TAMS 0x0000000089900000, 0x0000000089900000| Untracked 
| 154|0x0000000089a00000, 0x0000000089a00000, 0x0000000089b00000|  0%| F|  |TAMS 0x0000000089a00000, 0x0000000089a00000| Untracked 
| 155|0x0000000089b00000, 0x0000000089b00000, 0x0000000089c00000|  0%| F|  |TAMS 0x0000000089b00000, 0x0000000089b00000| Untracked 
| 156|0x0000000089c00000, 0x0000000089c00000, 0x0000000089d00000|  0%| F|  |TAMS 0x0000000089c00000, 0x0000000089c00000| Untracked 
| 157|0x0000000089d00000, 0x0000000089d00000, 0x0000000089e00000|  0%| F|  |TAMS 0x0000000089d00000, 0x0000000089d00000| Untracked 
| 158|0x0000000089e00000, 0x0000000089e00000, 0x0000000089f00000|  0%| F|  |TAMS 0x0000000089e00000, 0x0000000089e00000| Untracked 
| 159|0x0000000089f00000, 0x0000000089f00000, 0x000000008a000000|  0%| F|  |TAMS 0x0000000089f00000, 0x0000000089f00000| Untracked 
| 160|0x000000008a000000, 0x000000008a000000, 0x000000008a100000|  0%| F|  |TAMS 0x000000008a000000, 0x000000008a000000| Untracked 
| 161|0x000000008a100000, 0x000000008a100000, 0x000000008a200000|  0%| F|  |TAMS 0x000000008a100000, 0x000000008a100000| Untracked 
| 162|0x000000008a200000, 0x000000008a200000, 0x000000008a300000|  0%| F|  |TAMS 0x000000008a200000, 0x000000008a200000| Untracked 
| 163|0x000000008a300000, 0x000000008a300000, 0x000000008a400000|  0%| F|  |TAMS 0x000000008a300000, 0x000000008a300000| Untracked 
| 164|0x000000008a400000, 0x000000008a400000, 0x000000008a500000|  0%| F|  |TAMS 0x000000008a400000, 0x000000008a400000| Untracked 
| 165|0x000000008a500000, 0x000000008a500000, 0x000000008a600000|  0%| F|  |TAMS 0x000000008a500000, 0x000000008a500000| Untracked 
| 166|0x000000008a600000, 0x000000008a600000, 0x000000008a700000|  0%| F|  |TAMS 0x000000008a600000, 0x000000008a600000| Untracked 
| 167|0x000000008a700000, 0x000000008a700000, 0x000000008a800000|  0%| F|  |TAMS 0x000000008a700000, 0x000000008a700000| Untracked 
| 168|0x000000008a800000, 0x000000008a800000, 0x000000008a900000|  0%| F|  |TAMS 0x000000008a800000, 0x000000008a800000| Untracked 
| 169|0x000000008a900000, 0x000000008a900000, 0x000000008aa00000|  0%| F|  |TAMS 0x000000008a900000, 0x000000008a900000| Untracked 
| 170|0x000000008aa00000, 0x000000008aa00000, 0x000000008ab00000|  0%| F|  |TAMS 0x000000008aa00000, 0x000000008aa00000| Untracked 
| 171|0x000000008ab00000, 0x000000008ab00000, 0x000000008ac00000|  0%| F|  |TAMS 0x000000008ab00000, 0x000000008ab00000| Untracked 
| 172|0x000000008ac00000, 0x000000008ac00000, 0x000000008ad00000|  0%| F|  |TAMS 0x000000008ac00000, 0x000000008ac00000| Untracked 
| 173|0x000000008ad00000, 0x000000008ad00000, 0x000000008ae00000|  0%| F|  |TAMS 0x000000008ad00000, 0x000000008ad00000| Untracked 
| 174|0x000000008ae00000, 0x000000008ae00000, 0x000000008af00000|  0%| F|  |TAMS 0x000000008ae00000, 0x000000008ae00000| Untracked 
| 175|0x000000008af00000, 0x000000008af00000, 0x000000008b000000|  0%| F|  |TAMS 0x000000008af00000, 0x000000008af00000| Untracked 
| 176|0x000000008b000000, 0x000000008b000000, 0x000000008b100000|  0%| F|  |TAMS 0x000000008b000000, 0x000000008b000000| Untracked 
| 177|0x000000008b100000, 0x000000008b100000, 0x000000008b200000|  0%| F|  |TAMS 0x000000008b100000, 0x000000008b100000| Untracked 
| 178|0x000000008b200000, 0x000000008b200000, 0x000000008b300000|  0%| F|  |TAMS 0x000000008b200000, 0x000000008b200000| Untracked 
| 179|0x000000008b300000, 0x000000008b300000, 0x000000008b400000|  0%| F|  |TAMS 0x000000008b300000, 0x000000008b300000| Untracked 
| 180|0x000000008b400000, 0x000000008b400000, 0x000000008b500000|  0%| F|  |TAMS 0x000000008b400000, 0x000000008b400000| Untracked 
| 181|0x000000008b500000, 0x000000008b500000, 0x000000008b600000|  0%| F|  |TAMS 0x000000008b500000, 0x000000008b500000| Untracked 
| 182|0x000000008b600000, 0x000000008b600000, 0x000000008b700000|  0%| F|  |TAMS 0x000000008b600000, 0x000000008b600000| Untracked 
| 183|0x000000008b700000, 0x000000008b700000, 0x000000008b800000|  0%| F|  |TAMS 0x000000008b700000, 0x000000008b700000| Untracked 
| 184|0x000000008b800000, 0x000000008b800000, 0x000000008b900000|  0%| F|  |TAMS 0x000000008b800000, 0x000000008b800000| Untracked 
| 185|0x000000008b900000, 0x000000008b900000, 0x000000008ba00000|  0%| F|  |TAMS 0x000000008b900000, 0x000000008b900000| Untracked 
| 186|0x000000008ba00000, 0x000000008ba00000, 0x000000008bb00000|  0%| F|  |TAMS 0x000000008ba00000, 0x000000008ba00000| Untracked 
| 187|0x000000008bb00000, 0x000000008bb00000, 0x000000008bc00000|  0%| F|  |TAMS 0x000000008bb00000, 0x000000008bb00000| Untracked 
| 188|0x000000008bc00000, 0x000000008bc00000, 0x000000008bd00000|  0%| F|  |TAMS 0x000000008bc00000, 0x000000008bc00000| Untracked 
| 189|0x000000008bd00000, 0x000000008bd00000, 0x000000008be00000|  0%| F|  |TAMS 0x000000008bd00000, 0x000000008bd00000| Untracked 
| 190|0x000000008be00000, 0x000000008be00000, 0x000000008bf00000|  0%| F|  |TAMS 0x000000008be00000, 0x000000008be00000| Untracked 
| 191|0x000000008bf00000, 0x000000008bf00000, 0x000000008c000000|  0%| F|  |TAMS 0x000000008bf00000, 0x000000008bf00000| Untracked 
| 192|0x000000008c000000, 0x000000008c000000, 0x000000008c100000|  0%| F|  |TAMS 0x000000008c000000, 0x000000008c000000| Untracked 
| 193|0x000000008c100000, 0x000000008c100000, 0x000000008c200000|  0%| F|  |TAMS 0x000000008c100000, 0x000000008c100000| Untracked 
| 194|0x000000008c200000, 0x000000008c200000, 0x000000008c300000|  0%| F|  |TAMS 0x000000008c200000, 0x000000008c200000| Untracked 
| 195|0x000000008c300000, 0x000000008c300000, 0x000000008c400000|  0%| F|  |TAMS 0x000000008c300000, 0x000000008c300000| Untracked 
| 196|0x000000008c400000, 0x000000008c400000, 0x000000008c500000|  0%| F|  |TAMS 0x000000008c400000, 0x000000008c400000| Untracked 
| 197|0x000000008c500000, 0x000000008c500000, 0x000000008c600000|  0%| F|  |TAMS 0x000000008c500000, 0x000000008c500000| Untracked 
| 198|0x000000008c600000, 0x000000008c600000, 0x000000008c700000|  0%| F|  |TAMS 0x000000008c600000, 0x000000008c600000| Untracked 
| 199|0x000000008c700000, 0x000000008c700000, 0x000000008c800000|  0%| F|  |TAMS 0x000000008c700000, 0x000000008c700000| Untracked 
| 200|0x000000008c800000, 0x000000008c800000, 0x000000008c900000|  0%| F|  |TAMS 0x000000008c800000, 0x000000008c800000| Untracked 
| 201|0x000000008c900000, 0x000000008c900000, 0x000000008ca00000|  0%| F|  |TAMS 0x000000008c900000, 0x000000008c900000| Untracked 
| 202|0x000000008ca00000, 0x000000008ca00000, 0x000000008cb00000|  0%| F|  |TAMS 0x000000008ca00000, 0x000000008ca00000| Untracked 
| 203|0x000000008cb00000, 0x000000008cb00000, 0x000000008cc00000|  0%| F|  |TAMS 0x000000008cb00000, 0x000000008cb00000| Untracked 
| 204|0x000000008cc00000, 0x000000008cc00000, 0x000000008cd00000|  0%| F|  |TAMS 0x000000008cc00000, 0x000000008cc00000| Untracked 
| 205|0x000000008cd00000, 0x000000008cd00000, 0x000000008ce00000|  0%| F|  |TAMS 0x000000008cd00000, 0x000000008cd00000| Untracked 
| 206|0x000000008ce00000, 0x000000008ce00000, 0x000000008cf00000|  0%| F|  |TAMS 0x000000008ce00000, 0x000000008ce00000| Untracked 
| 207|0x000000008cf00000, 0x000000008cf00000, 0x000000008d000000|  0%| F|  |TAMS 0x000000008cf00000, 0x000000008cf00000| Untracked 
| 208|0x000000008d000000, 0x000000008d000000, 0x000000008d100000|  0%| F|  |TAMS 0x000000008d000000, 0x000000008d000000| Untracked 
| 209|0x000000008d100000, 0x000000008d100000, 0x000000008d200000|  0%| F|  |TAMS 0x000000008d100000, 0x000000008d100000| Untracked 
| 210|0x000000008d200000, 0x000000008d200000, 0x000000008d300000|  0%| F|  |TAMS 0x000000008d200000, 0x000000008d200000| Untracked 
| 211|0x000000008d300000, 0x000000008d300000, 0x000000008d400000|  0%| F|  |TAMS 0x000000008d300000, 0x000000008d300000| Untracked 
| 212|0x000000008d400000, 0x000000008d400000, 0x000000008d500000|  0%| F|  |TAMS 0x000000008d400000, 0x000000008d400000| Untracked 
| 213|0x000000008d500000, 0x000000008d500000, 0x000000008d600000|  0%| F|  |TAMS 0x000000008d500000, 0x000000008d500000| Untracked 
| 214|0x000000008d600000, 0x000000008d600000, 0x000000008d700000|  0%| F|  |TAMS 0x000000008d600000, 0x000000008d600000| Untracked 
| 215|0x000000008d700000, 0x000000008d700000, 0x000000008d800000|  0%| F|  |TAMS 0x000000008d700000, 0x000000008d700000| Untracked 
| 216|0x000000008d800000, 0x000000008d800000, 0x000000008d900000|  0%| F|  |TAMS 0x000000008d800000, 0x000000008d800000| Untracked 
| 217|0x000000008d900000, 0x000000008d900000, 0x000000008da00000|  0%| F|  |TAMS 0x000000008d900000, 0x000000008d900000| Untracked 
| 218|0x000000008da00000, 0x000000008da00000, 0x000000008db00000|  0%| F|  |TAMS 0x000000008da00000, 0x000000008da00000| Untracked 
| 219|0x000000008db00000, 0x000000008db00000, 0x000000008dc00000|  0%| F|  |TAMS 0x000000008db00000, 0x000000008db00000| Untracked 
| 220|0x000000008dc00000, 0x000000008dc00000, 0x000000008dd00000|  0%| F|  |TAMS 0x000000008dc00000, 0x000000008dc00000| Untracked 
| 221|0x000000008dd00000, 0x000000008dd00000, 0x000000008de00000|  0%| F|  |TAMS 0x000000008dd00000, 0x000000008dd00000| Untracked 
| 222|0x000000008de00000, 0x000000008de00000, 0x000000008df00000|  0%| F|  |TAMS 0x000000008de00000, 0x000000008de00000| Untracked 
| 223|0x000000008df00000, 0x000000008df00000, 0x000000008e000000|  0%| F|  |TAMS 0x000000008df00000, 0x000000008df00000| Untracked 
| 224|0x000000008e000000, 0x000000008e000000, 0x000000008e100000|  0%| F|  |TAMS 0x000000008e000000, 0x000000008e000000| Untracked 
| 225|0x000000008e100000, 0x000000008e100000, 0x000000008e200000|  0%| F|  |TAMS 0x000000008e100000, 0x000000008e100000| Untracked 
| 226|0x000000008e200000, 0x000000008e200000, 0x000000008e300000|  0%| F|  |TAMS 0x000000008e200000, 0x000000008e200000| Untracked 
| 227|0x000000008e300000, 0x000000008e300000, 0x000000008e400000|  0%| F|  |TAMS 0x000000008e300000, 0x000000008e300000| Untracked 
| 228|0x000000008e400000, 0x000000008e400000, 0x000000008e500000|  0%| F|  |TAMS 0x000000008e400000, 0x000000008e400000| Untracked 
| 229|0x000000008e500000, 0x000000008e500000, 0x000000008e600000|  0%| F|  |TAMS 0x000000008e500000, 0x000000008e500000| Untracked 
| 230|0x000000008e600000, 0x000000008e600000, 0x000000008e700000|  0%| F|  |TAMS 0x000000008e600000, 0x000000008e600000| Untracked 
| 231|0x000000008e700000, 0x000000008e700000, 0x000000008e800000|  0%| F|  |TAMS 0x000000008e700000, 0x000000008e700000| Untracked 
| 232|0x000000008e800000, 0x000000008e800000, 0x000000008e900000|  0%| F|  |TAMS 0x000000008e800000, 0x000000008e800000| Untracked 
| 233|0x000000008e900000, 0x000000008e900000, 0x000000008ea00000|  0%| F|  |TAMS 0x000000008e900000, 0x000000008e900000| Untracked 
| 234|0x000000008ea00000, 0x000000008ea00000, 0x000000008eb00000|  0%| F|  |TAMS 0x000000008ea00000, 0x000000008ea00000| Untracked 
| 235|0x000000008eb00000, 0x000000008eb00000, 0x000000008ec00000|  0%| F|  |TAMS 0x000000008eb00000, 0x000000008eb00000| Untracked 
| 236|0x000000008ec00000, 0x000000008ec00000, 0x000000008ed00000|  0%| F|  |TAMS 0x000000008ec00000, 0x000000008ec00000| Untracked 
| 237|0x000000008ed00000, 0x000000008ed00000, 0x000000008ee00000|  0%| F|  |TAMS 0x000000008ed00000, 0x000000008ed00000| Untracked 
| 238|0x000000008ee00000, 0x000000008ee80800, 0x000000008ef00000| 50%| E|  |TAMS 0x000000008ee00000, 0x000000008ee00000| Complete 
| 239|0x000000008ef00000, 0x000000008f000000, 0x000000008f000000|100%| E|CS|TAMS 0x000000008ef00000, 0x000000008ef00000| Complete 
| 240|0x000000008f000000, 0x000000008f100000, 0x000000008f100000|100%| E|CS|TAMS 0x000000008f000000, 0x000000008f000000| Complete 
| 241|0x000000008f100000, 0x000000008f200000, 0x000000008f200000|100%| E|CS|TAMS 0x000000008f100000, 0x000000008f100000| Complete 
| 242|0x000000008f200000, 0x000000008f300000, 0x000000008f300000|100%| E|CS|TAMS 0x000000008f200000, 0x000000008f200000| Complete 
| 243|0x000000008f300000, 0x000000008f400000, 0x000000008f400000|100%| E|CS|TAMS 0x000000008f300000, 0x000000008f300000| Complete 
| 244|0x000000008f400000, 0x000000008f500000, 0x000000008f500000|100%| E|CS|TAMS 0x000000008f400000, 0x000000008f400000| Complete 
| 245|0x000000008f500000, 0x000000008f600000, 0x000000008f600000|100%| E|CS|TAMS 0x000000008f500000, 0x000000008f500000| Complete 
| 246|0x000000008f600000, 0x000000008f700000, 0x000000008f700000|100%| E|CS|TAMS 0x000000008f600000, 0x000000008f600000| Complete 
| 247|0x000000008f700000, 0x000000008f800000, 0x000000008f800000|100%| E|CS|TAMS 0x000000008f700000, 0x000000008f700000| Complete 
| 248|0x000000008f800000, 0x000000008f900000, 0x000000008f900000|100%| E|CS|TAMS 0x000000008f800000, 0x000000008f800000| Complete 
| 249|0x000000008f900000, 0x000000008fa00000, 0x000000008fa00000|100%| E|CS|TAMS 0x000000008f900000, 0x000000008f900000| Complete 
| 250|0x000000008fa00000, 0x000000008fb00000, 0x000000008fb00000|100%| E|CS|TAMS 0x000000008fa00000, 0x000000008fa00000| Complete 
| 251|0x000000008fb00000, 0x000000008fc00000, 0x000000008fc00000|100%| E|CS|TAMS 0x000000008fb00000, 0x000000008fb00000| Complete 
| 252|0x000000008fc00000, 0x000000008fd00000, 0x000000008fd00000|100%| E|  |TAMS 0x000000008fc00000, 0x000000008fc00000| Complete 
| 253|0x000000008fd00000, 0x000000008fe00000, 0x000000008fe00000|100%| E|CS|TAMS 0x000000008fd00000, 0x000000008fd00000| Complete 
| 254|0x000000008fe00000, 0x000000008ff00000, 0x000000008ff00000|100%| E|CS|TAMS 0x000000008fe00000, 0x000000008fe00000| Complete 
| 255|0x000000008ff00000, 0x0000000090000000, 0x0000000090000000|100%| E|CS|TAMS 0x000000008ff00000, 0x000000008ff00000| Complete 
| 256|0x0000000090000000, 0x0000000090100000, 0x0000000090100000|100%| E|CS|TAMS 0x0000000090000000, 0x0000000090000000| Complete 
| 257|0x0000000090100000, 0x0000000090200000, 0x0000000090200000|100%| E|CS|TAMS 0x0000000090100000, 0x0000000090100000| Complete 
| 258|0x0000000090200000, 0x0000000090300000, 0x0000000090300000|100%| E|CS|TAMS 0x0000000090200000, 0x0000000090200000| Complete 
| 259|0x0000000090300000, 0x0000000090400000, 0x0000000090400000|100%| E|CS|TAMS 0x0000000090300000, 0x0000000090300000| Complete 
| 260|0x0000000090400000, 0x0000000090500000, 0x0000000090500000|100%| E|CS|TAMS 0x0000000090400000, 0x0000000090400000| Complete 
| 261|0x0000000090500000, 0x0000000090600000, 0x0000000090600000|100%| E|CS|TAMS 0x0000000090500000, 0x0000000090500000| Complete 
| 262|0x0000000090600000, 0x0000000090700000, 0x0000000090700000|100%| E|CS|TAMS 0x0000000090600000, 0x0000000090600000| Complete 
| 263|0x0000000090700000, 0x0000000090800000, 0x0000000090800000|100%| E|CS|TAMS 0x0000000090700000, 0x0000000090700000| Complete 
| 264|0x0000000090800000, 0x0000000090900000, 0x0000000090900000|100%| E|CS|TAMS 0x0000000090800000, 0x0000000090800000| Complete 
| 265|0x0000000090900000, 0x0000000090a00000, 0x0000000090a00000|100%| E|CS|TAMS 0x0000000090900000, 0x0000000090900000| Complete 
| 266|0x0000000090a00000, 0x0000000090b00000, 0x0000000090b00000|100%| E|CS|TAMS 0x0000000090a00000, 0x0000000090a00000| Complete 
| 267|0x0000000090b00000, 0x0000000090c00000, 0x0000000090c00000|100%| E|CS|TAMS 0x0000000090b00000, 0x0000000090b00000| Complete 
| 268|0x0000000090c00000, 0x0000000090d00000, 0x0000000090d00000|100%| E|CS|TAMS 0x0000000090c00000, 0x0000000090c00000| Complete 
| 269|0x0000000090d00000, 0x0000000090e00000, 0x0000000090e00000|100%| E|CS|TAMS 0x0000000090d00000, 0x0000000090d00000| Complete 
| 270|0x0000000090e00000, 0x0000000090f00000, 0x0000000090f00000|100%| E|CS|TAMS 0x0000000090e00000, 0x0000000090e00000| Complete 
| 271|0x0000000090f00000, 0x0000000091000000, 0x0000000091000000|100%| E|CS|TAMS 0x0000000090f00000, 0x0000000090f00000| Complete 

Card table byte_map: [0x00000173ed720000,0x00000173edb20000] _byte_map_base: 0x00000173ed320000

Marking Bits (Prev, Next): (CMBitMap*) 0x00000173da85ab40, (CMBitMap*) 0x00000173da85ab08
 Prev Bits: [0x00000173eff20000, 0x00000173f1f20000)
 Next Bits: [0x00000173edf20000, 0x00000173eff20000)

Polling page: 0x00000173d87f0000

Metaspace:

Usage:
  Non-class:     45.04 MB capacity,    44.04 MB ( 98%) used,   890.68 KB (  2%) free+waste,   135.81 KB ( <1%) overhead. 
      Class:      6.80 MB capacity,     6.31 MB ( 93%) used,   438.31 KB (  6%) free+waste,    64.56 KB ( <1%) overhead. 
       Both:     51.84 MB capacity,    50.35 MB ( 97%) used,     1.30 MB (  3%) free+waste,   200.38 KB ( <1%) overhead. 

Virtual space:
  Non-class space:       46.00 MB reserved,      45.25 MB ( 98%) committed 
      Class space:        1.00 GB reserved,       6.88 MB ( <1%) committed 
             Both:        1.04 GB reserved,      52.13 MB (  5%) committed 

Chunk freelists:
   Non-Class:  24.00 KB
       Class:  10.00 KB
        Both:  34.00 KB

MaxMetaspaceSize: 17179869184.00 GB
CompressedClassSpaceSize: 1.00 GB

CodeHeap 'non-profiled nmethods': size=120064Kb used=6119Kb max_used=6119Kb free=113944Kb
 bounds [0x00000173e5de0000, 0x00000173e63e0000, 0x00000173ed320000]
CodeHeap 'profiled nmethods': size=120000Kb used=14264Kb max_used=14264Kb free=105735Kb
 bounds [0x00000173de8b0000, 0x00000173df6a0000, 0x00000173e5de0000]
CodeHeap 'non-nmethods': size=5696Kb used=2222Kb max_used=2336Kb free=3473Kb
 bounds [0x00000173de320000, 0x00000173de590000, 0x00000173de8b0000]
 total_blobs=7185 nmethods=6386 adapters=710
 compilation: enabled
              stopped_count=0, restarted_count=0
 full_count=0

Compilation events (20 events):
Event: 30.822 Thread 0x00000173f4433800 6446   !   2       org.codehaus.groovy.reflection.stdclasses.CachedSAMClass::getSAMMethodImpl (151 bytes)
Event: 30.825 Thread 0x00000173f4433800 nmethod 6446 0x00000173df687290 code [0x00000173df687540, 0x00000173df687d28]
Event: 30.825 Thread 0x00000173f4433800 6448       2       org.codehaus.groovy.reflection.CachedClass$8::initValue (127 bytes)
Event: 30.826 Thread 0x00000173f4433800 nmethod 6448 0x00000173df688210 code [0x00000173df6884c0, 0x00000173df688b18]
Event: 30.826 Thread 0x00000173f4433800 6447       2       org.codehaus.groovy.reflection.ClassInfo::createCachedClass (514 bytes)
Event: 30.829 Thread 0x00000173f4433800 nmethod 6447 0x00000173df689010 code [0x00000173df6893c0, 0x00000173df68a858]
Event: 30.836 Thread 0x00000173f4433800 6449       2       org.codehaus.groovy.reflection.CachedClass$4::initValue (63 bytes)
Event: 30.837 Thread 0x00000173f4433800 nmethod 6449 0x00000173df68b090 code [0x00000173df68b2a0, 0x00000173df68b5c8]
Event: 30.846 Thread 0x00000173f4433800 6450       2       com.google.common.collect.MapMakerInternalMap$Segment::getLiveEntry (7 bytes)
Event: 30.846 Thread 0x00000173f4433800 nmethod 6450 0x00000173df68b810 code [0x00000173df68b9c0, 0x00000173df68bac8]
Event: 30.846 Thread 0x00000173f4433800 6451       2       com.google.common.collect.MapMakerInternalMap$Segment::postReadCleanup (18 bytes)
Event: 30.846 Thread 0x00000173f4433800 nmethod 6451 0x00000173df68bb90 code [0x00000173df68bd40, 0x00000173df68be68]
Event: 30.846 Thread 0x00000173f4433800 6452   !   2       com.google.common.collect.MapMakerInternalMap$Segment::get (58 bytes)
Event: 30.847 Thread 0x00000173f4433800 nmethod 6452 0x00000173df68bf90 code [0x00000173df68c1c0, 0x00000173df68c548]
Event: 30.848 Thread 0x00000173f4433800 6453       2       java.util.stream.Nodes$SpinedNodeBuilder::begin (38 bytes)
Event: 30.848 Thread 0x00000173f4433800 nmethod 6453 0x00000173df68ca10 code [0x00000173df68cbe0, 0x00000173df68cd18]
Event: 30.848 Thread 0x00000173f4433800 6454       2       java.util.stream.Nodes$SpinedNodeBuilder::end (29 bytes)
Event: 30.848 Thread 0x00000173f4433800 nmethod 6454 0x00000173df68ce10 code [0x00000173df68cfc0, 0x00000173df68d0b8]
Event: 30.858 Thread 0x00000173f4433800 6455       2       java.lang.invoke.LambdaForm$MH/0x00000001000e1040::invoke (155 bytes)
Event: 30.858 Thread 0x00000173f4433800 nmethod 6455 0x00000173df68d190 code [0x00000173df68d3c0, 0x00000173df68d7d8]

GC Heap History (20 events):
Event: 19.684 GC heap before
{Heap before GC invocations=53 (full 0):
 garbage-first heap   total 231424K, used 191185K [0x0000000080000000, 0x0000000100000000)
  region size 1024K, 131 young (134144K), 9 survivors (9216K)
 Metaspace       used 48897K, capacity 50268K, committed 50304K, reserved 1093632K
  class space    used 6267K, capacity 6759K, committed 6784K, reserved 1048576K
}
Event: 19.696 GC heap after
{Heap after GC invocations=54 (full 0):
 garbage-first heap   total 231424K, used 66099K [0x0000000080000000, 0x0000000100000000)
  region size 1024K, 9 young (9216K), 9 survivors (9216K)
 Metaspace       used 48897K, capacity 50268K, committed 50304K, reserved 1093632K
  class space    used 6267K, capacity 6759K, committed 6784K, reserved 1048576K
}
Event: 20.250 GC heap before
{Heap before GC invocations=54 (full 0):
 garbage-first heap   total 231424K, used 191027K [0x0000000080000000, 0x0000000100000000)
  region size 1024K, 132 young (135168K), 9 survivors (9216K)
 Metaspace       used 48899K, capacity 50269K, committed 50304K, reserved 1093632K
  class space    used 6267K, capacity 6759K, committed 6784K, reserved 1048576K
}
Event: 20.263 GC heap after
{Heap after GC invocations=55 (full 0):
 garbage-first heap   total 231424K, used 65850K [0x0000000080000000, 0x0000000100000000)
  region size 1024K, 9 young (9216K), 9 survivors (9216K)
 Metaspace       used 48899K, capacity 50269K, committed 50304K, reserved 1093632K
  class space    used 6267K, capacity 6759K, committed 6784K, reserved 1048576K
}
Event: 21.072 GC heap before
{Heap before GC invocations=55 (full 0):
 garbage-first heap   total 231424K, used 193850K [0x0000000080000000, 0x0000000100000000)
  region size 1024K, 134 young (137216K), 9 survivors (9216K)
 Metaspace       used 48902K, capacity 50269K, committed 50304K, reserved 1093632K
  class space    used 6267K, capacity 6759K, committed 6784K, reserved 1048576K
}
Event: 21.087 GC heap after
{Heap after GC invocations=56 (full 0):
 garbage-first heap   total 278528K, used 67370K [0x0000000080000000, 0x0000000100000000)
  region size 1024K, 10 young (10240K), 10 survivors (10240K)
 Metaspace       used 48902K, capacity 50269K, committed 50304K, reserved 1093632K
  class space    used 6267K, capacity 6759K, committed 6784K, reserved 1048576K
}
Event: 22.467 GC heap before
{Heap before GC invocations=56 (full 0):
 garbage-first heap   total 278528K, used 223018K [0x0000000080000000, 0x0000000100000000)
  region size 1024K, 163 young (166912K), 10 survivors (10240K)
 Metaspace       used 48905K, capacity 50269K, committed 50304K, reserved 1093632K
  class space    used 6267K, capacity 6759K, committed 6784K, reserved 1048576K
}
Event: 22.486 GC heap after
{Heap after GC invocations=57 (full 0):
 garbage-first heap   total 278528K, used 68791K [0x0000000080000000, 0x0000000100000000)
  region size 1024K, 11 young (11264K), 11 survivors (11264K)
 Metaspace       used 48905K, capacity 50269K, committed 50304K, reserved 1093632K
  class space    used 6267K, capacity 6759K, committed 6784K, reserved 1048576K
}
Event: 24.041 GC heap before
{Heap before GC invocations=57 (full 0):
 garbage-first heap   total 278528K, used 224439K [0x0000000080000000, 0x0000000100000000)
  region size 1024K, 163 young (166912K), 11 survivors (11264K)
 Metaspace       used 48906K, capacity 50269K, committed 50304K, reserved 1093632K
  class space    used 6267K, capacity 6759K, committed 6784K, reserved 1048576K
}
Event: 24.058 GC heap after
{Heap after GC invocations=58 (full 0):
 garbage-first heap   total 278528K, used 70403K [0x0000000080000000, 0x0000000100000000)
  region size 1024K, 13 young (13312K), 13 survivors (13312K)
 Metaspace       used 48906K, capacity 50269K, committed 50304K, reserved 1093632K
  class space    used 6267K, capacity 6759K, committed 6784K, reserved 1048576K
}
Event: 25.555 GC heap before
{Heap before GC invocations=58 (full 0):
 garbage-first heap   total 278528K, used 224003K [0x0000000080000000, 0x0000000100000000)
  region size 1024K, 163 young (166912K), 13 survivors (13312K)
 Metaspace       used 48906K, capacity 50269K, committed 50304K, reserved 1093632K
  class space    used 6267K, capacity 6759K, committed 6784K, reserved 1048576K
}
Event: 25.576 GC heap after
{Heap after GC invocations=59 (full 0):
 garbage-first heap   total 278528K, used 72057K [0x0000000080000000, 0x0000000100000000)
  region size 1024K, 12 young (12288K), 12 survivors (12288K)
 Metaspace       used 48906K, capacity 50269K, committed 50304K, reserved 1093632K
  class space    used 6267K, capacity 6759K, committed 6784K, reserved 1048576K
}
Event: 26.370 GC heap before
{Heap before GC invocations=59 (full 0):
 garbage-first heap   total 278528K, used 225657K [0x0000000080000000, 0x0000000100000000)
  region size 1024K, 163 young (166912K), 12 survivors (12288K)
 Metaspace       used 48907K, capacity 50269K, committed 50304K, reserved 1093632K
  class space    used 6267K, capacity 6759K, committed 6784K, reserved 1048576K
}
Event: 26.385 GC heap after
{Heap after GC invocations=60 (full 0):
 garbage-first heap   total 278528K, used 72569K [0x0000000080000000, 0x0000000100000000)
  region size 1024K, 12 young (12288K), 12 survivors (12288K)
 Metaspace       used 48907K, capacity 50269K, committed 50304K, reserved 1093632K
  class space    used 6267K, capacity 6759K, committed 6784K, reserved 1048576K
}
Event: 28.034 GC heap before
{Heap before GC invocations=60 (full 0):
 garbage-first heap   total 278528K, used 230265K [0x0000000080000000, 0x0000000100000000)
  region size 1024K, 163 young (166912K), 12 survivors (12288K)
 Metaspace       used 48925K, capacity 50270K, committed 50304K, reserved 1093632K
  class space    used 6267K, capacity 6759K, committed 6784K, reserved 1048576K
}
Event: 28.042 GC heap after
{Heap after GC invocations=61 (full 0):
 garbage-first heap   total 278528K, used 66809K [0x0000000080000000, 0x0000000100000000)
  region size 1024K, 3 young (3072K), 3 survivors (3072K)
 Metaspace       used 48925K, capacity 50270K, committed 50304K, reserved 1093632K
  class space    used 6267K, capacity 6759K, committed 6784K, reserved 1048576K
}
Event: 28.884 GC heap before
{Heap before GC invocations=61 (full 0):
 garbage-first heap   total 278528K, used 230649K [0x0000000080000000, 0x0000000100000000)
  region size 1024K, 163 young (166912K), 3 survivors (3072K)
 Metaspace       used 48925K, capacity 50270K, committed 50304K, reserved 1093632K
  class space    used 6267K, capacity 6759K, committed 6784K, reserved 1048576K
}
Event: 28.891 GC heap after
{Heap after GC invocations=62 (full 0):
 garbage-first heap   total 278528K, used 68857K [0x0000000080000000, 0x0000000100000000)
  region size 1024K, 5 young (5120K), 5 survivors (5120K)
 Metaspace       used 48925K, capacity 50270K, committed 50304K, reserved 1093632K
  class space    used 6267K, capacity 6759K, committed 6784K, reserved 1048576K
}
Event: 30.006 GC heap before
{Heap before GC invocations=62 (full 0):
 garbage-first heap   total 278528K, used 232697K [0x0000000080000000, 0x0000000100000000)
  region size 1024K, 163 young (166912K), 5 survivors (5120K)
 Metaspace       used 49036K, capacity 50401K, committed 50560K, reserved 1093632K
  class space    used 6268K, capacity 6759K, committed 6784K, reserved 1048576K
}
Event: 30.009 GC heap after
{Heap after GC invocations=63 (full 0):
 garbage-first heap   total 278528K, used 65725K [0x0000000080000000, 0x0000000100000000)
  region size 1024K, 2 young (2048K), 2 survivors (2048K)
 Metaspace       used 49036K, capacity 50401K, committed 50560K, reserved 1093632K
  class space    used 6268K, capacity 6759K, committed 6784K, reserved 1048576K
}

Deoptimization events (20 events):
Event: 30.473 Thread 0x00000173f7148000 DEOPT PACKING pc=0x00000173e63b7298 sp=0x000000394d0f87b0
Event: 30.473 Thread 0x00000173f7148000 DEOPT UNPACKING pc=0x00000173de3465af sp=0x000000394d0f8768 mode 2
Event: 30.473 Thread 0x00000173f7148000 Uncommon trap: trap_request=0xffffffde fr.pc=0x00000173e63b7298 relative=0x0000000000000b18
Event: 30.473 Thread 0x00000173f7148000 Uncommon trap: reason=class_check action=maybe_recompile pc=0x00000173e63b7298 method=java.util.ComparableTimSort.gallopRight(Ljava/lang/Comparable;[Ljava/lang/Object;III)I @ 42 c2
Event: 30.473 Thread 0x00000173f7148000 DEOPT PACKING pc=0x00000173e63b7298 sp=0x000000394d0f88a0
Event: 30.473 Thread 0x00000173f7148000 DEOPT UNPACKING pc=0x00000173de3465af sp=0x000000394d0f8830 mode 2
Event: 30.473 Thread 0x00000173f7148000 Uncommon trap: trap_request=0xffffffde fr.pc=0x00000173e63b7298 relative=0x0000000000000b18
Event: 30.473 Thread 0x00000173f7148000 Uncommon trap: reason=class_check action=maybe_recompile pc=0x00000173e63b7298 method=java.util.ComparableTimSort.gallopRight(Ljava/lang/Comparable;[Ljava/lang/Object;III)I @ 42 c2
Event: 30.473 Thread 0x00000173f7148000 DEOPT PACKING pc=0x00000173e63b7298 sp=0x000000394d0f88a0
Event: 30.473 Thread 0x00000173f7148000 DEOPT UNPACKING pc=0x00000173de3465af sp=0x000000394d0f8830 mode 2
Event: 30.523 Thread 0x00000173f7148000 Uncommon trap: trap_request=0xffffff4d fr.pc=0x00000173e61bc018 relative=0x0000000000000cd8
Event: 30.523 Thread 0x00000173f7148000 Uncommon trap: reason=unstable_if action=reinterpret pc=0x00000173e61bc018 method=java.lang.ClassLoader.checkCerts(Ljava/lang/String;Ljava/security/CodeSource;)V @ 29 c2
Event: 30.523 Thread 0x00000173f7148000 DEOPT PACKING pc=0x00000173e61bc018 sp=0x000000394d0f73c0
Event: 30.524 Thread 0x00000173f7148000 DEOPT UNPACKING pc=0x00000173de3465af sp=0x000000394d0f7318 mode 2
Event: 30.524 Thread 0x00000173f7148000 Uncommon trap: trap_request=0xffffff4d fr.pc=0x00000173e61bf170 relative=0x0000000000001410
Event: 30.530 Thread 0x00000173f7148000 Uncommon trap: reason=unstable_if action=reinterpret pc=0x00000173e61bf170 method=java.lang.ClassLoader.postDefineClass(Ljava/lang/Class;Ljava/security/ProtectionDomain;)V @ 17 c2
Event: 30.531 Thread 0x00000173f7148000 DEOPT PACKING pc=0x00000173e61bf170 sp=0x000000394d0f73c0
Event: 30.531 Thread 0x00000173f7148000 DEOPT UNPACKING pc=0x00000173de3465af sp=0x000000394d0f73b0 mode 2
Event: 30.669 Thread 0x00000173f7148000 DEOPT PACKING pc=0x00000173deb29617 sp=0x000000394d0f7a80
Event: 30.669 Thread 0x00000173f7148000 DEOPT UNPACKING pc=0x00000173de346d5e sp=0x000000394d0f7008 mode 0

Classes redefined (0 events):
No events

Internal exceptions (20 events):
Event: 30.683 Thread 0x00000173f7148000 Exception <a 'java/lang/ClassNotFoundException'{0x000000008f933c80}: org/jetbrains/plugins/gradle/tooling/AbstractModelBuilderServiceCustomizer> (0x000000008f933c80) thrown at [./src/hotspot/share/classfile/systemDictionary.cpp, line 231]
Event: 30.685 Thread 0x00000173f7148000 Exception <a 'java/lang/ClassNotFoundException'{0x000000008f9443f0}: org/jetbrains/plugins/gradle/tooling/builder/WarModelBuilderImplCustomizer> (0x000000008f9443f0) thrown at [./src/hotspot/share/classfile/systemDictionary.cpp, line 231]
Event: 30.699 Thread 0x00000173f7148000 Exception <a 'java/lang/ClassNotFoundException'{0x000000008f9b5cf0}: org/jetbrains/plugins/gradle/tooling/builder/EarModelBuilderImplBeanInfo> (0x000000008f9b5cf0) thrown at [./src/hotspot/share/classfile/systemDictionary.cpp, line 231]
Event: 30.699 Thread 0x00000173f7148000 Exception <a 'java/lang/ClassNotFoundException'{0x000000008f9c35c8}: org/jetbrains/plugins/gradle/tooling/builder/EarModelBuilderImplCustomizer> (0x000000008f9c35c8) thrown at [./src/hotspot/share/classfile/systemDictionary.cpp, line 231]
Event: 30.721 Thread 0x00000173f7148000 Exception <a 'java/lang/ClassNotFoundException'{0x000000008f8c1ca8}: org/jetbrains/plugins/gradle/tooling/builder/ScalaModelBuilderImplBeanInfo> (0x000000008f8c1ca8) thrown at [./src/hotspot/share/classfile/systemDictionary.cpp, line 231]
Event: 30.722 Thread 0x00000173f7148000 Exception <a 'java/lang/ClassNotFoundException'{0x000000008f8cf688}: org/jetbrains/plugins/gradle/tooling/builder/ScalaModelBuilderImplCustomizer> (0x000000008f8cf688) thrown at [./src/hotspot/share/classfile/systemDictionary.cpp, line 231]
Event: 30.734 Thread 0x00000173f7148000 Exception <a 'java/lang/ClassNotFoundException'{0x000000008f73fb10}: org/jetbrains/plugins/gradle/tooling/builder/ExternalProjectBuilderImpl$1BeanInfo> (0x000000008f73fb10) thrown at [./src/hotspot/share/classfile/systemDictionary.cpp, line 231]
Event: 30.735 Thread 0x00000173f7148000 Exception <a 'java/lang/ClassNotFoundException'{0x000000008f74d7f8}: org/jetbrains/plugins/gradle/tooling/builder/ExternalProjectBuilderImpl$1Customizer> (0x000000008f74d7f8) thrown at [./src/hotspot/share/classfile/systemDictionary.cpp, line 231]
Event: 30.747 Thread 0x00000173f7148000 Exception <a 'java/lang/ClassNotFoundException'{0x000000008f7bf6c0}: org/jetbrains/plugins/gradle/tooling/builder/ExternalProjectBuilderImplBeanInfo> (0x000000008f7bf6c0) thrown at [./src/hotspot/share/classfile/systemDictionary.cpp, line 231]
Event: 30.747 Thread 0x00000173f7148000 Exception <a 'java/lang/ClassNotFoundException'{0x000000008f7cd1c0}: org/jetbrains/plugins/gradle/tooling/builder/ExternalProjectBuilderImplCustomizer> (0x000000008f7cd1c0) thrown at [./src/hotspot/share/classfile/systemDictionary.cpp, line 231]
Event: 30.755 Thread 0x00000173f7148000 Exception <a 'java/lang/ClassNotFoundException'{0x000000008f627490}: org/jetbrains/plugins/gradle/tooling/builder/DependencyGraphModelBuilderImplBeanInfo> (0x000000008f627490) thrown at [./src/hotspot/share/classfile/systemDictionary.cpp, line 231]
Event: 30.756 Thread 0x00000173f7148000 Exception <a 'java/lang/ClassNotFoundException'{0x000000008f6351f8}: org/jetbrains/plugins/gradle/tooling/builder/DependencyGraphModelBuilderImplCustomizer> (0x000000008f6351f8) thrown at [./src/hotspot/share/classfile/systemDictionary.cpp, line 231]
Event: 30.772 Thread 0x00000173f7148000 Exception <a 'java/lang/ClassNotFoundException'{0x000000008f6e4fc0}: org/jetbrains/plugins/gradle/tooling/builder/ExternalTestsModelBuilderImplBeanInfo> (0x000000008f6e4fc0) thrown at [./src/hotspot/share/classfile/systemDictionary.cpp, line 231]
Event: 30.773 Thread 0x00000173f7148000 Exception <a 'java/lang/ClassNotFoundException'{0x000000008f6f2cb0}: org/jetbrains/plugins/gradle/tooling/builder/ExternalTestsModelBuilderImplCustomizer> (0x000000008f6f2cb0) thrown at [./src/hotspot/share/classfile/systemDictionary.cpp, line 231]
Event: 30.846 Thread 0x00000173f7148000 Exception <a 'java/lang/ClassNotFoundException'{0x000000008f367ac8}: org/jetbrains/plugins/gradle/tooling/builder/ProjectExtensionsDataBuilderImplBeanInfo> (0x000000008f367ac8) thrown at [./src/hotspot/share/classfile/systemDictionary.cpp, line 231]
Event: 30.847 Thread 0x00000173f7148000 Exception <a 'java/lang/ClassNotFoundException'{0x000000008f375850}: org/jetbrains/plugins/gradle/tooling/builder/ProjectExtensionsDataBuilderImplCustomizer> (0x000000008f375850) thrown at [./src/hotspot/share/classfile/systemDictionary.cpp, line 231]
Event: 30.852 Thread 0x00000173f7148000 Exception <a 'java/lang/ClassNotFoundException'{0x000000008f3ae958}: org/jetbrains/plugins/gradle/tooling/builder/IntelliJSettingsBuilderBeanInfo> (0x000000008f3ae958) thrown at [./src/hotspot/share/classfile/systemDictionary.cpp, line 231]
Event: 30.853 Thread 0x00000173f7148000 Exception <a 'java/lang/ClassNotFoundException'{0x000000008f3bc3b0}: org/jetbrains/plugins/gradle/tooling/builder/IntelliJSettingsBuilderCustomizer> (0x000000008f3bc3b0) thrown at [./src/hotspot/share/classfile/systemDictionary.cpp, line 231]
Event: 30.857 Thread 0x00000173f7148000 Exception <a 'java/lang/ClassNotFoundException'{0x000000008f3f5710}: org/jetbrains/plugins/gradle/tooling/builder/IntelliJProjectSettingsBuilderBeanInfo> (0x000000008f3f5710) thrown at [./src/hotspot/share/classfile/systemDictionary.cpp, line 231]
Event: 30.858 Thread 0x00000173f7148000 Exception <a 'java/lang/ClassNotFoundException'{0x000000008f203910}: org/jetbrains/plugins/gradle/tooling/builder/IntelliJProjectSettingsBuilderCustomizer> (0x000000008f203910) thrown at [./src/hotspot/share/classfile/systemDictionary.cpp, line 231]

Events (20 events):
Event: 30.854 loading class org/jetbrains/plugins/gradle/tooling/builder/IntelliJProjectSettingsBuilder
Event: 30.854 loading class org/jetbrains/plugins/gradle/tooling/builder/IntelliJProjectSettingsBuilder done
Event: 30.855 loading class groovy/runtime/metaclass/org/jetbrains/plugins/gradle/tooling/builder/IntelliJProjectSettingsBuilderMetaClass
Event: 30.855 loading class groovy/runtime/metaclass/org/jetbrains/plugins/gradle/tooling/builder/IntelliJProjectSettingsBuilderMetaClass done
Event: 30.857 loading class org/jetbrains/plugins/gradle/tooling/builder/IntelliJProjectSettingsBuilderBeanInfo
Event: 30.857 loading class org/jetbrains/plugins/gradle/tooling/builder/IntelliJProjectSettingsBuilderBeanInfo done
Event: 30.857 loading class org/jetbrains/plugins/gradle/tooling/builder/IntelliJProjectSettingsBuilderBeanInfo
Event: 30.857 loading class org/jetbrains/plugins/gradle/tooling/builder/IntelliJProjectSettingsBuilderBeanInfo done
Event: 30.858 loading class org/jetbrains/plugins/gradle/tooling/builder/IntelliJProjectSettingsBuilderCustomizer
Event: 30.858 loading class org/jetbrains/plugins/gradle/tooling/builder/IntelliJProjectSettingsBuilderCustomizer done
Event: 30.858 loading class org/jetbrains/plugins/gradle/tooling/builder/IntelliJProjectSettingsBuilderCustomizer
Event: 30.858 loading class org/jetbrains/plugins/gradle/tooling/builder/IntelliJProjectSettingsBuilderCustomizer done
Event: 30.859 loading class org/jetbrains/plugins/gradle/tooling/builder/MavenRepositoriesModelBuilder
Event: 30.859 loading class org/jetbrains/plugins/gradle/tooling/builder/MavenRepositoriesModelBuilder done
Event: 30.860 loading class org/jetbrains/plugins/gradle/model/RepositoriesModel
Event: 30.860 loading class org/jetbrains/plugins/gradle/model/RepositoriesModel done
Event: 30.861 loading class org/jetbrains/plugins/gradle/model/MavenRepositoryModel
Event: 30.861 loading class org/jetbrains/plugins/gradle/model/MavenRepositoryModel done
Event: 30.863 loading class groovy/runtime/metaclass/java/util/concurrent/CopyOnWriteArrayListMetaClass
Event: 30.863 loading class groovy/runtime/metaclass/java/util/concurrent/CopyOnWriteArrayListMetaClass done


Dynamic libraries:
0x00007ff68a6d0000 - 0x00007ff68a6da000 	C:\Program Files\Android\Android Studio\jre\bin\java.exe
0x00007ffebf8b0000 - 0x00007ffebfaa5000 	C:\Windows\SYSTEM32\ntdll.dll
0x00007ffebf6d0000 - 0x00007ffebf78e000 	C:\Windows\System32\KERNEL32.DLL
0x00007ffebd630000 - 0x00007ffebd8f8000 	C:\Windows\System32\KERNELBASE.dll
0x00007ffebcfc0000 - 0x00007ffebd0c0000 	C:\Windows\System32\ucrtbase.dll
0x00007ffeb1c10000 - 0x00007ffeb1c27000 	C:\Program Files\Android\Android Studio\jre\bin\VCRUNTIME140.dll
0x00007ffeb1bf0000 - 0x00007ffeb1c09000 	C:\Program Files\Android\Android Studio\jre\bin\jli.dll
0x00007ffebdf20000 - 0x00007ffebe0c0000 	C:\Windows\System32\USER32.dll
0x00007ffebd600000 - 0x00007ffebd622000 	C:\Windows\System32\win32u.dll
0x00007ffebc390000 - 0x00007ffebc62a000 	C:\Windows\WinSxS\amd64_microsoft.windows.common-controls_6595b64144ccf1df_6.0.19041.1110_none_60b5254171f9507e\COMCTL32.dll
0x00007ffebed00000 - 0x00007ffebed2b000 	C:\Windows\System32\GDI32.dll
0x00007ffebe3c0000 - 0x00007ffebe45e000 	C:\Windows\System32\msvcrt.dll
0x00007ffebd280000 - 0x00007ffebd38d000 	C:\Windows\System32\gdi32full.dll
0x00007ffebd0c0000 - 0x00007ffebd15d000 	C:\Windows\System32\msvcp_win.dll
0x00007ffebf6a0000 - 0x00007ffebf6d0000 	C:\Windows\System32\IMM32.DLL
0x00007ffe90a30000 - 0x00007ffe90acd000 	C:\Program Files\Android\Android Studio\jre\bin\msvcp140.dll
0x00007ffe91330000 - 0x00007ffe91e05000 	C:\Program Files\Android\Android Studio\jre\bin\server\jvm.dll
0x00007ffebf3f0000 - 0x00007ffebf49e000 	C:\Windows\System32\ADVAPI32.dll
0x00007ffebec60000 - 0x00007ffebecfc000 	C:\Windows\System32\sechost.dll
0x00007ffebee90000 - 0x00007ffebefb5000 	C:\Windows\System32\RPCRT4.dll
0x00007ffebf4a0000 - 0x00007ffebf4a8000 	C:\Windows\System32\PSAPI.DLL
0x00007ffebadf0000 - 0x00007ffebadf9000 	C:\Windows\SYSTEM32\WSOCK32.dll
0x00007ffead170000 - 0x00007ffead197000 	C:\Windows\SYSTEM32\WINMM.dll
0x00007ffebe2d0000 - 0x00007ffebe33b000 	C:\Windows\System32\WS2_32.dll
0x00007ffeb9d40000 - 0x00007ffeb9d4a000 	C:\Windows\SYSTEM32\VERSION.dll
0x00007ffeba1d0000 - 0x00007ffeba1e2000 	C:\Windows\SYSTEM32\kernel.appcore.dll
0x00007ffebadd0000 - 0x00007ffebade1000 	C:\Program Files\Android\Android Studio\jre\bin\verify.dll
0x00007ffebc9e0000 - 0x00007ffebcbc4000 	C:\Windows\SYSTEM32\DBGHELP.DLL
0x00007ffebc790000 - 0x00007ffebc7bc000 	C:\Windows\SYSTEM32\dbgcore.DLL
0x00007ffebd520000 - 0x00007ffebd5a2000 	C:\Windows\System32\bcryptPrimitives.dll
0x00007ffebada0000 - 0x00007ffebadc9000 	C:\Program Files\Android\Android Studio\jre\bin\java.dll
0x00007ffebad90000 - 0x00007ffebad9b000 	C:\Program Files\Android\Android Studio\jre\bin\jimage.dll
0x00007ffebad70000 - 0x00007ffebad88000 	C:\Program Files\Android\Android Studio\jre\bin\zip.dll
0x00007ffebe460000 - 0x00007ffebeba4000 	C:\Windows\System32\SHELL32.dll
0x00007ffeba3d0000 - 0x00007ffebab64000 	C:\Windows\SYSTEM32\windows.storage.dll
0x00007ffebefc0000 - 0x00007ffebf315000 	C:\Windows\System32\combase.dll
0x00007ffebc320000 - 0x00007ffebc34e000 	C:\Windows\SYSTEM32\Wldp.dll
0x00007ffebdd80000 - 0x00007ffebde2d000 	C:\Windows\System32\SHCORE.dll
0x00007ffebde30000 - 0x00007ffebde85000 	C:\Windows\System32\shlwapi.dll
0x00007ffebcf00000 - 0x00007ffebcf1f000 	C:\Windows\SYSTEM32\profapi.dll
0x00007ffebad50000 - 0x00007ffebad6a000 	C:\Program Files\Android\Android Studio\jre\bin\net.dll
0x00007ffeb1da0000 - 0x00007ffeb1eac000 	C:\Windows\SYSTEM32\WINHTTP.dll
0x00007ffebc1f0000 - 0x00007ffebc25a000 	C:\Windows\system32\mswsock.dll
0x00007ffebad30000 - 0x00007ffebad44000 	C:\Program Files\Android\Android Studio\jre\bin\nio.dll
0x00007ffeb1250000 - 0x00007ffeb1277000 	C:\Users\kamra\.gradle\native\e1d6ef7f7dcc3fd88c89a11ec53ec762bb8ba0a96d01ffa2cd45eb1d1d8dd5c5\windows-amd64\native-platform.dll
0x00007ffe81e20000 - 0x00007ffe81f64000 	C:\Users\kamra\.gradle\native\5664cfc778a61ccfe75a443a1ab52a65af34e5dc3c78e0209fed803814484fcb\windows-amd64\native-platform-file-events.dll
0x00007ffebad20000 - 0x00007ffebad2a000 	C:\Program Files\Android\Android Studio\jre\bin\management.dll
0x00007ffebad10000 - 0x00007ffebad1d000 	C:\Program Files\Android\Android Studio\jre\bin\management_ext.dll
0x00007ffebcd40000 - 0x00007ffebcd58000 	C:\Windows\SYSTEM32\CRYPTSP.dll
0x00007ffebba20000 - 0x00007ffebba54000 	C:\Windows\system32\rsaenh.dll
0x00007ffebd390000 - 0x00007ffebd3b7000 	C:\Windows\System32\bcrypt.dll
0x00007ffebce80000 - 0x00007ffebceae000 	C:\Windows\SYSTEM32\USERENV.dll
0x00007ffebc2e0000 - 0x00007ffebc2ec000 	C:\Windows\SYSTEM32\CRYPTBASE.dll
0x00007ffebbd70000 - 0x00007ffebbdab000 	C:\Windows\SYSTEM32\IPHLPAPI.DLL
0x00007ffebee80000 - 0x00007ffebee88000 	C:\Windows\System32\NSI.dll
0x00007ffeb49f0000 - 0x00007ffeb4a07000 	C:\Windows\SYSTEM32\dhcpcsvc6.DLL
0x00007ffeb5c70000 - 0x00007ffeb5c8d000 	C:\Windows\SYSTEM32\dhcpcsvc.DLL
0x00007ffebbdb0000 - 0x00007ffebbe7b000 	C:\Windows\SYSTEM32\DNSAPI.dll

dbghelp: loaded successfully - version: 4.0.5 - missing functions: none
symbol engine: initialized successfully - sym options: 0x614 - pdb path: .;C:\Program Files\Android\Android Studio\jre\bin;C:\Windows\SYSTEM32;C:\Windows\WinSxS\amd64_microsoft.windows.common-controls_6595b64144ccf1df_6.0.19041.1110_none_60b5254171f9507e;C:\Program Files\Android\Android Studio\jre\bin\server;C:\Users\kamra\.gradle\native\e1d6ef7f7dcc3fd88c89a11ec53ec762bb8ba0a96d01ffa2cd45eb1d1d8dd5c5\windows-amd64;C:\Users\kamra\.gradle\native\5664cfc778a61ccfe75a443a1ab52a65af34e5dc3c78e0209fed803814484fcb\windows-amd64

VM Arguments:
jvm_args: --add-opens=java.base/java.util=ALL-UNNAMED --add-opens=java.base/java.lang=ALL-UNNAMED --add-opens=java.base/java.lang.invoke=ALL-UNNAMED --add-opens=java.base/java.util=ALL-UNNAMED --add-opens=java.prefs/java.util.prefs=ALL-UNNAMED --add-opens=java.prefs/java.util.prefs=ALL-UNNAMED --add-opens=java.base/java.nio.charset=ALL-UNNAMED --add-opens=java.base/java.net=ALL-UNNAMED --add-opens=java.base/java.util.concurrent.atomic=ALL-UNNAMED -Xmx2048m -Dfile.encoding=UTF-8 -Duser.country=US -Duser.language=en -Duser.variant 
java_command: org.gradle.launcher.daemon.bootstrap.GradleDaemon 7.2
java_class_path (initial): C:\Users\kamra\.gradle\wrapper\dists\gradle-7.2-bin\2dnblmf4td7x66yl1d74lt32g\gradle-7.2\lib\gradle-launcher-7.2.jar
Launcher Type: SUN_STANDARD

[Global flags]
     intx CICompilerCount                          = 3                                         {product} {ergonomic}
     uint ConcGCThreads                            = 1                                         {product} {ergonomic}
     uint G1ConcRefinementThreads                  = 4                                         {product} {ergonomic}
   size_t G1HeapRegionSize                         = 1048576                                   {product} {ergonomic}
    uintx GCDrainStackTargetSize                   = 64                                        {product} {ergonomic}
   size_t InitialHeapSize                          = 65011712                                  {product} {ergonomic}
   size_t MarkStackSize                            = 4194304                                   {product} {ergonomic}
   size_t MaxHeapSize                              = 2147483648                                {product} {command line}
   size_t MaxNewSize                               = 1287651328                                {product} {ergonomic}
   size_t MinHeapDeltaBytes                        = 1048576                                   {product} {ergonomic}
    uintx NonNMethodCodeHeapSize                   = 5830732                                {pd product} {ergonomic}
    uintx NonProfiledCodeHeapSize                  = 122913754                              {pd product} {ergonomic}
    uintx ProfiledCodeHeapSize                     = 122913754                              {pd product} {ergonomic}
    uintx ReservedCodeCacheSize                    = 251658240                              {pd product} {ergonomic}
     bool SegmentedCodeCache                       = true                                      {product} {ergonomic}
     bool UseCompressedClassPointers               = true                                 {lp64_product} {ergonomic}
     bool UseCompressedOops                        = true                                 {lp64_product} {ergonomic}
     bool UseG1GC                                  = true                                      {product} {ergonomic}
     bool UseLargePagesIndividualAllocation        = false                                  {pd product} {ergonomic}

Logging:
Log output configuration:
 #0: stdout all=warning uptime,level,tags
 #1: stderr all=off uptime,level,tags

Environment Variables:
JAVA_HOME=C:\Program Files\Java\jdk-11
PATH=C:\Windows\system32;C:\Windows;C:\Windows\System32\Wbem;C:\Windows\System32\WindowsPowerShell\v1.0\;C:\Windows\System32\OpenSSH\;C:\Program Files\Java\jdk-11\bin;C:\Users\kamra\AppData\Local\Microsoft\WindowsApps;
USERNAME=kamra
OS=Windows_NT
PROCESSOR_IDENTIFIER=Intel64 Family 6 Model 58 Stepping 9, GenuineIntel



---------------  S Y S T E M  ---------------

OS: Windows 10 , 64 bit Build 19041 (10.0.19041.1503)
OS uptime: 0 days 0:16 hours

CPU:total 4 (initial active 4) (2 cores per cpu, 2 threads per core) family 6 model 58 stepping 9 microcode 0x21, cmov, cx8, fxsr, mmx, sse, sse2, sse3, ssse3, sse4.1, sse4.2, popcnt, avx, aes, clmul, erms, ht, tsc, tscinvbit, tscinv

Memory: 4k page, system-wide physical 3959M (323M free)
TotalPageFile size 5367M (AvailPageFile size 1527M)
current process WorkingSet (physical memory assigned to process): 454M, peak: 486M
current process commit charge ("private bytes"): 483M, peak: 516M

vm_info: OpenJDK 64-Bit Server VM (11.0.11+9-b60-7590822) for windows-amd64 JRE (11.0.11+9-b60-7590822), built on Jul 29 2021 21:43:44 by "builder" with MS VC++ 14.0 (VS2015)

END.
